SECS Emulator v1.5  2001/09/05
HSMS Communication Started!
HSMS Communication Disconnected!
SECS Emulator v1.5  2001/09/05
HSMS Communication Started!
HSMS Communication Disconnected!
SECS Emulator v1.5  2001/09/05
HSMS Communication Started!
HSMS Communication Disconnected!
SECS Emulator v1.5  2001/09/05
HSMS Communication Started!
HSMS Communication Disconnected!
SECS Emulator v1.5  2001/09/05
HSMS Communication Started!
HSMS Communication Disconnected!
SECS Emulator v1.5  2001/09/05
HSMS Communication Started!
HSMS Communication Disconnected!
SECS Emulator v1.5  2001/09/05
HSMS Communication Started!
11:31:05.308: Receive S1F13(1).
00 00 81 0D 00 00 00 00 00 01   01 02 41 11 43 4C 4B 44 2D 56   
33 30 30 32 30 32 32 30 36 31   38 41 06 56 32 2E 33 2E 33 
S1F13 W
<L[2]
  <A[17] "CLKD-V30020220618">
  <A[6] "V2.3.3">
>
.
11:31:05.324: Send S1F14(1).
00 00 01 0E 00 00 00 00 00 01   01 02 21 01 00 01 00 
S1F14
<L[2]
  <B[1] 0x00>
  <L[0]
  >
>
.
11:31:37.787: Send S1F3(595721377).
00 00 81 03 00 00 23 81 FC A1   01 09 B1 04 00 01 86 A1 B1 04   
00 00 07 D2 B1 04 00 00 07 D3   B1 04 00 00 00 03 B1 04 00 00   
07 D1 B1 04 00 00 07 D4 B1 04   00 00 00 27 B1 04 00 00 00 28   
B1 04 00 00 00 29 
S1F3 W
<L[9]
  <U4[1] 100001>
  <U4[1] 2002>
  <U4[1] 2003>
  <U4[1] 3>
  <U4[1] 2001>
  <U4[1] 2004>
  <U4[1] 39>
  <U4[1] 40>
  <U4[1] 41>
>
.
11:31:37.887: Receive S1F0(595721377).
00 00 01 00 00 00 23 81 FC A1 
S1F0
.
11:31:56.727: Send S1F3(595721378).
00 00 81 03 00 00 23 81 FC A2   01 00 
S1F3 W
<L[0]
>
.
11:31:56.843: Receive S1F0(595721378).
00 00 01 00 00 00 23 81 FC A2 
S1F0
.
11:32:07.253: Send S7F19(595721380).
00 00 87 13 00 00 23 81 FC A4 
S7F19 W
.
11:32:07.315: Receive S7F0(595721380).
00 00 07 00 00 00 23 81 FC A4 
S7F0
.
11:32:22.205: Send S7F19(595721381).
00 00 87 13 00 00 23 81 FC A5 
S7F19 W
.
11:32:22.252: Receive S7F0(595721381).
00 00 07 00 00 00 23 81 FC A5 
S7F0
.
11:33:23.981: Send S1F15(595721383).
00 00 81 0F 00 00 23 81 FC A7 
S1F15 W
.
11:33:24.028: Receive S1F0(595721383).
00 00 01 00 00 00 23 81 FC A7 
S1F0
.
11:34:08.654: Send S1F17(595721385).
00 00 81 11 00 00 23 81 FC A9 
S1F17 W
.
11:34:08.801: Receive S6F11(16).
00 00 86 0B 00 00 00 00 00 10   01 03 41 01 30 41 03 32 30 32   
01 01 01 02 41 01 36 01 03 41   10 32 30 32 32 31 31 30 31 31   
31 33 34 31 31 39 35 A5 01 02   A5 01 05 
S6F11 W
<L[3]
  <A[1] "0">
  <A[3] "202">
  <L[1]
    <L[2]
      <A[1] "6">
      <L[3]
        <A[16] "2022110111341195">
        <U1[1] 2>
        <U1[1] 5>
      >
    >
  >
>
.
11:34:08.832: Send S6F12(16).
00 00 06 0C 00 00 00 00 00 10   21 01 00 
S6F12
<B[1] 0x00>
.
11:34:08.848: Receive S1F18(595721385).
00 00 01 12 00 00 23 81 FC A9   21 01 00 
S1F18
<B[1] 0x00>
.
11:34:14.465: Send S1F15(595721387).
00 00 81 0F 00 00 23 81 FC AB 
S1F15 W
.
11:34:14.528: Receive S6F11(17).
00 00 86 0B 00 00 00 00 00 11   01 03 41 01 30 41 03 32 30 30   
01 01 01 02 41 01 36 01 03 41   10 32 30 32 32 31 31 30 31 31   
31 33 34 31 37 36 38 A5 01 02   A5 01 03 
S6F11 W
<L[3]
  <A[1] "0">
  <A[3] "200">
  <L[1]
    <L[2]
      <A[1] "6">
      <L[3]
        <A[16] "2022110111341768">
        <U1[1] 2>
        <U1[1] 3>
      >
    >
  >
>
.
11:34:14.566: Send S6F12(17).
00 00 06 0C 00 00 00 00 00 11   21 01 00 
S6F12
<B[1] 0x00>
.
11:34:14.566: Receive S1F16(595721387).
00 00 01 10 00 00 23 81 FC AB   21 01 00 
S1F16
<B[1] 0x00>
.
11:34:27.430: Send S1F17(595721389).
00 00 81 11 00 00 23 81 FC AD 
S1F17 W
.
11:34:27.477: Receive S6F11(19).
00 00 86 0B 00 00 00 00 00 13   01 03 41 01 30 41 03 32 30 32   
01 01 01 02 41 01 36 01 03 41   10 32 30 32 32 31 31 30 31 31   
31 33 34 33 30 36 34 A5 01 02   A5 01 05 
S6F11 W
<L[3]
  <A[1] "0">
  <A[3] "202">
  <L[1]
    <L[2]
      <A[1] "6">
      <L[3]
        <A[16] "2022110111343064">
        <U1[1] 2>
        <U1[1] 5>
      >
    >
  >
>
.
11:34:27.515: Send S6F12(19).
00 00 06 0C 00 00 00 00 00 13   21 01 00 
S6F12
<B[1] 0x00>
.
11:34:27.515: Receive S1F18(595721389).
00 00 01 12 00 00 23 81 FC AD   21 01 00 
S1F18
<B[1] 0x00>
.
11:34:30.521: Receive S6F11(20).
00 00 86 0B 00 00 00 00 00 14   01 03 41 00 41 05 31 32 30 32   
38 01 02 41 12 43 68 61 6D 62   65 72 31 5F 43 61 72 72 69 65   
72 49 44 41 08 4D 31 30 30 30   30 31 36 
S6F11 W
<L[3]
  <A[0] "">
  <A[5] "12028">
  <L[2]
    <A[18] "Chamber1_CarrierID">
    <A[8] "M1000016">
  >
>
.
11:34:30.537: Send S6F12(20).
00 00 06 0C 00 00 00 00 00 14   21 01 00 
S6F12
<B[1] 0x00>
.
11:34:35.665: Receive S6F11(21).
00 00 86 0B 00 00 00 00 00 15   01 03 41 00 41 05 31 32 30 32   
39 01 02 41 12 43 68 61 6D 62   65 72 32 5F 43 61 72 72 69 65   
72 49 44 41 08 4D 31 30 30 30   30 31 36 
S6F11 W
<L[3]
  <A[0] "">
  <A[5] "12029">
  <L[2]
    <A[18] "Chamber2_CarrierID">
    <A[8] "M1000016">
  >
>
.
11:34:35.734: Send S6F12(21).
00 00 06 0C 00 00 00 00 00 15   21 01 00 
S6F12
<B[1] 0x00>
.
11:34:43.296: Send S10F3(595721393).
00 00 8A 03 00 00 23 81 FC B1   01 02 21 01 00 41 12 54 65 72   
6D 69 6E 61 6C 20 44 61 74 61   20 54 65 73 74 
S10F3 W
<L[2]
  <B[1] 0x00>
  <A[18] "Terminal Data Test">
>
.
11:34:43.411: Receive S10F4(595721393).
00 00 0A 04 00 00 23 81 FC B1   21 01 00 
S10F4
<B[1] 0x00>
.
11:34:43.434: Receive S6F11(23).
00 00 86 0B 00 00 00 00 00 17   01 03 41 01 30 41 03 32 34 30   
01 01 01 02 41 01 38 01 01 41   10 32 30 32 32 31 31 30 31 31   
31 33 34 34 36 35 37 
S6F11 W
<L[3]
  <A[1] "0">
  <A[3] "240">
  <L[1]
    <L[2]
      <A[1] "8">
      <L[1]
        <A[16] "2022110111344657">
      >
    >
  >
>
.
11:34:43.549: Send S6F12(23).
00 00 06 0C 00 00 00 00 00 17   21 01 00 
S6F12
<B[1] 0x00>
.
11:34:45.971: Receive S6F11(24).
00 00 86 0B 00 00 00 00 00 18   01 03 41 00 41 05 31 32 30 33   
32 01 02 41 12 43 68 61 6D 62   65 72 33 5F 43 61 72 72 69 65   
72 49 44 41 08 4D 31 30 30 30   30 31 37 
S6F11 W
<L[3]
  <A[0] "">
  <A[5] "12032">
  <L[2]
    <A[18] "Chamber3_CarrierID">
    <A[8] "M1000017">
  >
>
.
11:34:46.040: Send S6F12(24).
00 00 06 0C 00 00 00 00 00 18   21 01 00 
S6F12
<B[1] 0x00>
.
11:35:30.477: Send S7F19(595721397).
00 00 87 13 00 00 23 81 FC B5 
S7F19 W
.
11:35:31.056: Receive S7F20(595721397).
00 00 07 14 00 00 23 81 FC B5   01 08 41 09 36 D4 C2 31 31 C8   
D5 C9 FA 41 0A 4D 31 30 38 30   38 50 45 4E 47 41 09 48 54 32   
33 30 32 38 30 34 41 08 48 54   32 33 30 32 38 36 41 06 48 54   
BA B8 C6 AC 41 06 48 54 C7 FA   CF DF 41 06 4D 31 C9 FA B2 FA   
41 04 C0 E4 C8 B4 
S7F20
<L[8]
  <A[9] "6月11日生">
  <A[10] "M10808PENG">
  <A[9] "HT2302804">
  <A[8] "HT230286">
  <A[6] "HT焊片">
  <A[6] "HT曲线">
  <A[6] "M1生产">
  <A[4] "冷却">
>
.
11:36:27.604: Send S2F13(595721399).
00 00 82 0D 00 00 23 81 FC B7   01 00 
S2F13 W
<L[0]
>
.
11:36:27.704: Receive S2F14(595721399).
00 00 02 0E 00 00 23 81 FC B7   01 04 B1 04 00 00 00 05 B1 04   
00 00 00 00 B1 04 00 00 00 00   B1 04 00 00 00 01 
S2F14
<L[4]
  <U4[1] 5>
  <U4[1] 0>
  <U4[1] 0>
  <U4[1] 1>
>
.
11:36:48.482: Send S2F41(595721400).
00 00 82 29 00 00 23 81 FC B8   01 02 41 05 53 54 41 52 54 01   
01 01 02 41 06 50 6F 72 74 49   44 21 01 01 
S2F41 W
<L[2]
  <A[5] "START">
  <L[1]
    <L[2]
      <A[6] "PortID">
      <B[1] 0x01>
    >
  >
>
.
11:36:48.605: Receive S2F42(595721400).
00 00 02 2A 00 00 23 81 FC B8   01 02 21 01 00 01 00 
S2F42
<L[2]
  <B[1] 0x00>
  <L[0]
  >
>
.
11:38:21.742: Send S2F41(595721403).
00 00 82 29 00 00 23 81 FC BB   01 02 41 09 53 45 4C 45 43 54   
5F 50 50 01 01 01 01 41 06 48   54 C7 FA CF DF 
S2F41 W
<L[2]
  <A[9] "SELECT_PP">
  <L[1]
    <L[1]
      <A[6] "HT曲线">
    >
  >
>
.
11:38:21.858: Receive S9F7(44).
00 00 09 07 00 00 00 00 00 2C   21 0A 00 00 82 29 00 00 23 81   
FC BB 
S9F7
<B[10] 0x00 0x00 0x82 0x29 0x00 0x00 0x23 0x81 0xFC 0xBB>
.
11:39:06.829: T3 Timeout(595721403).
11:40:54.955: Receive S6F11(59).
00 00 86 0B 00 00 00 00 00 3B   01 03 41 00 41 05 31 32 30 33   
37 01 02 41 10 4F 75 6C 74 65   74 5F 43 61 72 72 69 65 72 49   
44 41 08 4D 31 30 30 30 30 31   37 
S6F11 W
<L[3]
  <A[0] "">
  <A[5] "12037">
  <L[2]
    <A[16] "Oultet_CarrierID">
    <A[8] "M1000017">
  >
>
.
11:40:55.077: Send S6F12(59).
00 00 06 0C 00 00 00 00 00 3B   21 01 00 
S6F12
<B[1] 0x00>
.
11:44:25.331: Receive S6F11(80).
00 00 86 0B 00 00 00 00 00 50   01 03 41 00 41 05 31 32 30 33   
30 01 02 41 12 43 68 61 6D 62   65 72 32 5F 43 61 72 72 69 65   
72 49 44 41 08 4D 31 30 30 30   30 31 36 
S6F11 W
<L[3]
  <A[0] "">
  <A[5] "12030">
  <L[2]
    <A[18] "Chamber2_CarrierID">
    <A[8] "M1000016">
  >
>
.
11:44:25.402: Send S6F12(80).
00 00 06 0C 00 00 00 00 00 50   21 01 00 
S6F12
<B[1] 0x00>
.
11:44:33.802: Receive S6F11(81).
00 00 86 0B 00 00 00 00 00 51   01 03 41 00 41 05 31 32 30 33   
31 01 02 41 12 43 68 61 6D 62   65 72 33 5F 43 61 72 72 69 65   
72 49 44 41 08 4D 31 30 30 30   30 31 36 
S6F11 W
<L[3]
  <A[0] "">
  <A[5] "12031">
  <L[2]
    <A[18] "Chamber3_CarrierID">
    <A[8] "M1000016">
  >
>
.
11:44:33.855: Send S6F12(81).
00 00 06 0C 00 00 00 00 00 51   21 01 00 
S6F12
<B[1] 0x00>
.
11:45:07.749: Send S2F41(595721414).
00 00 82 29 00 00 23 81 FC C6   01 02 41 09 53 45 4C 45 43 54   
5F 50 50 01 01 01 02 41 04 50   50 49 44 41 06 48 54 C7 FA CF   
DF 
S2F41 W
<L[2]
  <A[9] "SELECT_PP">
  <L[1]
    <L[2]
      <A[4] "PPID">
      <A[6] "HT曲线">
    >
  >
>
.
11:45:07.861: Receive S2F42(595721414).
00 00 02 2A 00 00 23 81 FC C6   01 02 21 01 01 01 00 
S2F42
<L[2]
  <B[1] 0x01>
  <L[0]
  >
>
.
11:45:49.700: Send S2F13(595721415).
00 00 82 0D 00 00 23 81 FC C7   01 00 
S2F13 W
<L[0]
>
.
11:45:49.816: Receive S2F14(595721415).
00 00 02 0E 00 00 23 81 FC C7   01 04 B1 04 00 00 00 05 B1 04   
00 00 00 00 B1 04 00 00 00 00   B1 04 00 00 00 01 
S2F14
<L[4]
  <U4[1] 5>
  <U4[1] 0>
  <U4[1] 0>
1>
.
11:45:56.247: Send S2F17(595721416).
00 00 82 11 00 00 23 81 FC C8 
S2F17 W
.
11:45:56.294: Receive S2F18(595721416).
00 00 02 12 00 00 23 81 FC C8   41 10 32 30 32 32 31 31 30 31   
31 31 34 35 35 39 34 35 
S2F18
<A[16] "2022110111455945">
.
11:46:17.818: Send S2F31(595721418).
00 00 82 1F 00 00 23 81 FC CA   41 10 32 30 31 33 30 38 31 37   
31 31 32 32 33 33 30 30 
S2F31 W
<A[16] "2013081711223300">
.
11:46:17.922: Receive S2F32(595721418).
00 00 02 20 00 00 23 81 FC CA   21 01 00 
S2F32
<B[1] 0x00>
.
11:47:10.523: Send S2F31(595721420).
00 00 82 1F 00 00 23 81 FC CC   41 10 32 30 32 32 31 31 30 31   
31 31 34 35 35 39 34 35 
S2F31 W
<A[16] "2022110111455945">
.
11:47:10.638: Receive S2F32(595721420).
00 00 02 20 00 00 23 81 FC CC   21 01 00 
S2F32
<B[1] 0x00>
.
Remote Server Disconnected!
HSMS Communication Disconnected!
HSMS Communication Disconnected!
