SECS Emulator v1.5  2001/09/05
HSMS Communication Started!
HSMS Communication Disconnected!
SECS Emulator v1.5  2001/09/05
HSMS Communication Started!
HSMS Communication Disconnected!
SECS Emulator v1.5  2001/09/05
HSMS Communication Started!
16:51:00.838: Send S1F1(285701516).
00 00 81 01 00 00 11 07 75 8C 
S1F1 W
.
16:51:00.843: Receive S1F2(285701516).
00 00 01 02 00 00 11 07 75 8C   01 02 41 0B 56 69 73 75 61 6C   
4C 69 6E 65 73 41 07 31 2E 35   2E 30 2E 30 
S1F2
<L[2]
  <A[11] "VisualLines">
  <A[7] "1.5.0.0">
>
.
16:51:56.131: Send S1F11(285701517).
00 00 81 0B 00 00 11 07 75 8D   01 01 B1 04 00 00 00 04 
S1F11 W
<L[1]
  <U4[1] 4>
>
.
16:51:56.208: Receive S1F0(486995463).
00 00 01 00 00 00 1D 06 F6 07 
S1F0
.
16:52:22.255: Send S1F13(285701519).
00 00 81 0D 00 00 11 07 75 8F   01 00 
S1F13 W
<L[0]
>
.
16:52:22.299: Receive S1F14(285701519).
00 00 01 0E 00 00 11 07 75 8F   01 02 A5 01 00 01 02 41 0B 56   
69 73 75 61 6C 4C 69 6E 65 73   41 07 31 2E 35 2E 30 2E 30 
S1F14
<L[2]
  <U1[1] 0>
  <L[2]
    <A[11] "VisualLines">
    <A[7] "1.5.0.0">
  >
>
.
16:52:26.833: Send S1F11(285701520).
00 00 81 0B 00 00 11 07 75 90   01 01 B1 04 00 00 00 04 
S1F11 W
<L[1]
  <U4[1] 4>
>
.
16:52:26.877: Receive S9F7(486995464).
00 00 09 07 00 00 1D 06 F6 08   21 0A 00 00 81 0B 00 00 11 07   
75 90 
S9F7
<B[10] 0x00 0x00 0x81 0x0B 0x00 0x00 0x11 0x07 0x75 0x90>
.
16:52:41.153: T3 Timeout(285701517).
16:52:45.245: Receive S5F1(486995465).
00 00 85 01 00 00 1D 06 F6 09   01 03 21 01 80 A1 08 00 00 00   
03 80 00 00 11 41 1A 44 65 61   64 6D 61 6E 20 62 75 74 74 6F   
6E 20 6E 6F 74 20 70 72 65 73   73 65 64 
S5F1 W
<L[3]
  <B[1] 0x80>
  <U8[1] 2147483665>
  <A[26] "Deadman button not pressed">
>
.
16:52:45.253: Send S5F2(486995465).
00 00 05 02 00 00 1D 06 F6 09   21 01 00 
S5F2
<B[1] 0x00>
.
16:52:45.297: Receive S6F11(486995466).
00 00 86 0B 00 00 1D 06 F6 0A   01 03 B1 04 00 00 01 4D B1 04   
00 00 00 08 01 01 01 02 B1 04   00 00 00 08 01 04 01 06 A1 08   
00 00 00 03 80 00 00 11 A1 08   00 00 00 1E 80 00 00 11 A1 08   
00 00 00 04 80 00 00 11 A1 08   00 00 00 28 80 00 00 11 A1 08   
00 00 00 05 80 00 00 11 A1 08   00 00 00 3C 80 00 00 11 A1 08   
00 00 00 03 80 00 00 11 41 1A   44 65 61 64 6D 61 6E 20 62 75   
74 74 6F 6E 20 6E 6F 74 20 70   72 65 73 73 65 64 41 10 32 30   
32 31 31 31 31 31 31 36 35 31   34 39 35 38 
S6F11 W
<L[3]
  <U4[1] 333>
  <U4[1] 8>
  <L[1]
    <L[2]
      <U4[1] 8>
      <L[4]
        <L[6]
          <U8[1] 2147483665>
          <U8[1] 2147483665>
          <U8[1] 2147483665>
          <U8[1] 2147483665>
          <U8[1] 2147483665>
          <U8[1] 2147483665>
        >
        <U8[1] 2147483665>
        <A[26] "Deadman button not pressed">
        <A[16] "2021111116514958">
      >
    >
  >
>
.
16:52:45.314: Send S6F12(486995466).
00 00 06 0C 00 00 1D 06 F6 0A   21 01 00 
S6F12
<B[1] 0x00>
.
16:53:11.847: T3 Timeout(285701520).
16:53:14.953: Receive S5F1(486995467).
00 00 85 01 00 00 1D 06 F6 0B   01 03 21 01 00 A1 08 00 00 00   
03 80 00 00 11 41 1A 44 65 61   64 6D 61 6E 20 62 75 74 74 6F   
6E 20 6E 6F 74 20 70 72 65 73   73 65 64 
S5F1 W
<L[3]
  <B[1] 0x00>
  <U8[1] 2147483665>
  <A[26] "Deadman button not pressed">
>
.
16:53:14.958: Send S5F2(486995467).
00 00 05 02 00 00 1D 06 F6 0B   21 01 00 
S5F2
<B[1] 0x00>
.
16:53:15.003: Receive S6F11(486995468).
00 00 86 0B 00 00 1D 06 F6 0C   01 03 B1 04 00 00 01 4E B1 04   
00 00 00 09 01 02 01 02 B1 04   00 00 00 0A 01 01 A5 01 05 01   
02 B1 04 00 00 00 09 01 03 41   10 32 30 32 31 31 31 31 31 31   
36 35 32 31 39 32 39 01 00 A1   08 00 00 00 03 80 00 00 11 
S6F11 W
<L[3]
  <U4[1] 334>
  <U4[1] 9>
  <L[2]
    <L[2]
      <U4[1] 10>
      <L[1]
        <U1[1] 5>
      >
    >
    <L[2]
      <U4[1] 9>
      <L[3]
        <A[16] "2021111116521929">
        <L[0]
        >
        <U8[1] 2147483665>
      >
    >
  >
>
.
16:53:15.018: Send S6F12(486995468).
00 00 06 0C 00 00 1D 06 F6 0C   21 01 00 
S6F12
<B[1] 0x00>
.
16:54:28.008: Send S2F17(285701527).
00 00 82 11 00 00 11 07 75 97 
S2F17 W
.
16:54:28.011: Receive S2F18(285701527).
00 00 02 12 00 00 11 07 75 97   41 10 32 30 32 31 31 31 31 31   
31 36 35 33 33 32 33 30 
S2F18
<A[16] "2021111116533230">
.
16:54:57.259: Send S1F11(285701528).
00 00 81 0B 00 00 11 07 75 98   01 01 B1 04 00 00 00 03 
S1F11 W
<L[1]
  <U4[1] 3>
>
.
16:54:57.323: Receive S9F7(486995469).
00 00 09 07 00 00 1D 06 F6 0D   21 0A 00 00 81 0B 00 00 11 07   
75 98 
S9F7
<B[10] 0x00 0x00 0x81 0x0B 0x00 0x00 0x11 0x07 0x75 0x98>
.
16:55:42.268: T3 Timeout(285701528).
16:56:15.768: Receive S6F11(486995470).
00 00 86 0B 00 00 1D 06 F6 0E   01 03 B1 04 00 00 01 4F B1 04   
00 00 06 42 01 01 01 02 B1 04   00 00 06 42 01 02 41 17 49 6E   
66 6F 74 65 63 68 2E 4C 69 6E   65 2E 53 74 61 74 69 6F 6E 36   
30 41 0A 30 31 31 38 32 31 30   36 38 33 
S6F11 W
<L[3]
  <U4[1] 335>
  <U4[1] 1602>
  <L[1]
    <L[2]
      <U4[1] 1602>
      <L[2]
        <A[23] "Infotech.Line.Station60">
        <A[10] "0118210683">
      >
    >
  >
>
.
16:56:15.791: Send S6F12(486995470).
00 00 06 0C 00 00 1D 06 F6 0E   21 01 00 
S6F12
<B[1] 0x00>
.
16:56:46.485: Receive S5F1(486995471).
00 00 85 01 00 00 1D 06 F6 0F   01 03 21 01 80 A1 08 00 00 00   
03 80 FD 00 91 41 33 57 61 66   65 72 20 6D 61 67 61 7A 69 6E   
65 20 63 68 61 6E 67 65 64 2E   20 57 61 73 20 61 20 6E 65 77   
20 6D 61 67 61 7A 69 6E 65 20   6D 6F 75 6E 74 65 64 3F 
S5F1 W
<L[3]
  <B[1] 0x80>
  <U8[1] 2164064401>
  <A[51] "Wafer magazine changed. Was a new magazine mounted?">
>
.
16:56:46.492: Send S5F2(486995471).
00 00 05 02 00 00 1D 06 F6 0F   21 01 00 
S5F2
<B[1] 0x00>
.
16:56:46.536: Receive S6F11(486995472).
00 00 86 0B 00 00 1D 06 F6 10   01 03 B1 04 00 00 01 50 B1 04   
00 00 00 08 01 01 01 02 B1 04   00 00 00 08 01 04 01 04 A1 08   
00 00 00 03 80 FD 00 91 A1 08   00 00 00 1E 80 FD 00 91 A1 08   
00 00 00 04 80 FD 00 91 A1 08   00 00 00 28 80 FD 00 91 A1 08   
00 00 00 03 80 FD 00 91 41 33   57 61 66 65 72 20 6D 61 67 61   
7A 69 6E 65 20 63 68 61 6E 67   65 64 2E 20 57 61 73 20 61 20   
6E 65 77 20 6D 61 67 61 7A 69   6E 65 20 6D 6F 75 6E 74 65 64   
3F 41 10 32 30 32 31 31 31 31   31 31 36 35 35 35 30 38 33 
S6F11 W
<L[3]
  <U4[1] 336>
  <U4[1] 8>
  <L[1]
    <L[2]
      <U4[1] 8>
      <L[4]
        <L[4]
          <U8[1] 2164064401>
          <U8[1] 2164064401>
          <U8[1] 2164064401>
          <U8[1] 2164064401>
        >
        <U8[1] 2164064401>
        <A[51] "Wafer magazine changed. Was a new magazine mounted?">
        <A[16] "2021111116555083">
      >
    >
  >
>
.
16:56:46.605: Send S6F12(486995472).
00 00 06 0C 00 00 1D 06 F6 10   21 01 00 
S6F12
<B[1] 0x00>
.
16:56:56.038: Send S2F13(285701534).
00 00 82 0D 00 00 11 07 75 9E   01 01 B1 04 00 00 00 01 
S2F13 W
<L[1]
  <U4[1] 1>
>
.
16:56:56.084: Receive S2F14(285701534).
00 00 02 0E 00 00 11 07 75 9E   01 01 A9 02 00 0A 
S2F14
<L[1]
  <U2[1] 10>
>
.
16:57:02.343: Receive S6F11(486995473).
00 00 86 0B 00 00 1D 06 F6 11   01 03 B1 04 00 00 01 51 B1 04   
00 00 06 43 01 01 01 02 B1 04   00 00 06 43 01 03 41 17 49 6E   
66 6F 74 65 63 68 2E 4C 69 6E   65 2E 53 74 61 74 69 6F 6E 36   
30 41 B3 4E 6F 6E 65 2C 4E 6F   6E 65 2C 32 31 53 41 31 30 32   
39 31 32 30 30 2C 32 31 53 41   31 30 32 39 31 32 30 31 2C 4E   
6F 6E 65 2C 4E 6F 6E 65 2C 32   31 53 41 31 30 32 39 31 32 30   
32 2C 32 31 53 41 31 30 32 39   31 32 30 33 2C 4E 6F 6E 65 2C   
4E 6F 6E 65 2C 32 31 53 41 31   30 32 39 31 32 30 34 2C 4E 6F   
6E 65 2C 32 31 53 41 31 30 32   39 31 32 30 35 2C 4E 6F 6E 65   
2C 32 31 53 41 31 30 32 39 31   32 30 36 2C 32 31 53 41 31 30   
32 39 31 32 30 37 2C 4E 6F 6E   65 2C 4E 6F 6E 65 2C 32 31 53   
41 31 30 32 39 31 32 30 38 2C   32 31 53 41 31 30 32 39 31 32   
30 39 41 0A 30 31 31 38 32 31   30 36 38 33 
S6F11 W
<L[3]
  <U4[1] 337>
  <U4[1] 1603>
  <L[1]
    <L[2]
      <U4[1] 1603>
      <L[3]
        <A[23] "Infotech.Line.Station60">
        <A[179] "None,None,21SA10291200,21SA10291201,None,None,21SA10291202,21SA10291203,None,None,21SA10291204,None,21SA10291205,None,21SA10291206,21SA10291207,None,None,21SA10291208,21SA10291209">
        <A[10] "0118210683">
      >
    >
  >
>
.
16:57:02.412: Send S6F12(486995473).
00 00 06 0C 00 00 1D 06 F6 11   21 01 00 
S6F12
<B[1] 0x00>
.
16:57:09.872: Receive S6F11(486995474).
00 00 86 0B 00 00 1D 06 F6 12   01 03 B1 04 00 00 01 52 B1 04   
00 00 06 42 01 01 01 02 B1 04   00 00 06 42 01 02 41 17 49 6E   
66 6F 74 65 63 68 2E 4C 69 6E   65 2E 53 74 61 74 69 6F 6E 36   
30 41 0A 30 31 31 38 32 31 30   32 39 35 
S6F11 W
<L[3]
  <U4[1] 338>
  <U4[1] 1602>
  <L[1]
    <L[2]
      <U4[1] 1602>
      <L[2]
        <A[23] "Infotech.Line.Station60">
        <A[10] "0118210295">
      >
    >
  >
>
.
16:57:09.921: Send S6F12(486995474).
00 00 06 0C 00 00 1D 06 F6 12   21 01 00 
S6F12
<B[1] 0x00>
.
16:58:01.451: Receive S6F11(486995475).
00 00 86 0B 00 00 1D 06 F6 13   01 03 B1 04 00 00 01 53 B1 04   
00 00 06 43 01 01 01 02 B1 04   00 00 06 43 01 03 41 17 49 6E   
66 6F 74 65 63 68 2E 4C 69 6E   65 2E 53 74 61 74 69 6F 6E 36   
30 41 B3 4E 6F 6E 65 2C 4E 6F   6E 65 2C 32 31 53 41 31 30 32   
39 31 31 38 34 2C 4E 6F 6E 65   2C 32 31 53 41 31 30 32 39 31   
31 38 35 2C 32 31 53 41 31 30   32 39 31 31 38 36 2C 4E 6F 6E   
65 2C 4E 6F 6E 65 2C 32 31 53   41 31 30 32 39 31 31 38 37 2C   
4E 6F 6E 65 2C 4E 6F 6E 65 2C   4E 6F 6E 65 2C 4E 6F 6E 65 2C   
4E 6F 6E 65 2C 32 31 53 41 31   30 32 39 31 32 31 30 2C 32 31   
53 41 31 30 32 39 31 32 31 31   2C 32 31 53 41 31 30 32 39 31   
32 31 32 2C 32 31 53 41 31 30   32 39 31 32 31 33 2C 32 31 53   
41 31 30 32 39 31 32 31 34 2C   32 31 53 41 31 30 32 39 31 32   
31 35 41 0A 30 31 31 38 32 31   30 32 39 35 
S6F11 W
<L[3]
  <U4[1] 339>
  <U4[1] 1603>
  <L[1]
    <L[2]
      <U4[1] 1603>
      <L[3]
        <A[23] "Infotech.Line.Station60">
        <A[179] "None,None,21SA10291184,None,21SA10291185,21SA10291186,None,None,21SA10291187,None,None,None,None,None,21SA10291210,21SA10291211,21SA10291212,21SA10291213,21SA10291214,21SA10291215">
        <A[10] "0118210295">
      >
    >
  >
>
.
16:58:01.507: Send S6F12(486995475).
00 00 06 0C 00 00 1D 06 F6 13   21 01 00 
S6F12
<B[1] 0x00>
.
16:58:09.057: Receive S6F11(486995476).
00 00 86 0B 00 00 1D 06 F6 14   01 03 B1 04 00 00 01 54 B1 04   
00 00 06 42 01 01 01 02 B1 04   00 00 06 42 01 02 41 17 49 6E   
66 6F 74 65 63 68 2E 4C 69 6E   65 2E 53 74 61 74 69 6F 6E 36   
30 41 0A 30 31 31 38 32 31 30   35 33 30 
S6F11 W
<L[3]
  <U4[1] 340>
  <U4[1] 1602>
  <L[1]
    <L[2]
      <U4[1] 1602>
      <L[2]
        <A[23] "Infotech.Line.Station60">
        <A[10] "0118210530">
      >
    >
  >
>
.
16:58:09.105: Send S6F12(486995476).
00 00 06 0C 00 00 1D 06 F6 14   21 01 00 
S6F12
<B[1] 0x00>
.
16:58:19.569: Send S2F15(285701541).
00 00 82 0F 00 00 11 07 75 A5   01 01 01 02 B1 04 00 00 00 01   
A9 02 00 09 
S2F15 W
<L[1]
  <L[2]
    <U4[1] 1>
    <U2[1] 9>
  >
>
.
16:58:19.619: Receive S2F16(285701541).
00 00 02 10 00 00 11 07 75 A5   21 01 00 
S2F16
<B[1] 0x00>
.
16:58:22.775: Send S2F13(285701542).
00 00 82 0D 00 00 11 07 75 A6   01 01 B1 04 00 00 00 01 
S2F13 W
<L[1]
  <U4[1] 1>
>
.
16:58:22.819: Receive S2F14(285701542).
00 00 02 0E 00 00 11 07 75 A6   01 01 A9 02 00 09 
S2F14
<L[1]
  <U2[1] 9>
>
.
16:58:39.538: Send S2F15(285701543).
00 00 82 0F 00 00 11 07 75 A7   01 01 01 02 B1 04 00 00 00 01   
A9 02 00 0A 
S2F15 W
<L[1]
  <L[2]
    <U4[1] 1>
    <U2[1] 10>
  >
>
.
16:58:39.583: Receive S2F16(285701543).
00 00 02 10 00 00 11 07 75 A7   21 01 00 
S2F16
<B[1] 0x00>
.
16:58:43.488: Send S2F13(285701544).
00 00 82 0D 00 00 11 07 75 A8   01 01 B1 04 00 00 00 01 
S2F13 W
<L[1]
  <U4[1] 1>
>
.
16:58:43.532: Receive S2F14(285701544).
00 00 02 0E 00 00 11 07 75 A8   01 01 A9 02 00 0A 
S2F14
<L[1]
  <U2[1] 10>
>
.
16:58:59.445: Receive S6F11(486995477).
00 00 86 0B 00 00 1D 06 F6 15   01 03 B1 04 00 00 01 55 B1 04   
00 00 06 43 01 01 01 02 B1 04   00 00 06 43 01 03 41 17 49 6E   
66 6F 74 65 63 68 2E 4C 69 6E   65 2E 53 74 61 74 69 6F 6E 36   
30 41 B3 4E 6F 6E 65 2C 4E 6F   6E 65 2C 4E 6F 6E 65 2C 4E 6F   
6E 65 2C 4E 6F 6E 65 2C 4E 6F   6E 65 2C 32 31 53 41 31 30 32   
39 31 31 38 38 2C 4E 6F 6E 65   2C 32 31 53 41 31 30 32 39 31   
31 38 39 2C 4E 6F 6E 65 2C 32   31 53 41 31 30 32 39 31 31 39   
30 2C 32 31 53 41 31 30 32 39   31 31 39 31 2C 4E 6F 6E 65 2C   
4E 6F 6E 65 2C 32 31 53 41 31   30 32 39 31 31 39 32 2C 32 31   
53 41 31 30 32 39 31 31 39 33   2C 32 31 53 41 31 30 32 39 31   
31 39 34 2C 32 31 53 41 31 30   32 39 31 31 39 35 2C 32 31 53   
41 31 30 32 39 31 31 39 36 2C   32 31 53 41 31 30 32 39 31 31   
39 37 41 0A 30 31 31 38 32 31   30 35 33 30 
S6F11 W
<L[3]
  <U4[1] 341>
  <U4[1] 1603>
  <L[1]
    <L[2]
      <U4[1] 1603>
      <L[3]
        <A[23] "Infotech.Line.Station60">
        <A[179] "None,None,None,None,None,None,21SA10291188,None,21SA10291189,None,21SA10291190,21SA10291191,None,None,21SA10291192,21SA10291193,21SA10291194,21SA10291195,21SA10291196,21SA10291197">
        <A[10] "0118210530">
      >
    >
  >
>
.
16:58:59.497: Send S6F12(486995477).
00 00 06 0C 00 00 1D 06 F6 15   21 01 00 
S6F12
<B[1] 0x00>
.
16:59:07.025: Receive S6F11(486995478).
00 00 86 0B 00 00 1D 06 F6 16   01 03 B1 04 00 00 01 56 B1 04   
00 00 06 42 01 01 01 02 B1 04   00 00 06 42 01 02 41 17 49 6E   
66 6F 74 65 63 68 2E 4C 69 6E   65 2E 53 74 61 74 69 6F 6E 36   
30 41 0A 30 31 31 38 32 31 30   32 37 34 
S6F11 W
<L[3]
  <U4[1] 342>
  <U4[1] 1602>
  <L[1]
    <L[2]
      <U4[1] 1602>
      <L[2]
        <A[23] "Infotech.Line.Station60">
        <A[10] "0118210274">
      >
    >
  >
>
.
16:59:07.076: Send S6F12(486995478).
00 00 06 0C 00 00 1D 06 F6 16   21 01 00 
S6F12
<B[1] 0x00>
.
16:59:31.175: Send S2F23(285701548).
00 00 82 17 00 00 11 07 75 AC   01 05 B1 04 07 5B CD 15 41 06   
30 30 30 30 30 33 B1 04 00 00   00 1B B1 04 00 00 00 03 01 01   
B1 04 00 00 00 04 
S2F23 W
<L[5]
  <U4[1] 123456789>
  <A[6] "000003">
  <U4[1] 27>
  <U4[1] 3>
  <L[1]
    <U4[1] 4>
  >
>
.
16:59:31.219: Receive S9F7(486995479).
00 00 09 07 00 00 1D 06 F6 17   21 0A 00 00 82 17 00 00 11 07   
75 AC 
S9F7
<B[10] 0x00 0x00 0x82 0x17 0x00 0x00 0x11 0x07 0x75 0xAC>
.
17:00:16.214: T3 Timeout(285701548).
17:00:33.907: Send S2F23(285701550).
00 00 82 17 00 00 11 07 75 AE   01 05 B1 04 07 5B CD 15 41 06   
30 30 30 30 30 33 B1 04 00 00   00 1B B1 04 00 00 00 03 01 01   
B1 04 00 00 00 08 
S2F23 W
<L[5]
  <U4[1] 123456789>
  <A[6] "000003">
  <U4[1] 27>
  <U4[1] 3>
  <L[1]
    <U4[1] 8>
  >
>
.
17:00:33.951: Receive S9F7(486995480).
00 00 09 07 00 00 1D 06 F6 18   21 0A 00 00 82 17 00 00 11 07   
75 AE 
S9F7
<B[10] 0x00 0x00 0x82 0x17 0x00 0x00 0x11 0x07 0x75 0xAE>
.
17:00:53.038: Send S1F11(285701551).
00 00 81 0B 00 00 11 07 75 AF   01 01 B1 04 00 00 00 08 
S1F11 W
<L[1]
  <U4[1] 8>
>
.
17:00:53.082: Receive S9F7(486995481).
00 00 09 07 00 00 1D 06 F6 19   21 0A 00 00 81 0B 00 00 11 07   
75 AF 
S9F7
<B[10] 0x00 0x00 0x81 0x0B 0x00 0x00 0x11 0x07 0x75 0xAF>
.
17:01:18.955: T3 Timeout(285701550).
17:01:35.592: Send S1F11(285701553).
00 00 81 0B 00 00 11 07 75 B1   01 01 A1 08 00 00 00 00 00 00   
00 09 
S1F11 W
<L[1]
  <U8[1] 9>
>
.
17:01:35.636: Receive S9F7(486995482).
00 00 09 07 00 00 1D 06 F6 1A   21 0A 00 00 81 0B 00 00 11 07   
75 B1 
S9F7
<B[10] 0x00 0x00 0x81 0x0B 0x00 0x00 0x11 0x07 0x75 0xB1>
.
17:01:38.061: T3 Timeout(285701551).
17:01:45.163: Receive S5F1(486995483).
00 00 85 01 00 00 1D 06 F6 1B   01 03 21 01 00 A1 08 00 00 00   
03 80 FD 00 91 41 33 57 61 66   65 72 20 6D 61 67 61 7A 69 6E   
65 20 63 68 61 6E 67 65 64 2E   20 57 61 73 20 61 20 6E 65 77   
20 6D 61 67 61 7A 69 6E 65 20   6D 6F 75 6E 74 65 64 3F 
S5F1 W
<L[3]
  <B[1] 0x00>
  <U8[1] 2164064401>
  <A[51] "Wafer magazine changed. Was a new magazine mounted?">
>
.
17:01:45.211: Send S5F2(486995483).
00 00 05 02 00 00 1D 06 F6 1B   21 01 00 
S5F2
<B[1] 0x00>
.
17:01:45.254: Receive S6F11(486995484).
00 00 86 0B 00 00 1D 06 F6 1C   01 03 B1 04 00 00 01 57 B1 04   
00 00 00 09 01 02 01 02 B1 04   00 00 00 0A 01 01 A5 01 05 01   
02 B1 04 00 00 00 09 01 03 41   10 32 30 32 31 31 31 31 31 31   
37 30 30 34 39 35 35 01 00 A1   08 00 00 00 03 80 FD 00 91 
S6F11 W
<L[3]
  <U4[1] 343>
  <U4[1] 9>
  <L[2]
    <L[2]
      <U4[1] 10>
      <L[1]
        <U1[1] 5>
      >
    >
    <L[2]
      <U4[1] 9>
      <L[3]
        <A[16] "2021111117004955">
        <L[0]
        >
        <U8[1] 2164064401>
      >
    >
  >
>
.
17:01:45.337: Send S6F12(486995484).
00 00 06 0C 00 00 1D 06 F6 1C   21 01 00 
S6F12
<B[1] 0x00>
.
17:02:20.617: T3 Timeout(285701553).
17:03:25.451: Send S1F11(285701558).
00 00 81 0B 00 00 11 07 75 B6   01 01 41 01 34 
S1F11 W
<L[1]
  <A[1] "4">
>
.
17:03:25.494: Receive S9F7(486995485).
00 00 09 07 00 00 1D 06 F6 1D   21 0A 00 00 81 0B 00 00 11 07   
75 B6 
S9F7
<B[10] 0x00 0x00 0x81 0x0B 0x00 0x00 0x11 0x07 0x75 0xB6>
.
17:04:01.667: Send S2F25(285701560).
00 00 82 19 00 00 11 07 75 B8   21 0A 00 01 02 03 04 05 06 07   
08 09 
S2F25 W
<B[10] 0x00 0x01 0x02 0x03 0x04 0x05 0x06 0x07 0x08 0x09>
.
17:04:01.710: Receive S9F7(486995486).
00 00 09 07 00 00 1D 06 F6 1E   21 0A 00 00 82 19 00 00 11 07   
75 B8 
S9F7
<B[10] 0x00 0x00 0x82 0x19 0x00 0x00 0x11 0x07 0x75 0xB8>
.
17:04:10.484: T3 Timeout(285701558).
17:04:24.178: Receive S6F11(486995487).
00 00 86 0B 00 00 1D 06 F6 1F   01 03 B1 04 00 00 01 58 B1 04   
00 00 04 4D 01 01 01 02 B1 04   00 00 04 4D 01 02 41 17 49 6E   
66 6F 74 65 63 68 2E 4C 69 6E   65 2E 53 74 61 74 69 6F 6E 31   
30 41 08 44 42 43 30 30 30 30   37 
S6F11 W
<L[3]
  <U4[1] 344>
  <U4[1] 1101>
  <L[1]
    <L[2]
      <U4[1] 1101>
      <L[2]
        <A[23] "Infotech.Line.Station10">
        <A[8] "DBC00007">
      >
    >
  >
>
.
17:04:24.214: Send S6F12(486995487).
00 00 06 0C 00 00 1D 06 F6 1F   21 01 00 
S6F12
<B[1] 0x00>
.
17:04:30.059: Receive S6F11(486995488).
00 00 86 0B 00 00 1D 06 F6 20   01 03 B1 04 00 00 01 59 B1 04   
00 00 04 4D 01 01 01 02 B1 04   00 00 04 4D 01 02 41 17 49 6E   
66 6F 74 65 63 68 2E 4C 69 6E   65 2E 53 74 61 74 69 6F 6E 31   
30 41 08 44 42 43 30 30 30 30   37 
S6F11 W
<L[3]
  <U4[1] 345>
  <U4[1] 1101>
  <L[1]
    <L[2]
      <U4[1] 1101>
      <L[2]
        <A[23] "Infotech.Line.Station10">
        <A[8] "DBC00007">
      >
    >
  >
>
.
17:04:30.083: Send S6F12(486995488).
00 00 06 0C 00 00 1D 06 F6 20   21 01 00 
S6F12
<B[1] 0x00>
.
17:04:37.208: Receive S6F11(486995489).
00 00 86 0B 00 00 1D 06 F6 21   01 03 B1 04 00 00 01 5A B1 04   
00 00 04 4D 01 01 01 02 B1 04   00 00 04 4D 01 02 41 17 49 6E   
66 6F 74 65 63 68 2E 4C 69 6E   65 2E 53 74 61 74 69 6F 6E 31   
30 41 08 44 42 43 30 30 30 30   37 
S6F11 W
<L[3]
  <U4[1] 346>
  <U4[1] 1101>
  <L[1]
    <L[2]
      <U4[1] 1101>
      <L[2]
        <A[23] "Infotech.Line.Station10">
        <A[8] "DBC00007">
      >
    >
  >
>
.
17:04:37.242: Send S6F12(486995489).
00 00 06 0C 00 00 1D 06 F6 21   21 01 00 
S6F12
<B[1] 0x00>
.
17:04:46.698: T3 Timeout(285701560).
17:05:39.731: Receive S6F11(486995490).
00 00 86 0B 00 00 1D 06 F6 22   01 03 B1 04 00 00 01 5B B1 04   
00 00 04 4D 01 01 01 02 B1 04   00 00 04 4D 01 02 41 17 49 6E   
66 6F 74 65 63 68 2E 4C 69 6E   65 2E 53 74 61 74 69 6F 6E 31   
30 41 08 44 42 43 30 30 30 30   37 
S6F11 W
<L[3]
  <U4[1] 347>
  <U4[1] 1101>
  <L[1]
    <L[2]
      <U4[1] 1101>
      <L[2]
        <A[23] "Infotech.Line.Station10">
        <A[8] "DBC00007">
      >
    >
  >
>
.
17:05:39.764: Send S6F12(486995490).
00 00 06 0C 00 00 1D 06 F6 22   21 01 00 
S6F12
<B[1] 0x00>
.
17:05:39.848: Receive S6F11(486995491).
00 00 86 0B 00 00 1D 06 F6 23   01 03 B1 04 00 00 01 5C B1 04   
00 00 04 4D 01 01 01 02 B1 04   00 00 04 4D 01 02 41 17 49 6E   
66 6F 74 65 63 68 2E 4C 69 6E   65 2E 53 74 61 74 69 6F 6E 31   
30 41 08 44 42 43 30 30 30 30   37 
S6F11 W
<L[3]
  <U4[1] 348>
  <U4[1] 1101>
  <L[1]
    <L[2]
      <U4[1] 1101>
      <L[2]
        <A[23] "Infotech.Line.Station10">
        <A[8] "DBC00007">
      >
    >
  >
>
.
17:05:39.878: Send S6F12(486995491).
00 00 06 0C 00 00 1D 06 F6 23   21 01 00 
S6F12
<B[1] 0x00>
.
17:06:05.364: Receive S5F1(486995492).
00 00 85 01 00 00 1D 06 F6 24   01 03 21 01 80 A1 08 00 00 00   
03 80 00 00 11 41 1A 44 65 61   64 6D 61 6E 20 62 75 74 74 6F   
6E 20 6E 6F 74 20 70 72 65 73   73 65 64 
S5F1 W
<L[3]
  <B[1] 0x80>
  <U8[1] 2147483665>
  <A[26] "Deadman button not pressed">
>
.
17:06:05.385: Send S5F2(486995492).
00 00 05 02 00 00 1D 06 F6 24   21 01 00 
S5F2
<B[1] 0x00>
.
17:06:05.429: Receive S6F11(486995493).
00 00 86 0B 00 00 1D 06 F6 25   01 03 B1 04 00 00 01 5D B1 04   
00 00 00 08 01 01 01 02 B1 04   00 00 00 08 01 04 01 07 A1 08   
00 00 00 03 80 00 00 11 A1 08   00 00 00 1E 80 00 00 11 A1 08   
00 00 00 04 80 00 00 11 A1 08   00 00 00 28 80 00 00 11 A1 08   
00 00 00 05 80 00 00 11 A1 08   00 00 00 3C 80 00 00 11 A1 08   
00 00 00 01 80 00 00 11 A1 08   00 00 00 03 80 00 00 11 41 1A   
44 65 61 64 6D 61 6E 20 62 75   74 74 6F 6E 20 6E 6F 74 20 70   
72 65 73 73 65 64 41 10 32 30   32 31 31 31 31 31 31 37 30 35   
30 39 37 33 
S6F11 W
<L[3]
  <U4[1] 349>
  <U4[1] 8>
  <L[1]
    <L[2]
      <U4[1] 8>
      <L[4]
        <L[7]
          <U8[1] 2147483665>
          <U8[1] 2147483665>
          <U8[1] 2147483665>
          <U8[1] 2147483665>
          <U8[1] 2147483665>
          <U8[1] 2147483665>
          <U8[1] 2147483665>
        >
        <U8[1] 2147483665>
        <A[26] "Deadman button not pressed">
        <A[16] "2021111117050973">
      >
    >
  >
>
.
17:06:05.467: Send S6F12(486995493).
00 00 06 0C 00 00 1D 06 F6 25   21 01 00 
S6F12
<B[1] 0x00>
.
17:06:18.855: Receive S5F1(486995494).
00 00 85 01 00 00 1D 06 F6 26   01 03 21 01 00 A1 08 00 00 00   
03 80 00 00 11 41 1A 44 65 61   64 6D 61 6E 20 62 75 74 74 6F   
6E 20 6E 6F 74 20 70 72 65 73   73 65 64 
S5F1 W
<L[3]
  <B[1] 0x00>
  <U8[1] 2147483665>
  <A[26] "Deadman button not pressed">
>
.
17:06:18.899: Send S5F2(486995494).
00 00 05 02 00 00 1D 06 F6 26   21 01 00 
S5F2
<B[1] 0x00>
.
17:06:18.942: Receive S6F11(486995495).
00 00 86 0B 00 00 1D 06 F6 27   01 03 B1 04 00 00 01 5E B1 04   
00 00 00 09 01 02 01 02 B1 04   00 00 00 0A 01 01 A5 01 05 01   
02 B1 04 00 00 00 09 01 03 41   10 32 30 32 31 31 31 31 31 31   
37 30 35 32 33 32 34 01 00 A1   08 00 00 00 03 80 00 00 11 
S6F11 W
<L[3]
  <U4[1] 350>
  <U4[1] 9>
  <L[2]
    <L[2]
      <U4[1] 10>
      <L[1]
        <U1[1] 5>
      >
    >
    <L[2]
      <U4[1] 9>
      <L[3]
        <A[16] "2021111117052324">
        <L[0]
        >
        <U8[1] 2147483665>
      >
    >
  >
>
.
17:06:19.033: Send S6F12(486995495).
00 00 06 0C 00 00 1D 06 F6 27   21 01 00 
S6F12
<B[1] 0x00>
.
17:06:28.741: Send S7F19(285701572).
00 00 87 13 00 00 11 07 75 C4 
S7F19 W
.
17:06:28.752: Receive S7F20(285701572).
00 00 07 14 00 00 11 07 75 C4   01 01 41 07 61 67 61 31 32 33   
34 
S7F20
<L[1]
  <A[7] "aga1234">
>
.
17:06:38.578: Receive S5F1(486995496).
00 00 85 01 00 00 1D 06 F6 28   01 03 21 01 80 A1 08 00 00 00   
03 80 00 00 11 41 1A 44 65 61   64 6D 61 6E 20 62 75 74 74 6F   
6E 20 6E 6F 74 20 70 72 65 73   73 65 64 
S5F1 W
<L[3]
  <B[1] 0x80>
  <U8[1] 2147483665>
  <A[26] "Deadman button not pressed">
>
.
17:06:38.622: Send S5F2(486995496).
00 00 05 02 00 00 1D 06 F6 28   21 01 00 
S5F2
<B[1] 0x00>
.
17:06:38.665: Receive S6F11(486995497).
00 00 86 0B 00 00 1D 06 F6 29   01 03 B1 04 00 00 01 5F B1 04   
00 00 00 08 01 01 01 02 B1 04   00 00 00 08 01 04 01 08 A1 08   
00 00 00 03 80 00 00 11 A1 08   00 00 00 1E 80 00 00 11 A1 08   
00 00 00 04 80 00 00 11 A1 08   00 00 00 28 80 00 00 11 A1 08   
00 00 00 05 80 00 00 11 A1 08   00 00 00 3C 80 00 00 11 A1 08   
00 00 00 01 80 00 00 11 A1 08   00 00 00 0A 80 00 00 11 A1 08   
00 00 00 03 80 00 00 11 41 1A   44 65 61 64 6D 61 6E 20 62 75   
74 74 6F 6E 20 6E 6F 74 20 70   72 65 73 73 65 64 41 10 32 30   
32 31 31 31 31 31 31 37 30 35   34 32 39 36 
S6F11 W
<L[3]
  <U4[1] 351>
  <U4[1] 8>
  <L[1]
    <L[2]
      <U4[1] 8>
      <L[4]
        <L[8]
          <U8[1] 2147483665>
          <U8[1] 2147483665>
          <U8[1] 2147483665>
          <U8[1] 2147483665>
          <U8[1] 2147483665>
          <U8[1] 2147483665>
          <U8[1] 2147483665>
          <U8[1] 2147483665>
        >
        <U8[1] 2147483665>
        <A[26] "Deadman button not pressed">
        <A[16] "2021111117054296">
      >
    >
  >
>
.
17:06:38.758: Send S6F12(486995497).
00 00 06 0C 00 00 1D 06 F6 29   21 01 00 
S6F12
<B[1] 0x00>
.
17:06:44.998: Send S10F3(285701575).
00 00 8A 03 00 00 11 07 75 C7   01 02 21 01 00 41 12 54 65 72   
6D 69 6E 61 6C 20 44 61 74 61   20 54 65 73 74 
S10F3 W
<L[2]
  <B[1] 0x00>
  <A[18] "Terminal Data Test">
>
.
17:06:45.064: Receive S10F4(285701575).
00 00 0A 04 00 00 11 07 75 C7   21 01 00 
S10F4
<B[1] 0x00>
.
17:06:54.149: Receive S6F11(486995498).
00 00 86 0B 00 00 1D 06 F6 2A   01 03 B1 04 00 00 01 60 B1 04   
00 00 04 4D 01 01 01 02 B1 04   00 00 04 4D 01 02 41 17 49 6E   
66 6F 74 65 63 68 2E 4C 69 6E   65 2E 53 74 61 74 69 6F 6E 31   
30 41 08 44 42 43 30 30 30 30   37 
S6F11 W
<L[3]
  <U4[1] 352>
  <U4[1] 1101>
  <L[1]
    <L[2]
      <U4[1] 1101>
      <L[2]
        <A[23] "Infotech.Line.Station10">
        <A[8] "DBC00007">
      >
    >
  >
>
.
17:06:54.195: Send S6F12(486995498).
00 00 06 0C 00 00 1D 06 F6 2A   21 01 00 
S6F12
<B[1] 0x00>
.
17:06:54.280: Receive S6F11(486995499).
00 00 86 0B 00 00 1D 06 F6 2B   01 03 B1 04 00 00 01 61 B1 04   
00 00 04 4D 01 01 01 02 B1 04   00 00 04 4D 01 02 41 17 49 6E   
66 6F 74 65 63 68 2E 4C 69 6E   65 2E 53 74 61 74 69 6F 6E 31   
30 41 08 44 42 43 30 30 30 30   37 
S6F11 W
<L[3]
  <U4[1] 353>
  <U4[1] 1101>
  <L[1]
    <L[2]
      <U4[1] 1101>
      <L[2]
        <A[23] "Infotech.Line.Station10">
        <A[8] "DBC00007">
      >
    >
  >
>
.
17:06:54.323: Send S6F12(486995499).
00 00 06 0C 00 00 1D 06 F6 2B   21 01 00 
S6F12
<B[1] 0x00>
.
17:06:54.428: Send S10F5(285701578).
00 00 8A 05 00 00 11 07 75 CA   01 02 21 01 00 01 05 41 13 54   
65 72 6D 69 6E 61 6C 20 44 61   74 61 20 54 65 73 74 31 41 13   
54 65 72 6D 69 6E 61 6C 20 44   61 74 61 20 54 65 73 74 32 41   
13 54 65 72 6D 69 6E 61 6C 20   44 61 74 61 20 54 65 73 74 33   
41 13 54 65 72 6D 69 6E 61 6C   20 44 61 74 61 20 54 65 73 74   
34 41 13 54 65 72 6D 69 6E 61   6C 20 44 61 74 61 20 54 65 73   
74 35 
S10F5 W
<L[2]
  <B[1] 0x00>
  <L[5]
    <A[19] "Terminal Data Test1">
    <A[19] "Terminal Data Test2">
    <A[19] "Terminal Data Test3">
    <A[19] "Terminal Data Test4">
    <A[19] "Terminal Data Test5">
  >
>
.
17:06:54.474: Receive S10F6(285701578).
00 00 0A 06 00 00 11 07 75 CA   21 01 00 
S10F6
<B[1] 0x00>
.
17:07:13.590: Receive S5F1(486995500).
00 00 85 01 00 00 1D 06 F6 2C   01 03 21 01 80 A1 08 00 00 00   
03 80 08 05 01 41 0E 52 65 61   64 69 6E 67 20 66 61 69 6C 65   
64 
S5F1 W
<L[3]
  <B[1] 0x80>
  <U8[1] 2148009217>
  <A[14] "Reading failed">
>
.
17:07:13.614: Send S5F2(486995500).
00 00 05 02 00 00 1D 06 F6 2C   21 01 00 
S5F2
<B[1] 0x00>
.
17:07:13.657: Receive S6F11(486995501).
00 00 86 0B 00 00 1D 06 F6 2D   01 03 B1 04 00 00 01 62 B1 04   
00 00 00 08 01 01 01 02 B1 04   00 00 00 08 01 04 01 0B A1 08   
00 00 00 03 80 00 00 11 A1 08   00 00 00 1E 80 00 00 11 A1 08   
00 00 00 04 80 00 00 11 A1 08   00 00 00 28 80 00 00 11 A1 08   
00 00 00 05 80 00 00 11 A1 08   00 00 00 3C 80 00 00 11 A1 08   
00 00 00 01 80 00 00 11 A1 08   00 00 00 0A 80 00 00 11 A1 08   
00 00 00 03 80 08 05 01 A1 08   00 00 00 1E 80 08 05 01 A1 08   
00 00 00 04 80 08 05 01 A1 08   00 00 00 03 80 08 05 01 41 0E   
52 65 61 64 69 6E 67 20 66 61   69 6C 65 64 41 10 32 30 32 31   
31 31 31 31 31 37 30 36 31 37   39 36 
S6F11 W
<L[3]
  <U4[1] 354>
  <U4[1] 8>
  <L[1]
    <L[2]
      <U4[1] 8>
      <L[4]
        <L[11]
          <U8[1] 2147483665>
          <U8[1] 2147483665>
          <U8[1] 2147483665>
          <U8[1] 2147483665>
          <U8[1] 2147483665>
          <U8[1] 2147483665>
          <U8[1] 2147483665>
          <U8[1] 2147483665>
          <U8[1] 2148009217>
          <U8[1] 2148009217>
          <U8[1] 2148009217>
        >
        <U8[1] 2148009217>
        <A[14] "Reading failed">
        <A[16] "2021111117061796">
      >
    >
  >
>
.
17:07:13.739: Send S6F12(486995501).
00 00 06 0C 00 00 1D 06 F6 2D   21 01 00 
S6F12
<B[1] 0x00>
.
17:07:15.504: Receive S5F1(486995502).
00 00 85 01 00 00 1D 06 F6 2E   01 03 21 01 00 A1 08 00 00 00   
03 80 08 05 01 41 0E 52 65 61   64 69 6E 67 20 66 61 69 6C 65   
64 
S5F1 W
<L[3]
  <B[1] 0x00>
  <U8[1] 2148009217>
  <A[14] "Reading failed">
>
.
17:07:15.540: Send S5F2(486995502).
00 00 05 02 00 00 1D 06 F6 2E   21 01 00 
S5F2
<B[1] 0x00>
.
17:07:15.584: Receive S6F11(486995503).
00 00 86 0B 00 00 1D 06 F6 2F   01 03 B1 04 00 00 01 63 B1 04   
00 00 00 09 01 02 01 02 B1 04   00 00 00 0A 01 01 A5 01 05 01   
02 B1 04 00 00 00 09 01 03 41   10 32 30 32 31 31 31 31 31 31   
37 30 36 31 39 38 38 01 08 A1   08 00 00 00 03 80 00 00 11 A1   
08 00 00 00 1E 80 00 00 11 A1   08 00 00 00 04 80 00 00 11 A1   
08 00 00 00 28 80 00 00 11 A1   08 00 00 00 05 80 00 00 11 A1   
08 00 00 00 3C 80 00 00 11 A1   08 00 00 00 01 80 00 00 11 A1   
08 00 00 00 0A 80 00 00 11 A1   08 00 00 00 03 80 08 05 01 
S6F11 W
<L[3]
  <U4[1] 355>
  <U4[1] 9>
  <L[2]
    <L[2]
      <U4[1] 10>
      <L[1]
        <U1[1] 5>
      >
    >
    <L[2]
      <U4[1] 9>
      <L[3]
        <A[16] "2021111117061988">
        <L[8]
          <U8[1] 2147483665>
          <U8[1] 2147483665>
          <U8[1] 2147483665>
          <U8[1] 2147483665>
          <U8[1] 2147483665>
          <U8[1] 2147483665>
          <U8[1] 2147483665>
          <U8[1] 2147483665>
        >
        <U8[1] 2148009217>
      >
    >
  >
>
.
17:07:15.666: Send S6F12(486995503).
00 00 06 0C 00 00 1D 06 F6 2F   21 01 00 
S6F12
<B[1] 0x00>
.
17:07:15.717: Receive S5F1(486995504).
00 00 85 01 00 00 1D 06 F6 30   01 03 21 01 80 A1 08 00 00 00   
03 80 FD 00 91 41 33 57 61 66   65 72 20 6D 61 67 61 7A 69 6E   
65 20 63 68 61 6E 67 65 64 2E   20 57 61 73 20 61 20 6E 65 77   
20 6D 61 67 61 7A 69 6E 65 20   6D 6F 75 6E 74 65 64 3F 
S5F1 W
<L[3]
  <B[1] 0x80>
  <U8[1] 2164064401>
  <A[51] "Wafer magazine changed. Was a new magazine mounted?">
>
.
17:07:15.740: Send S5F2(486995504).
00 00 05 02 00 00 1D 06 F6 30   21 01 00 
S5F2
<B[1] 0x00>
.
17:07:15.784: Receive S6F11(486995505).
00 00 86 0B 00 00 1D 06 F6 31   01 03 B1 04 00 00 01 64 B1 04   
00 00 00 08 01 01 01 02 B1 04   00 00 00 08 01 04 01 0C A1 08   
00 00 00 03 80 00 00 11 A1 08   00 00 00 1E 80 00 00 11 A1 08   
00 00 00 04 80 00 00 11 A1 08   00 00 00 28 80 00 00 11 A1 08   
00 00 00 05 80 00 00 11 A1 08   00 00 00 3C 80 00 00 11 A1 08   
00 00 00 01 80 00 00 11 A1 08   00 00 00 0A 80 00 00 11 A1 08   
00 00 00 03 80 FD 00 91 A1 08   00 00 00 1E 80 FD 00 91 A1 08   
00 00 00 04 80 FD 00 91 A1 08   00 00 00 28 80 FD 00 91 A1 08   
00 00 00 03 80 FD 00 91 41 33   57 61 66 65 72 20 6D 61 67 61   
7A 69 6E 65 20 63 68 61 6E 67   65 64 2E 20 57 61 73 20 61 20   
6E 65 77 20 6D 61 67 61 7A 69   6E 65 20 6D 6F 75 6E 74 65 64   
3F 41 10 32 30 32 31 31 31 31   31 31 37 30 36 32 30 30 38 
S6F11 W
<L[3]
  <U4[1] 356>
  <U4[1] 8>
  <L[1]
    <L[2]
      <U4[1] 8>
      <L[4]
        <L[12]
          <U8[1] 2147483665>
          <U8[1] 2147483665>
          <U8[1] 2147483665>
          <U8[1] 2147483665>
          <U8[1] 2147483665>
          <U8[1] 2147483665>
          <U8[1] 2147483665>
          <U8[1] 2147483665>
          <U8[1] 2164064401>
          <U8[1] 2164064401>
          <U8[1] 2164064401>
          <U8[1] 2164064401>
        >
        <U8[1] 2164064401>
        <A[51] "Wafer magazine changed. Was a new magazine mounted?">
        <A[16] "2021111117062008">
      >
    >
  >
>
.
17:07:15.867: Send S6F12(486995505).
00 00 06 0C 00 00 1D 06 F6 31   21 01 00 
S6F12
<B[1] 0x00>
.
17:07:17.405: Receive S5F1(486995506).
00 00 85 01 00 00 1D 06 F6 32   01 03 21 01 00 A1 08 00 00 00   
03 80 FD 00 91 41 33 57 61 66   65 72 20 6D 61 67 61 7A 69 6E   
65 20 63 68 61 6E 67 65 64 2E   20 57 61 73 20 61 20 6E 65 77   
20 6D 61 67 61 7A 69 6E 65 20   6D 6F 75 6E 74 65 64 3F 
S5F1 W
<L[3]
  <B[1] 0x00>
  <U8[1] 2164064401>
  <A[51] "Wafer magazine changed. Was a new magazine mounted?">
>
.
17:07:17.434: Send S5F2(486995506).
00 00 05 02 00 00 1D 06 F6 32   21 01 00 
S5F2
<B[1] 0x00>
.
17:07:17.478: Receive S6F11(486995507).
00 00 86 0B 00 00 1D 06 F6 33   01 03 B1 04 00 00 01 65 B1 04   
00 00 00 09 01 02 01 02 B1 04   00 00 00 0A 01 01 A5 01 05 01   
02 B1 04 00 00 00 09 01 03 41   10 32 30 32 31 31 31 31 31 31   
37 30 36 32 31 37 38 01 08 A1   08 00 00 00 03 80 00 00 11 A1   
08 00 00 00 1E 80 00 00 11 A1   08 00 00 00 04 80 00 00 11 A1   
08 00 00 00 28 80 00 00 11 A1   08 00 00 00 05 80 00 00 11 A1   
08 00 00 00 3C 80 00 00 11 A1   08 00 00 00 01 80 00 00 11 A1   
08 00 00 00 0A 80 00 00 11 A1   08 00 00 00 03 80 FD 00 91 
S6F11 W
<L[3]
  <U4[1] 357>
  <U4[1] 9>
  <L[2]
    <L[2]
      <U4[1] 10>
      <L[1]
        <U1[1] 5>
      >
    >
    <L[2]
      <U4[1] 9>
      <L[3]
        <A[16] "2021111117062178">
        <L[8]
          <U8[1] 2147483665>
          <U8[1] 2147483665>
          <U8[1] 2147483665>
          <U8[1] 2147483665>
          <U8[1] 2147483665>
          <U8[1] 2147483665>
          <U8[1] 2147483665>
          <U8[1] 2147483665>
        >
        <U8[1] 2164064401>
      >
    >
  >
>
.
17:07:17.560: Send S6F12(486995507).
00 00 06 0C 00 00 1D 06 F6 33   21 01 00 
S6F12
<B[1] 0x00>
.
17:07:29.407: Receive S5F1(486995508).
00 00 85 01 00 00 1D 06 F6 34   01 03 21 01 00 A1 08 00 00 00   
03 80 00 00 11 41 1A 44 65 61   64 6D 61 6E 20 62 75 74 74 6F   
6E 20 6E 6F 74 20 70 72 65 73   73 65 64 
S5F1 W
<L[3]
  <B[1] 0x00>
  <U8[1] 2147483665>
  <A[26] "Deadman button not pressed">
>
.
17:07:29.433: Send S5F2(486995508).
00 00 05 02 00 00 1D 06 F6 34   21 01 00 
S5F2
<B[1] 0x00>
.
17:07:29.477: Receive S6F11(486995509).
00 00 86 0B 00 00 1D 06 F6 35   01 03 B1 04 00 00 01 66 B1 04   
00 00 00 09 01 02 01 02 B1 04   00 00 00 0A 01 01 A5 01 05 01   
02 B1 04 00 00 00 09 01 03 41   10 32 30 32 31 31 31 31 31 31   
37 30 36 33 33 37 38 01 00 A1   08 00 00 00 03 80 FD 00 91 
S6F11 W
<L[3]
  <U4[1] 358>
  <U4[1] 9>
  <L[2]
    <L[2]
      <U4[1] 10>
      <L[1]
        <U1[1] 5>
      >
    >
    <L[2]
      <U4[1] 9>
      <L[3]
        <A[16] "2021111117063378">
        <L[0]
        >
        <U8[1] 2164064401>
      >
    >
  >
>
.
17:07:29.546: Send S6F12(486995509).
00 00 06 0C 00 00 1D 06 F6 35   21 01 00 
S6F12
<B[1] 0x00>
.
17:08:02.540: Receive S6F11(486995510).
00 00 86 0B 00 00 1D 06 F6 36   01 03 B1 04 00 00 01 67 B1 04   
00 00 04 B1 01 01 01 02 B1 04   00 00 04 B1 01 02 41 17 49 6E   
66 6F 74 65 63 68 2E 4C 69 6E   65 2E 53 74 61 74 69 6F 6E 32   
30 41 08 44 42 43 30 30 30 30   37 
S6F11 W
<L[3]
  <U4[1] 359>
  <U4[1] 1201>
  <L[1]
    <L[2]
      <U4[1] 1201>
      <L[2]
        <A[23] "Infotech.Line.Station20">
        <A[8] "DBC00007">
      >
    >
  >
>
.
17:08:02.601: Send S6F12(486995510).
00 00 06 0C 00 00 1D 06 F6 36   21 01 00 
S6F12
<B[1] 0x00>
.
17:08:03.296: Send S2F33(285701592).
00 00 82 21 00 00 11 07 75 D8   01 02 A5 01 00 01 01 01 02 B1   
04 00 00 1B 59 01 01 B1 04 00   00 00 04 
S2F33 W
<L[2]
  <U1[1] 0>
  <L[1]
    <L[2]
      <U4[1] 7001>
      <L[1]
        <U4[1] 4>
      >
    >
  >
>
.
17:08:03.354: Receive S2F34(285701592).
00 00 02 22 00 00 11 07 75 D8   21 01 00 
S2F34
<B[1] 0x00>
.
17:08:05.413: Receive S6F11(486995511).
00 00 86 0B 00 00 1D 06 F6 37   01 03 B1 04 00 00 01 68 B1 04   
00 00 04 B1 01 01 01 02 B1 04   00 00 04 B1 01 02 41 17 49 6E   
66 6F 74 65 63 68 2E 4C 69 6E   65 2E 53 74 61 74 69 6F 6E 32   
30 41 08 44 42 43 30 30 30 30   37 
S6F11 W
<L[3]
  <U4[1] 360>
  <U4[1] 1201>
  <L[1]
    <L[2]
      <U4[1] 1201>
      <L[2]
        <A[23] "Infotech.Line.Station20">
        <A[8] "DBC00007">
      >
    >
  >
>
.
17:08:05.466: Send S6F12(486995511).
00 00 06 0C 00 00 1D 06 F6 37   21 01 00 
S6F12
<B[1] 0x00>
.
17:08:13.358: Receive S5F1(486995512).
00 00 85 01 00 00 1D 06 F6 38   01 03 21 01 80 A1 08 00 00 00   
04 80 02 00 0F 41 0C 55 6E 6B   6E 6F 77 6E 20 41 78 69 73 
S5F1 W
<L[3]
  <B[1] 0x80>
  <U8[1] 2147614735>
  <A[12] "Unknown Axis">
>
.
17:08:13.394: Send S5F2(486995512).
00 00 05 02 00 00 1D 06 F6 38   21 01 00 
S5F2
<B[1] 0x00>
.
17:08:13.450: Receive S6F11(486995513).
00 00 86 0B 00 00 1D 06 F6 39   01 03 B1 04 00 00 01 69 B1 04   
00 00 00 08 01 01 01 02 B1 04   00 00 00 08 01 04 01 01 A1 08   
00 00 00 04 80 02 00 0F A1 08   00 00 00 04 80 02 00 0F 41 0C   
55 6E 6B 6E 6F 77 6E 20 41 78   69 73 41 10 32 30 32 31 31 31   
31 31 31 37 30 37 31 37 37 35 
S6F11 W
<L[3]
  <U4[1] 361>
  <U4[1] 8>
  <L[1]
    <L[2]
      <U4[1] 8>
      <L[4]
        <L[1]
          <U8[1] 2147614735>
        >
        <U8[1] 2147614735>
        <A[12] "Unknown Axis">
        <A[16] "2021111117071775">
      >
    >
  >
>
.
17:08:13.506: Send S6F12(486995513).
00 00 06 0C 00 00 1D 06 F6 39   21 01 00 
S6F12
<B[1] 0x00>
.
17:08:14.058: Receive S5F1(486995514).
00 00 85 01 00 00 1D 06 F6 3A   01 03 21 01 00 A1 08 00 00 00   
04 80 02 00 0F 41 0C 55 6E 6B   6E 6F 77 6E 20 41 78 69 73 
S5F1 W
<L[3]
  <B[1] 0x00>
  <U8[1] 2147614735>
  <A[12] "Unknown Axis">
>
.
17:08:14.093: Send S5F2(486995514).
00 00 05 02 00 00 1D 06 F6 3A   21 01 00 
S5F2
<B[1] 0x00>
.
17:08:14.137: Receive S6F11(486995515).
00 00 86 0B 00 00 1D 06 F6 3B   01 03 B1 04 00 00 01 6A B1 04   
00 00 00 09 01 02 01 02 B1 04   00 00 00 0A 01 01 A5 01 05 01   
02 B1 04 00 00 00 09 01 03 41   10 32 30 32 31 31 31 31 31 31   
37 30 37 31 38 34 34 01 00 A1   08 00 00 00 04 80 02 00 0F 
S6F11 W
<L[3]
  <U4[1] 362>
  <U4[1] 9>
  <L[2]
    <L[2]
      <U4[1] 10>
      <L[1]
        <U1[1] 5>
      >
    >
    <L[2]
      <U4[1] 9>
      <L[3]
        <A[16] "2021111117071844">
        <L[0]
        >
        <U8[1] 2147614735>
      >
    >
  >
>
.
17:08:14.201: Send S6F12(486995515).
00 00 06 0C 00 00 1D 06 F6 3B   21 01 00 
S6F12
<B[1] 0x00>
.
17:08:14.680: Receive S6F11(486995516).
00 00 86 0B 00 00 1D 06 F6 3C   01 03 B1 04 00 00 01 6B B1 04   
00 00 04 B0 01 01 01 02 B1 04   00 00 04 B0 01 02 41 17 49 6E   
66 6F 74 65 63 68 2E 4C 69 6E   65 2E 53 74 61 74 69 6F 6E 32   
30 41 08 44 42 43 30 30 30 30   37 
S6F11 W
<L[3]
  <U4[1] 363>
  <U4[1] 1200>
  <L[1]
    <L[2]
      <U4[1] 1200>
      <L[2]
        <A[23] "Infotech.Line.Station20">
        <A[8] "DBC00007">
      >
    >
  >
>
.
17:08:14.723: Send S6F12(486995516).
00 00 06 0C 00 00 1D 06 F6 3C   21 01 00 
S6F12
<B[1] 0x00>
.
17:08:17.414: Receive S5F1(486995517).
00 00 85 01 00 00 1D 06 F6 3D   01 03 21 01 80 A1 08 00 00 00   
03 80 00 00 11 41 1A 44 65 61   64 6D 61 6E 20 62 75 74 74 6F   
6E 20 6E 6F 74 20 70 72 65 73   73 65 64 
S5F1 W
<L[3]
  <B[1] 0x80>
  <U8[1] 2147483665>
  <A[26] "Deadman button not pressed">
>
.
17:08:17.440: Send S5F2(486995517).
00 00 05 02 00 00 1D 06 F6 3D   21 01 00 
S5F2
<B[1] 0x00>
.
17:08:17.496: Receive S6F11(486995518).
00 00 86 0B 00 00 1D 06 F6 3E   01 03 B1 04 00 00 01 6C B1 04   
00 00 00 08 01 01 01 02 B1 04   00 00 00 08 01 04 01 08 A1 08   
00 00 00 03 80 00 00 11 A1 08   00 00 00 1E 80 00 00 11 A1 08   
00 00 00 04 80 00 00 11 A1 08   00 00 00 28 80 00 00 11 A1 08   
00 00 00 05 80 00 00 11 A1 08   00 00 00 3C 80 00 00 11 A1 08   
00 00 00 01 80 00 00 11 A1 08   00 00 00 0A 80 00 00 11 A1 08   
00 00 00 03 80 00 00 11 41 1A   44 65 61 64 6D 61 6E 20 62 75   
74 74 6F 6E 20 6E 6F 74 20 70   72 65 73 73 65 64 41 10 32 30   
32 31 31 31 31 31 31 37 30 37   32 31 37 39 
S6F11 W
<L[3]
  <U4[1] 364>
  <U4[1] 8>
  <L[1]
    <L[2]
      <U4[1] 8>
      <L[4]
        <L[8]
          <U8[1] 2147483665>
          <U8[1] 2147483665>
          <U8[1] 2147483665>
          <U8[1] 2147483665>
          <U8[1] 2147483665>
          <U8[1] 2147483665>
          <U8[1] 2147483665>
          <U8[1] 2147483665>
        >
        <U8[1] 2147483665>
        <A[26] "Deadman button not pressed">
        <A[16] "2021111117072179">
      >
    >
  >
>
.
17:08:17.573: Send S6F12(486995518).
00 00 06 0C 00 00 1D 06 F6 3E   21 01 00 
S6F12
<B[1] 0x00>
.
17:08:36.870: Send S2F35(285701601).
00 00 82 23 00 00 11 07 75 E1   01 02 A5 01 00 01 01 01 02 B1   
04 00 00 01 F4 01 01 B1 04 00   00 1B 59 
S2F35 W
<L[2]
  <U1[1] 0>
  <L[1]
    <L[2]
      <U4[1] 500>
      <L[1]
        <U4[1] 7001>
      >
    >
  >
>
.
17:08:36.935: Receive S2F36(285701601).
00 00 02 24 00 00 11 07 75 E1   21 01 00 
S2F36
<B[1] 0x00>
.
17:08:53.863: Receive S5F1(486995519).
00 00 85 01 00 00 1D 06 F6 3F   01 03 21 01 00 A1 08 00 00 00   
03 80 00 00 11 41 1A 44 65 61   64 6D 61 6E 20 62 75 74 74 6F   
6E 20 6E 6F 74 20 70 72 65 73   73 65 64 
S5F1 W
<L[3]
  <B[1] 0x00>
  <U8[1] 2147483665>
  <A[26] "Deadman button not pressed">
>
.
17:08:53.888: Send S5F2(486995519).
00 00 05 02 00 00 1D 06 F6 3F   21 01 00 
S5F2
<B[1] 0x00>
.
17:08:53.940: Receive S6F11(486995520).
00 00 86 0B 00 00 1D 06 F6 40   01 03 B1 04 00 00 01 6D B1 04   
00 00 00 09 01 02 01 02 B1 04   00 00 00 0A 01 01 A5 01 05 01   
02 B1 04 00 00 00 09 01 03 41   10 32 30 32 31 31 31 31 31 31   
37 30 37 35 38 32 34 01 00 A1   08 00 00 00 03 80 00 00 11 
S6F11 W
<L[3]
  <U4[1] 365>
  <U4[1] 9>
  <L[2]
    <L[2]
      <U4[1] 10>
      <L[1]
        <U1[1] 5>
      >
    >
    <L[2]
      <U4[1] 9>
      <L[3]
        <A[16] "2021111117075824">
        <L[0]
        >
        <U8[1] 2147483665>
      >
    >
  >
>
.
17:08:54.008: Send S6F12(486995520).
00 00 06 0C 00 00 1D 06 F6 40   21 01 00 
S6F12
<B[1] 0x00>
.
17:09:07.567: Receive S5F1(486995521).
00 00 85 01 00 00 1D 06 F6 41   01 03 21 01 80 A1 08 00 00 00   
03 80 02 00 02 41 13 43 68 65   63 6B 20 6F 62 6A 65 63 74 20   
66 61 69 6C 65 64 
S5F1 W
<L[3]
  <B[1] 0x80>
  <U8[1] 2147614722>
  <A[19] "Check object failed">
>
.
17:09:07.600: Send S5F2(486995521).
00 00 05 02 00 00 1D 06 F6 41   21 01 00 
S5F2
<B[1] 0x00>
.
17:09:07.655: Receive S6F11(486995522).
00 00 86 0B 00 00 1D 06 F6 42   01 03 B1 04 00 00 01 6E B1 04   
00 00 00 08 01 01 01 02 B1 04   00 00 00 08 01 04 01 03 A1 08   
00 00 00 03 80 02 00 02 A1 08   00 00 00 1E 80 02 00 02 A1 08   
00 00 00 04 80 02 00 02 A1 08   00 00 00 03 80 02 00 02 41 13   
43 68 65 63 6B 20 6F 62 6A 65   63 74 20 66 61 69 6C 65 64 41   
10 32 30 32 31 31 31 31 31 31   37 30 38 31 31 39 35 
S6F11 W
<L[3]
  <U4[1] 366>
  <U4[1] 8>
  <L[1]
    <L[2]
      <U4[1] 8>
      <L[4]
        <L[3]
          <U8[1] 2147614722>
          <U8[1] 2147614722>
          <U8[1] 2147614722>
        >
        <U8[1] 2147614722>
        <A[19] "Check object failed">
        <A[16] "2021111117081195">
      >
    >
  >
>
.
17:09:07.736: Send S6F12(486995522).
00 00 06 0C 00 00 1D 06 F6 42   21 01 00 
S6F12
<B[1] 0x00>
.
17:09:11.116: Receive S5F1(486995523).
00 00 85 01 00 00 1D 06 F6 43   01 03 21 01 00 A1 08 00 00 00   
03 80 02 00 02 41 13 43 68 65   63 6B 20 6F 62 6A 65 63 74 20   
66 61 69 6C 65 64 
S5F1 W
<L[3]
  <B[1] 0x00>
  <U8[1] 2147614722>
  <A[19] "Check object failed">
>
.
17:09:11.147: Send S5F2(486995523).
00 00 05 02 00 00 1D 06 F6 43   21 01 00 
S5F2
<B[1] 0x00>
.
17:09:11.201: Receive S6F11(486995524).
00 00 86 0B 00 00 1D 06 F6 44   01 03 B1 04 00 00 01 6F B1 04   
00 00 00 09 01 02 01 02 B1 04   00 00 00 0A 01 01 A5 01 05 01   
02 B1 04 00 00 00 09 01 03 41   10 32 30 32 31 31 31 31 31 31   
37 30 38 31 35 35 30 01 00 A1   08 00 00 00 03 80 02 00 02 
S6F11 W
<L[3]
  <U4[1] 367>
  <U4[1] 9>
  <L[2]
    <L[2]
      <U4[1] 10>
      <L[1]
        <U1[1] 5>
      >
    >
    <L[2]
      <U4[1] 9>
      <L[3]
        <A[16] "2021111117081550">
        <L[0]
        >
        <U8[1] 2147614722>
      >
    >
  >
>
.
17:09:11.288: Send S6F12(486995524).
00 00 06 0C 00 00 1D 06 F6 44   21 01 00 
S6F12
<B[1] 0x00>
.
17:09:27.702: Send S6F15(285701609).
00 00 86 0F 00 00 11 07 75 E9   B1 04 00 00 01 F4 
S6F15 W
<U4[1] 500>
.
17:09:27.762: Receive S9F7(486995525).
00 00 09 07 00 00 1D 06 F6 45   21 0A 00 00 86 0F 00 00 11 07   
75 E9 
S9F7
<B[10] 0x00 0x00 0x86 0x0F 0x00 0x00 0x11 0x07 0x75 0xE9>
.
17:09:36.183: Receive S5F1(486995526).
00 00 85 01 00 00 1D 06 F6 46   01 03 21 01 80 A1 08 00 00 00   
04 80 02 00 0F 41 0C 55 6E 6B   6E 6F 77 6E 20 41 78 69 73 
S5F1 W
<L[3]
  <B[1] 0x80>
  <U8[1] 2147614735>
  <A[12] "Unknown Axis">
>
.
17:09:36.206: Send S5F2(486995526).
00 00 05 02 00 00 1D 06 F6 46   21 01 00 
S5F2
<B[1] 0x00>
.
17:09:36.258: Receive S6F11(486995527).
00 00 86 0B 00 00 1D 06 F6 47   01 03 B1 04 00 00 01 70 B1 04   
00 00 00 08 01 01 01 02 B1 04   00 00 00 08 01 04 01 02 A1 08   
00 00 00 04 80 02 00 0F A1 08   00 00 00 28 80 02 00 0F A1 08   
00 00 00 04 80 02 00 0F 41 0C   55 6E 6B 6E 6F 77 6E 20 41 78   
S6F11 W
<L[3]
  <U4[1] 368>
  <U4[1] 8>
  <L[1]
    <L[2]
      <U4[1] 8>
      <L[4]
        <L[2]
          <U8[1] 2147614735>
          <U8[1] 2147614735>
        >
        <U8[1] 2147614735>
        <A[12] "Unknown Axis">
        <A[16] "2021111117084056">
      >
    >
  >
>
.
17:09:36.315: Send S6F12(486995527).
00 00 06 0C 00 00 1D 06 F6 47   21 01 00 
S6F12
<B[1] 0x00>
.
17:09:37.976: Receive S5F1(486995528).
00 00 85 01 00 00 1D 06 F6 48   01 03 21 01 00 A1 08 00 00 00   
04 80 02 00 0F 41 0C 55 6E 6B   6E 6F 77 6E 20 41 78 69 73 
S5F1 W
<L[3]
  <B[1] 0x00>
  <U8[1] 2147614735>
  <A[12] "Unknown Axis">
>
.
17:09:38.008: Send S5F2(486995528).
00 00 05 02 00 00 1D 06 F6 48   21 01 00 
S5F2
<B[1] 0x00>
.
17:09:38.053: Receive S6F11(486995529).
00 00 86 0B 00 00 1D 06 F6 49   01 03 B1 04 00 00 01 71 B1 04   
00 00 00 09 01 02 01 02 B1 04   00 00 00 0A 01 01 A5 01 05 01   
02 B1 04 00 00 00 09 01 03 41   10 32 30 32 31 31 31 31 31 31   
37 30 38 34 32 33 35 01 00 A1   08 00 00 00 04 80 02 00 0F 
S6F11 W
<L[3]
  <U4[1] 369>
  <U4[1] 9>
  <L[2]
    <L[2]
      <U4[1] 10>
      <L[1]
        <U1[1] 5>
      >
    >
    <L[2]
      <U4[1] 9>
      <L[3]
        <A[16] "2021111117084235">
        <L[0]
        >
        <U8[1] 2147614735>
      >
    >
  >
>
.
17:09:38.119: Send S6F12(486995529).
00 00 06 0C 00 00 1D 06 F6 49   21 01 00 
S6F12
<B[1] 0x00>
.
17:09:44.482: Send S2F33(285701614).
00 00 82 21 00 00 11 07 75 EE   01 02 A5 01 00 01 01 01 02 B1   
04 00 00 1B 59 01 01 B1 04 00   00 00 04 
S2F33 W
<L[2]
  <U1[1] 0>
  <L[1]
    <L[2]
      <U4[1] 7001>
      <L[1]
        <U4[1] 4>
      >
    >
  >
>
.
17:09:44.538: Receive S2F34(285701614).
00 00 02 22 00 00 11 07 75 EE   21 01 03 
S2F34
<B[1] 0x03>
.
17:09:47.933: Send S2F35(285701615).
00 00 82 23 00 00 11 07 75 EF   01 02 A5 01 00 01 01 01 02 B1   
04 00 00 01 F4 01 01 B1 04 00   00 1B 59 
S2F35 W
<L[2]
  <U1[1] 0>
  <L[1]
    <L[2]
      <U4[1] 500>
      <L[1]
        <U4[1] 7001>
      >
    >
  >
>
.
17:09:47.989: Receive S2F36(285701615).
00 00 02 24 00 00 11 07 75 EF   21 01 03 
S2F36
<B[1] 0x03>
.
17:10:12.727: T3 Timeout(285701609).
17:10:15.521: Send S2F35(285701617).
00 00 82 23 00 00 11 07 75 F1   01 02 A5 01 00 01 01 01 02 B1   
04 00 00 01 F4 01 00 
S2F35 W
<L[2]
  <U1[1] 0>
  <L[1]
    <L[2]
      <U4[1] 500>
      <L[0]
      >
    >
  >
>
.
17:10:15.568: Receive S2F36(285701617).
00 00 02 24 00 00 11 07 75 F1   21 01 00 
S2F36
<B[1] 0x00>
.
17:10:19.653: Send S2F35(285701618).
00 00 82 23 00 00 11 07 75 F2   01 02 A5 01 00 01 01 01 02 B1   
04 00 00 01 F4 01 00 
S2F35 W
<L[2]
  <U1[1] 0>
  <L[1]
    <L[2]
      <U4[1] 500>
      <L[0]
      >
    >
  >
>
.
17:10:19.708: Receive S2F36(285701618).
00 00 02 24 00 00 11 07 75 F2   21 01 00 
S2F36
<B[1] 0x00>
.
17:10:30.184: Send S2F33(285701619).
00 00 82 21 00 00 11 07 75 F3   01 02 A5 01 00 01 01 01 02 B1   
04 00 00 1B 59 01 00 
S2F33 W
<L[2]
  <U1[1] 0>
  <L[1]
    <L[2]
      <U4[1] 7001>
      <L[0]
      >
    >
  >
>
.
17:10:30.234: Receive S2F34(285701619).
00 00 02 22 00 00 11 07 75 F3   21 01 00 
S2F34
<B[1] 0x00>
.
17:10:35.429: Send S2F33(285701620).
00 00 82 21 00 00 11 07 75 F4   01 02 A5 01 00 01 01 01 02 B1   
04 00 00 1B 59 01 00 
S2F33 W
<L[2]
  <U1[1] 0>
  <L[1]
    <L[2]
      <U4[1] 7001>
      <L[0]
      >
    >
  >
>
.
17:10:35.480: Receive S2F34(285701620).
00 00 02 22 00 00 11 07 75 F4   21 01 00 
S2F34
<B[1] 0x00>
.
17:11:33.869: Receive S5F1(486995530).
00 00 85 01 00 00 1D 06 F6 4A   01 03 21 01 80 A1 08 00 00 00   
03 80 FD 00 7C 41 17 57 61 66   65 72 20 6D 61 67 61 7A 69 6E   
65 20 69 73 20 65 6D 70 74 79 
S5F1 W
<L[3]
  <B[1] 0x80>
  <U8[1] 2164064380>
  <A[23] "Wafer magazine is empty">
>
.
17:11:33.888: Send S5F2(486995530).
00 00 05 02 00 00 1D 06 F6 4A   21 01 00 
S5F2
<B[1] 0x00>
.
17:11:33.934: Receive S6F11(486995531).
00 00 86 0B 00 00 1D 06 F6 4B   01 03 B1 04 00 00 01 72 B1 04   
00 00 00 08 01 01 01 02 B1 04   00 00 00 08 01 04 01 04 A1 08   
00 00 00 03 80 FD 00 7C A1 08   00 00 00 1E 80 FD 00 7C A1 08   
00 00 00 04 80 FD 00 7C A1 08   00 00 00 28 80 FD 00 7C A1 08   
00 00 00 03 80 FD 00 7C 41 17   57 61 66 65 72 20 6D 61 67 61   
7A 69 6E 65 20 69 73 20 65 6D   70 74 79 41 10 32 30 32 31 31   
31 31 31 31 37 31 30 33 38 32   34 
S6F11 W
<L[3]
  <U4[1] 370>
  <U4[1] 8>
  <L[1]
    <L[2]
      <U4[1] 8>
      <L[4]
        <L[4]
          <U8[1] 2164064380>
          <U8[1] 2164064380>
          <U8[1] 2164064380>
          <U8[1] 2164064380>
        >
        <U8[1] 2164064380>
        <A[23] "Wafer magazine is empty">
        <A[16] "2021111117103824">
      >
    >
  >
>
.
17:11:33.968: Send S6F12(486995531).
00 00 06 0C 00 00 1D 06 F6 4B   21 01 00 
S6F12
<B[1] 0x00>
.
17:11:35.473: Receive S5F1(486995532).
00 00 85 01 00 00 1D 06 F6 4C   01 03 21 01 00 A1 08 00 00 00   
03 80 FD 00 7C 41 17 57 61 66   65 72 20 6D 61 67 61 7A 69 6E   
65 20 69 73 20 65 6D 70 74 79 
S5F1 W
<L[3]
  <B[1] 0x00>
  <U8[1] 2164064380>
  <A[23] "Wafer magazine is empty">
>
.
17:11:35.487: Send S5F2(486995532).
00 00 05 02 00 00 1D 06 F6 4C   21 01 00 
S5F2
<B[1] 0x00>
.
17:11:35.548: Receive S6F11(486995533).
00 00 86 0B 00 00 1D 06 F6 4D   01 03 B1 04 00 00 01 73 B1 04   
00 00 00 09 01 02 01 02 B1 04   00 00 00 0A 01 01 A5 01 05 01   
02 B1 04 00 00 00 09 01 03 41   10 32 30 32 31 31 31 31 31 31   
37 31 30 33 39 38 34 01 00 A1   08 00 00 00 03 80 FD 00 7C 
S6F11 W
<L[3]
  <U4[1] 371>
  <U4[1] 9>
  <L[2]
    <L[2]
      <U4[1] 10>
      <L[1]
        <U1[1] 5>
      >
    >
    <L[2]
      <U4[1] 9>
      <L[3]
        <A[16] "2021111117103984">
        <L[0]
        >
        <U8[1] 2164064380>
      >
    >
  >
>
.
17:11:35.582: Send S6F12(486995533).
00 00 06 0C 00 00 1D 06 F6 4D   21 01 00 
S6F12
<B[1] 0x00>
.
17:11:53.721: Receive S5F1(486995534).
00 00 85 01 00 00 1D 06 F6 4E   01 03 21 01 80 A1 08 00 00 00   
03 80 FD 00 7C 41 17 57 61 66   65 72 20 6D 61 67 61 7A 69 6E   
65 20 69 73 20 65 6D 70 74 79 
S5F1 W
<L[3]
  <B[1] 0x80>
  <U8[1] 2164064380>
  <A[23] "Wafer magazine is empty">
>
.
17:11:53.740: Send S5F2(486995534).
00 00 05 02 00 00 1D 06 F6 4E   21 01 00 
S5F2
<B[1] 0x00>
.
17:11:53.799: Receive S6F11(486995535).
00 00 86 0B 00 00 1D 06 F6 4F   01 03 B1 04 00 00 01 74 B1 04   
00 00 00 08 01 01 01 02 B1 04   00 00 00 08 01 04 01 04 A1 08   
00 00 00 03 80 FD 00 7C A1 08   00 00 00 1E 80 FD 00 7C A1 08   
00 00 00 04 80 FD 00 7C A1 08   00 00 00 28 80 FD 00 7C A1 08   
00 00 00 03 80 FD 00 7C 41 17   57 61 66 65 72 20 6D 61 67 61   
7A 69 6E 65 20 69 73 20 65 6D   70 74 79 41 10 32 30 32 31 31   
31 31 31 31 37 31 30 35 38 31   30 
S6F11 W
<L[3]
  <U4[1] 372>
  <U4[1] 8>
  <L[1]
    <L[2]
      <U4[1] 8>
      <L[4]
        <L[4]
          <U8[1] 2164064380>
          <U8[1] 2164064380>
          <U8[1] 2164064380>
          <U8[1] 2164064380>
        >
        <U8[1] 2164064380>
        <A[23] "Wafer magazine is empty">
        <A[16] "2021111117105810">
      >
    >
  >
>
.
17:11:53.832: Send S6F12(486995535).
00 00 06 0C 00 00 1D 06 F6 4F   21 01 00 
S6F12
<B[1] 0x00>
.
17:12:00.232: Receive S5F1(486995536).
00 00 85 01 00 00 1D 06 F6 50   01 03 21 01 00 A1 08 00 00 00   
03 80 FD 00 7C 41 17 57 61 66   65 72 20 6D 61 67 61 7A 69 6E   
65 20 69 73 20 65 6D 70 74 79 
S5F1 W
<L[3]
  <B[1] 0x00>
  <U8[1] 2164064380>
  <A[23] "Wafer magazine is empty">
>
.
17:12:00.260: Send S5F2(486995536).
00 00 05 02 00 00 1D 06 F6 50   21 01 00 
S5F2
<B[1] 0x00>
.
17:12:00.318: Receive S6F11(486995537).
00 00 86 0B 00 00 1D 06 F6 51   01 03 B1 04 00 00 01 75 B1 04   
00 00 00 09 01 02 01 02 B1 04   00 00 00 0A 01 01 A5 01 05 01   
02 B1 04 00 00 00 09 01 03 41   10 32 30 32 31 31 31 31 31 31   
37 31 31 30 34 36 32 01 00 A1   08 00 00 00 03 80 FD 00 7C 
S6F11 W
<L[3]
  <U4[1] 373>
  <U4[1] 9>
  <L[2]
    <L[2]
      <U4[1] 10>
      <L[1]
        <U1[1] 5>
      >
    >
    <L[2]
      <U4[1] 9>
      <L[3]
        <A[16] "2021111117110462">
        <L[0]
        >
        <U8[1] 2164064380>
      >
    >
  >
>
.
17:12:00.353: Send S6F12(486995537).
00 00 06 0C 00 00 1D 06 F6 51   21 01 00 
S6F12
<B[1] 0x00>
.
17:12:00.419: Receive S5F1(486995538).
00 00 85 01 00 00 1D 06 F6 52   01 03 21 01 80 A1 08 00 00 00   
03 80 FD 00 91 41 33 57 61 66   65 72 20 6D 61 67 61 7A 69 6E   
65 20 63 68 61 6E 67 65 64 2E   20 57 61 73 20 61 20 6E 65 77   
20 6D 61 67 61 7A 69 6E 65 20   6D 6F 75 6E 74 65 64 3F 
S5F1 W
<L[3]
  <B[1] 0x80>
  <U8[1] 2164064401>
  <A[51] "Wafer magazine changed. Was a new magazine mounted?">
>
.
17:12:00.433: Send S5F2(486995538).
00 00 05 02 00 00 1D 06 F6 52   21 01 00 
S5F2
<B[1] 0x00>
.
17:12:00.486: Receive S6F11(486995539).
00 00 86 0B 00 00 1D 06 F6 53   01 03 B1 04 00 00 01 76 B1 04   
00 00 00 08 01 01 01 02 B1 04   00 00 00 08 01 04 01 04 A1 08   
00 00 00 03 80 FD 00 91 A1 08   00 00 00 1E 80 FD 00 91 A1 08   
00 00 00 04 80 FD 00 91 A1 08   00 00 00 28 80 FD 00 91 A1 08   
00 00 00 03 80 FD 00 91 41 33   57 61 66 65 72 20 6D 61 67 61   
7A 69 6E 65 20 63 68 61 6E 67   65 64 2E 20 57 61 73 20 61 20   
6E 65 77 20 6D 61 67 61 7A 69   6E 65 20 6D 6F 75 6E 74 65 64   
3F 41 10 32 30 32 31 31 31 31   31 31 37 31 31 30 34 37 39 
S6F11 W
<L[3]
  <U4[1] 374>
  <U4[1] 8>
  <L[1]
    <L[2]
      <U4[1] 8>
      <L[4]
        <L[4]
          <U8[1] 2164064401>
          <U8[1] 2164064401>
          <U8[1] 2164064401>
          <U8[1] 2164064401>
        >
        <U8[1] 2164064401>
        <A[51] "Wafer magazine changed. Was a new magazine mounted?">
        <A[16] "2021111117110479">
      >
    >
  >
>
.
17:12:00.520: Send S6F12(486995539).
00 00 06 0C 00 00 1D 06 F6 53   21 01 00 
S6F12
<B[1] 0x00>
.
17:12:02.782: Receive S5F1(486995540).
00 00 85 01 00 00 1D 06 F6 54   01 03 21 01 00 A1 08 00 00 00   
03 80 FD 00 91 41 33 57 61 66   65 72 20 6D 61 67 61 7A 69 6E   
65 20 63 68 61 6E 67 65 64 2E   20 57 61 73 20 61 20 6E 65 77   
20 6D 61 67 61 7A 69 6E 65 20   6D 6F 75 6E 74 65 64 3F 
S5F1 W
<L[3]
  <B[1] 0x00>
  <U8[1] 2164064401>
  <A[51] "Wafer magazine changed. Was a new magazine mounted?">
>
.
17:12:02.802: Send S5F2(486995540).
00 00 05 02 00 00 1D 06 F6 54   21 01 00 
S5F2
<B[1] 0x00>
.
17:12:02.860: Receive S6F11(486995541).
00 00 86 0B 00 00 1D 06 F6 55   01 03 B1 04 00 00 01 77 B1 04   
00 00 00 09 01 02 01 02 B1 04   00 00 00 0A 01 01 A5 01 05 01   
02 B1 04 00 00 00 09 01 03 41   10 32 30 32 31 31 31 31 31 31   
37 31 31 30 37 31 36 01 00 A1   08 00 00 00 03 80 FD 00 91 
S6F11 W
<L[3]
  <U4[1] 375>
  <U4[1] 9>
  <L[2]
    <L[2]
      <U4[1] 10>
      <L[1]
        <U1[1] 5>
      >
    >
    <L[2]
      <U4[1] 9>
      <L[3]
        <A[16] "2021111117110716">
        <L[0]
        >
        <U8[1] 2164064401>
      >
    >
  >
>
.
17:12:02.896: Send S6F12(486995541).
00 00 06 0C 00 00 1D 06 F6 55   21 01 00 
S6F12
<B[1] 0x00>
.
17:12:11.427: Receive S5F1(486995542).
00 00 85 01 00 00 1D 06 F6 56   01 03 21 01 80 A1 08 00 00 00   
04 80 07 01 00 41 27 57 61 66   65 72 20 6C 6F 73 74 20 64 75   
72 69 6E 67 20 4C 6F 61 64 2F   55 6E 6C 6F 61 64 20 6F 70 65   
72 61 74 69 6F 6E 
S5F1 W
<L[3]
  <B[1] 0x80>
  <U8[1] 2147942656>
  <A[39] "Wafer lost during Load/Unload operation">
>
.
17:12:11.450: Send S5F2(486995542).
00 00 05 02 00 00 1D 06 F6 56   21 01 00 
S5F2
<B[1] 0x00>
.
17:12:11.498: Receive S6F11(486995543).
00 00 86 0B 00 00 1D 06 F6 57   01 03 B1 04 00 00 01 78 B1 04   
00 00 00 08 01 01 01 02 B1 04   00 00 00 08 01 04 01 01 A1 08   
00 00 00 04 80 07 01 00 A1 08   00 00 00 04 80 07 01 00 41 27   
57 61 66 65 72 20 6C 6F 73 74   20 64 75 72 69 6E 67 20 4C 6F   
61 64 2F 55 6E 6C 6F 61 64 20   6F 70 65 72 61 74 69 6F 6E 41   
10 32 30 32 31 31 31 31 31 31   37 31 31 31 35 38 30 
S6F11 W
<L[3]
  <U4[1] 376>
  <U4[1] 8>
  <L[1]
    <L[2]
      <U4[1] 8>
      <L[4]
        <L[1]
          <U8[1] 2147942656>
        >
        <U8[1] 2147942656>
        <A[39] "Wafer lost during Load/Unload operation">
        <A[16] "2021111117111580">
      >
    >
  >
>
.
17:12:11.557: Send S6F12(486995543).
00 00 06 0C 00 00 1D 06 F6 57   21 01 00 
S6F12
<B[1] 0x00>
.
17:12:13.470: Receive S5F1(486995544).
00 00 85 01 00 00 1D 06 F6 58   01 03 21 01 00 A1 08 00 00 00   
04 80 07 01 00 41 27 57 61 66   65 72 20 6C 6F 73 74 20 64 75   
72 69 6E 67 20 4C 6F 61 64 2F   55 6E 6C 6F 61 64 20 6F 70 65   
72 61 74 69 6F 6E 
S5F1 W
<L[3]
  <B[1] 0x00>
  <U8[1] 2147942656>
  <A[39] "Wafer lost during Load/Unload operation">
>
.
17:12:13.508: Send S5F2(486995544).
00 00 05 02 00 00 1D 06 F6 58   21 01 00 
S5F2
<B[1] 0x00>
.
17:12:13.561: Receive S6F11(486995545).
00 00 86 0B 00 00 1D 06 F6 59   01 03 B1 04 00 00 01 79 B1 04   
00 00 00 09 01 02 01 02 B1 04   00 00 00 0A 01 01 A5 01 05 01   
02 B1 04 00 00 00 09 01 03 41   10 32 30 32 31 31 31 31 31 31   
37 31 31 31 37 38 36 01 00 A1   08 00 00 00 04 80 07 01 00 
S6F11 W
<L[3]
  <U4[1] 377>
  <U4[1] 9>
  <L[2]
    <L[2]
      <U4[1] 10>
      <L[1]
        <U1[1] 5>
      >
    >
    <L[2]
      <U4[1] 9>
      <L[3]
        <A[16] "2021111117111786">
        <L[0]
        >
        <U8[1] 2147942656>
      >
    >
  >
>
.
17:12:13.628: Send S6F12(486995545).
00 00 06 0C 00 00 1D 06 F6 59   21 01 00 
S6F12
<B[1] 0x00>
.
17:12:20.863: Receive S5F1(486995546).
00 00 85 01 00 00 1D 06 F6 5A   01 03 21 01 80 A1 08 00 00 00   
03 80 FD 00 91 41 33 57 61 66   65 72 20 6D 61 67 61 7A 69 6E   
65 20 63 68 61 6E 67 65 64 2E   20 57 61 73 20 61 20 6E 65 77   
20 6D 61 67 61 7A 69 6E 65 20   6D 6F 75 6E 74 65 64 3F 
S5F1 W
<L[3]
  <B[1] 0x80>
  <U8[1] 2164064401>
  <A[51] "Wafer magazine changed. Was a new magazine mounted?">
>
.
17:12:20.896: Send S5F2(486995546).
00 00 05 02 00 00 1D 06 F6 5A   21 01 00 
S5F2
<B[1] 0x00>
.
17:12:20.949: Receive S6F11(486995547).
00 00 86 0B 00 00 1D 06 F6 5B   01 03 B1 04 00 00 01 7A B1 04   
00 00 00 08 01 01 01 02 B1 04   00 00 00 08 01 04 01 04 A1 08   
00 00 00 03 80 FD 00 91 A1 08   00 00 00 1E 80 FD 00 91 A1 08   
00 00 00 04 80 FD 00 91 A1 08   00 00 00 28 80 FD 00 91 A1 08   
00 00 00 03 80 FD 00 91 41 33   57 61 66 65 72 20 6D 61 67 61   
7A 69 6E 65 20 63 68 61 6E 67   65 64 2E 20 57 61 73 20 61 20   
6E 65 77 20 6D 61 67 61 7A 69   6E 65 20 6D 6F 75 6E 74 65 64   
3F 41 10 32 30 32 31 31 31 31   31 31 37 31 31 32 35 32 35 
S6F11 W
<L[3]
  <U4[1] 378>
  <U4[1] 8>
  <L[1]
    <L[2]
      <U4[1] 8>
      <L[4]
        <L[4]
          <U8[1] 2164064401>
          <U8[1] 2164064401>
          <U8[1] 2164064401>
          <U8[1] 2164064401>
        >
        <U8[1] 2164064401>
        <A[51] "Wafer magazine changed. Was a new magazine mounted?">
        <A[16] "2021111117112525">
      >
    >
  >
>
.
17:12:21.014: Send S6F12(486995547).
00 00 06 0C 00 00 1D 06 F6 5B   21 01 00 
S6F12
<B[1] 0x00>
.
17:12:22.602: Send S6F15(285701641).
00 00 86 0F 00 00 11 07 76 09   B1 04 00 00 04 4D 
S6F15 W
<U4[1] 1101>
.
17:12:22.651: Receive S6F16(285701641).
00 00 06 10 00 00 11 07 76 09   01 03 B1 04 00 00 01 7B B1 04   
00 00 04 4D 01 01 01 02 B1 04   00 00 04 4D 01 01 41 08 44 42   
43 30 30 30 30 37 
S6F16
<L[3]
  <U4[1] 379>
  <U4[1] 1101>
  <L[1]
    <L[2]
      <U4[1] 1101>
      <L[1]
        <A[8] "DBC00007">
      >
    >
  >
>
.
17:12:23.261: Receive S5F1(486995548).
00 00 85 01 00 00 1D 06 F6 5C   01 03 21 01 00 A1 08 00 00 00   
03 80 FD 00 91 41 33 57 61 66   65 72 20 6D 61 67 61 7A 69 6E   
65 20 63 68 61 6E 67 65 64 2E   20 57 61 73 20 61 20 6E 65 77   
20 6D 61 67 61 7A 69 6E 65 20   6D 6F 75 6E 74 65 64 3F 
S5F1 W
<L[3]
  <B[1] 0x00>
  <U8[1] 2164064401>
  <A[51] "Wafer magazine changed. Was a new magazine mounted?">
>
.
17:12:23.296: Send S5F2(486995548).
00 00 05 02 00 00 1D 06 F6 5C   21 01 00 
S5F2
<B[1] 0x00>
.
17:12:23.354: Receive S6F11(486995549).
00 00 86 0B 00 00 1D 06 F6 5D   01 03 B1 04 00 00 01 7C B1 04   
00 00 00 09 01 02 01 02 B1 04   00 00 00 0A 01 01 A5 01 05 01   
02 B1 04 00 00 00 09 01 03 41   10 32 30 32 31 31 31 31 31 31   
37 31 31 32 37 36 36 01 00 A1   08 00 00 00 03 80 FD 00 91 
S6F11 W
<L[3]
  <U4[1] 380>
  <U4[1] 9>
  <L[2]
    <L[2]
      <U4[1] 10>
      <L[1]
        <U1[1] 5>
      >
    >
    <L[2]
      <U4[1] 9>
      <L[3]
        <A[16] "2021111117112766">
        <L[0]
        >
        <U8[1] 2164064401>
      >
    >
  >
>
.
17:12:23.426: Send S6F12(486995549).
00 00 06 0C 00 00 1D 06 F6 5D   21 01 00 
S6F12
<B[1] 0x00>
.
17:12:36.019: Receive S5F1(486995550).
00 00 85 01 00 00 1D 06 F6 5E   01 03 21 01 80 A1 08 00 00 00   
04 80 06 03 00 41 0E 46 65 65   64 69 6E 20 74 69 6D 65 6F 75   
74 
S5F1 W
<L[3]
  <B[1] 0x80>
  <U8[1] 2147877632>
  <A[14] "Feedin timeout">
>
.
17:12:36.044: Send S5F2(486995550).
00 00 05 02 00 00 1D 06 F6 5E   21 01 00 
S5F2
<B[1] 0x00>
.
17:12:36.102: Receive S6F11(486995551).
00 00 86 0B 00 00 1D 06 F6 5F   01 03 B1 04 00 00 01 7D B1 04   
00 00 00 08 01 01 01 02 B1 04   00 00 00 08 01 04 01 05 A1 08   
00 00 00 04 80 06 03 00 A1 08   00 00 00 28 80 06 03 00 A1 08   
00 00 00 05 80 06 03 00 A1 08   00 00 00 3C 80 06 03 00 A1 08   
00 00 00 03 80 06 03 00 A1 08   00 00 00 04 80 06 03 00 41 0E   
46 65 65 64 69 6E 20 74 69 6D   65 6F 75 74 41 10 32 30 32 31   
31 31 31 31 31 37 31 31 34 30   34 30 
S6F11 W
<L[3]
  <U4[1] 381>
  <U4[1] 8>
  <L[1]
    <L[2]
      <U4[1] 8>
      <L[4]
        <L[5]
          <U8[1] 2147877632>
          <U8[1] 2147877632>
          <U8[1] 2147877632>
          <U8[1] 2147877632>
          <U8[1] 2147877632>
        >
        <U8[1] 2147877632>
        <A[14] "Feedin timeout">
        <A[16] "2021111117114040">
      >
    >
  >
>
.
17:12:36.170: Send S6F12(486995551).
00 00 06 0C 00 00 1D 06 F6 5F   21 01 00 
S6F12
<B[1] 0x00>
.
17:13:17.241: Receive S5F1(486995552).
00 00 85 01 00 00 1D 06 F6 60   01 03 21 01 00 A1 08 00 00 00   
04 80 06 03 00 41 0E 46 65 65   64 69 6E 20 74 69 6D 65 6F 75   
74 
S5F1 W
<L[3]
  <B[1] 0x00>
  <U8[1] 2147877632>
  <A[14] "Feedin timeout">
>
.
17:13:17.254: Send S5F2(486995552).
00 00 05 02 00 00 1D 06 F6 60   21 01 00 
S5F2
<B[1] 0x00>
.
17:13:17.298: Receive S6F11(486995553).
00 00 86 0B 00 00 1D 06 F6 61   01 03 B1 04 00 00 01 7E B1 04   
00 00 00 09 01 02 01 02 B1 04   00 00 00 0A 01 01 A5 01 05 01   
02 B1 04 00 00 00 09 01 03 41   10 32 30 32 31 31 31 31 31 31   
37 31 32 32 31 36 30 01 00 A1   08 00 00 00 04 80 06 03 00 
S6F11 W
<L[3]
  <U4[1] 382>
  <U4[1] 9>
  <L[2]
    <L[2]
      <U4[1] 10>
      <L[1]
        <U1[1] 5>
      >
    >
    <L[2]
      <U4[1] 9>
      <L[3]
        <A[16] "2021111117122160">
        <L[0]
        >
        <U8[1] 2147877632>
      >
    >
  >
>
.
17:13:17.334: Send S6F12(486995553).
00 00 06 0C 00 00 1D 06 F6 61   21 01 00 
S6F12
<B[1] 0x00>
.
17:14:16.160: Send S5F5(285701650).
00 00 85 05 00 00 11 07 76 12 
S5F5 W
.
17:14:16.171: Receive S9F7(486995554).
00 00 09 07 00 00 1D 06 F6 62   21 0A 00 00 85 05 00 00 11 07   
76 12 
S9F7
<B[10] 0x00 0x00 0x85 0x05 0x00 0x00 0x11 0x07 0x76 0x12>
.
17:14:26.495: Send S5F5(285701651).
00 00 85 05 00 00 11 07 76 13   01 00 
S5F5 W
<L[0]
>
.
17:14:26.538: Receive S9F7(486995555).
00 00 09 07 00 00 1D 06 F6 63   21 0A 00 00 85 05 00 00 11 07   
76 13 
S9F7
<B[10] 0x00 0x00 0x85 0x05 0x00 0x00 0x11 0x07 0x76 0x13>
.
17:15:01.180: T3 Timeout(285701650).
17:15:11.526: T3 Timeout(285701651).
17:15:52.043: Receive S5F1(486995556).
00 00 85 01 00 00 1D 06 F6 64   01 03 21 01 80 A1 08 00 00 00   
03 80 00 00 11 41 1A 44 65 61   64 6D 61 6E 20 62 75 74 74 6F   
6E 20 6E 6F 74 20 70 72 65 73   73 65 64 
S5F1 W
<L[3]
  <B[1] 0x80>
  <U8[1] 2147483665>
  <A[26] "Deadman button not pressed">
>
.
17:15:52.078: Send S5F2(486995556).
00 00 05 02 00 00 1D 06 F6 64   21 01 00 
S5F2
<B[1] 0x00>
.
17:15:52.122: Receive S6F11(486995557).
00 00 86 0B 00 00 1D 06 F6 65   01 03 B1 04 00 00 01 7F B1 04   
00 00 00 08 01 01 01 02 B1 04   00 00 00 08 01 04 01 08 A1 08   
00 00 00 03 80 00 00 11 A1 08   00 00 00 1E 80 00 00 11 A1 08   
00 00 00 04 80 00 00 11 A1 08   00 00 00 28 80 00 00 11 A1 08   
00 00 00 05 80 00 00 11 A1 08   00 00 00 3C 80 00 00 11 A1 08   
00 00 00 01 80 00 00 11 A1 08   00 00 00 0A 80 00 00 11 A1 08   
00 00 00 03 80 00 00 11 41 1A   44 65 61 64 6D 61 6E 20 62 75   
74 74 6F 6E 20 6E 6F 74 20 70   72 65 73 73 65 64 41 10 32 30   
32 31 31 31 31 31 31 37 31 34   35 36 34 33 
S6F11 W
<L[3]
  <U4[1] 383>
  <U4[1] 8>
  <L[1]
    <L[2]
      <U4[1] 8>
      <L[4]
        <L[8]
          <U8[1] 2147483665>
          <U8[1] 2147483665>
          <U8[1] 2147483665>
          <U8[1] 2147483665>
          <U8[1] 2147483665>
          <U8[1] 2147483665>
          <U8[1] 2147483665>
          <U8[1] 2147483665>
        >
        <U8[1] 2147483665>
        <A[26] "Deadman button not pressed">
        <A[16] "2021111117145643">
      >
    >
  >
>
.
17:15:52.200: Send S6F12(486995557).
00 00 06 0C 00 00 1D 06 F6 65   21 01 00 
S6F12
<B[1] 0x00>
.
17:16:14.760: Receive S5F1(486995558).
00 00 85 01 00 00 1D 06 F6 66   01 03 21 01 00 A1 08 00 00 00   
03 80 00 00 11 41 1A 44 65 61   64 6D 61 6E 20 62 75 74 74 6F   
6E 20 6E 6F 74 20 70 72 65 73   73 65 64 
S5F1 W
<L[3]
  <B[1] 0x00>
  <U8[1] 2147483665>
  <A[26] "Deadman button not pressed">
>
.
17:16:14.793: Send S5F2(486995558).
00 00 05 02 00 00 1D 06 F6 66   21 01 00 
S5F2
<B[1] 0x00>
.
17:16:14.836: Receive S6F11(486995559).
00 00 86 0B 00 00 1D 06 F6 67   01 03 B1 04 00 00 01 80 B1 04   
00 00 00 09 01 02 01 02 B1 04   00 00 00 0A 01 01 A5 01 05 01   
02 B1 04 00 00 00 09 01 03 41   10 32 30 32 31 31 31 31 31 31   
37 31 35 31 39 31 34 01 00 A1   08 00 00 00 03 80 00 00 11 
S6F11 W
<L[3]
  <U4[1] 384>
  <U4[1] 9>
  <L[2]
    <L[2]
      <U4[1] 10>
      <L[1]
        <U1[1] 5>
      >
    >
    <L[2]
      <U4[1] 9>
      <L[3]
        <A[16] "2021111117151914">
        <L[0]
        >
        <U8[1] 2147483665>
      >
    >
  >
>
.
17:16:14.897: Send S6F12(486995559).
00 00 06 0C 00 00 1D 06 F6 67   21 01 00 
S6F12
<B[1] 0x00>
.
17:17:35.733: Receive S5F1(486995560).
00 00 85 01 00 00 1D 06 F6 68   01 03 21 01 80 A1 08 00 00 00   
03 80 FD 00 91 41 33 57 61 66   65 72 20 6D 61 67 61 7A 69 6E   
65 20 63 68 61 6E 67 65 64 2E   20 57 61 73 20 61 20 6E 65 77   
20 6D 61 67 61 7A 69 6E 65 20   6D 6F 75 6E 74 65 64 3F 
S5F1 W
<L[3]
  <B[1] 0x80>
  <U8[1] 2164064401>
  <A[51] "Wafer magazine changed. Was a new magazine mounted?">
>
.
17:17:35.758: Send S5F2(486995560).
00 00 05 02 00 00 1D 06 F6 68   21 01 00 
S5F2
<B[1] 0x00>
.
17:17:35.804: Receive S6F11(486995561).
00 00 86 0B 00 00 1D 06 F6 69   01 03 B1 04 00 00 01 81 B1 04   
00 00 00 08 01 01 01 02 B1 04   00 00 00 08 01 04 01 04 A1 08   
00 00 00 03 80 FD 00 91 A1 08   00 00 00 1E 80 FD 00 91 A1 08   
00 00 00 04 80 FD 00 91 A1 08   00 00 00 28 80 FD 00 91 A1 08   
00 00 00 03 80 FD 00 91 41 33   57 61 66 65 72 20 6D 61 67 61   
7A 69 6E 65 20 63 68 61 6E 67   65 64 2E 20 57 61 73 20 61 20   
6E 65 77 20 6D 61 67 61 7A 69   6E 65 20 6D 6F 75 6E 74 65 64   
3F 41 10 32 30 32 31 31 31 31   31 31 37 31 36 34 30 31 31 
S6F11 W
<L[3]
  <U4[1] 385>
  <U4[1] 8>
  <L[1]
    <L[2]
      <U4[1] 8>
      <L[4]
        <L[4]
          <U8[1] 2164064401>
          <U8[1] 2164064401>
          <U8[1] 2164064401>
          <U8[1] 2164064401>
        >
        <U8[1] 2164064401>
        <A[51] "Wafer magazine changed. Was a new magazine mounted?">
        <A[16] "2021111117164011">
      >
    >
  >
>
.
17:17:35.871: Send S6F12(486995561).
00 00 06 0C 00 00 1D 06 F6 69   21 01 00 
S6F12
<B[1] 0x00>
.
17:17:48.324: Send S5F5(285701661).
S5F5 W
<U8[1] 9>
.
17:17:48.375: Receive S5F6(285701661).
00 00 05 06 00 00 11 07 76 1D   01 01 01 03 21 00 A1 08 00 00   
00 00 00 00 00 09 41 00 
S5F6
<L[1]
  <L[3]
    <B[0]>
    <U8[1] 9>
    <A[0] "">
  >
>
.
17:18:28.545: Send S5F5(285701663).
S5F5 W
<U8[1] 2147483647>
.
17:18:28.589: Receive S5F6(285701663).
00 00 05 06 00 00 11 07 76 1F   01 01 01 03 21 00 A1 08 00 00   
00 00 7F FF FF FF 41 00 
S5F6
<L[1]
  <L[3]
    <B[0]>
    <U8[1] 2147483647>
    <A[0] "">
  >
>
.
17:18:48.273: Send S5F5(285701664).
00 00 85 05 00 00 11 07 76 20 
S5F5 W
.
17:18:48.283: Receive S9F7(486995562).
00 00 09 07 00 00 1D 06 F6 6A   21 0A 00 00 85 05 00 00 11 07   
76 20 
S9F7
<B[10] 0x00 0x00 0x85 0x05 0x00 0x00 0x11 0x07 0x76 0x20>
.
17:19:33.291: T3 Timeout(285701664).
17:19:47.083: Send S5F5(285701666).
00 00 85 05 00 00 11 07 76 22   B1 04 59 9A 51 31 
S5F5 W
<U4[1] 1503285553>
.
17:19:47.130: Receive S5F6(285701666).
00 00 05 06 00 00 11 07 76 22   01 01 01 03 21 00 A1 08 00 00   
00 00 59 9A 51 31 41 00 
S5F6
<L[1]
  <L[3]
    <B[0]>
    <U8[1] 1503285553>
    <A[0] "">
  >
>
.
17:20:09.165: Send S5F5(285701668).
00 00 85 05 00 00 11 07 76 24   B1 04 00 00 00 09 
S5F5 W
<U4[1] 9>
.
17:20:09.209: Receive S5F6(285701668).
00 00 05 06 00 00 11 07 76 24   01 01 01 03 21 00 A1 08 00 00   
00 00 00 00 00 09 41 00 
S5F6
<L[1]
  <L[3]
    <B[0]>
    <U8[1] 9>
    <A[0] "">
  >
>
.
17:21:14.551: Send S6F19(285701670).
00 00 86 13 00 00 11 07 76 26   B1 04 00 00 03 F2 
S6F19 W
<U4[1] 1010>
.
17:21:14.597: Receive S6F20(285701670).
00 00 06 14 00 00 11 07 76 26   01 04 41 00 41 00 81 08 3F F0   
00 00 00 00 00 00 41 17 53 74   61 74 69 6F 6E 20 34 30 20 44   
69 65 20 42 6F 6E 64 65 72 20   32 
S6F20
<L[4]
  <A[0] "">
  <A[0] "">
  <F8[1] 1>
  <A[23] "Station 40 Die Bonder 2">
>
.
HSMS Communication Disconnected!
