SECS Emulator v1.5  2001/09/05
HSMS Communication Started!

HSMS Communication Disconnected!
SECS Emulator v1.5  2001/09/05
HSMS Communication Started!
HSMS Communication Disconnected!
SECS Emulator v1.5  2001/09/05
HSMS Communication Started!
HSMS Communication Disconnected!
SECS Emulator v1.5  2001/09/05
HSMS Communication Started!
16:08:37.659: Send S1F1(110349766).
00 01 81 01 00 00 06 93 CD C6 
S1F1 W
.
16:08:37.663: Receive S1F2(110349766).
00 00 01 02 00 00 06 93 CD C6   01 02 41 0B 56 69 73 75 61 6C   
4C 69 6E 65 73 41 07 31 2E 35   2E 30 2E 30 
S1F2
<L[2]
  <A[11] "VisualLines">
  <A[7] "1.5.0.0">
>
.
HSMS Communication Disconnected!
SECS Emulator v1.5  2001/09/05
HSMS Communication Started!
16:09:11.819: Send S1F1(110393235).
00 00 81 01 00 00 06 94 77 93 
S1F1 W
.
16:09:11.822: Receive S1F2(110393235).
00 00 01 02 00 00 06 94 77 93   01 02 41 0B 56 69 73 75 61 6C   
4C 69 6E 65 73 41 07 31 2E 35   2E 30 2E 30 
S1F2
<L[2]
  <A[11] "VisualLines">
  <A[7] "1.5.0.0">
>
.
16:10:24.270: Send S1F11(110393237).
00 00 81 0B 00 00 06 94 77 95   01 01 B1 04 00 00 00 0C 
S1F11 W
<L[1]
  <U4[1] 12>
>
.
16:10:24.539: Receive S1F0(676494766).
00 00 01 00 00 00 28 52 7D AE 
S1F0
.
16:10:44.769: Send S1F11(110393238).
00 00 81 0B 00 00 06 94 77 96   01 00 
S1F11 W
<L[0]
>
.
16:10:44.825: Receive S1F0(676494767).
00 00 01 00 00 00 28 52 7D AF 
S1F0
.
HSMS Communication Disconnected!
SECS Emulator v1.5  2001/09/05
HSMS Communication Started!
16:11:09.723: Send S1F1(110510501).
00 01 81 01 00 00 06 96 41 A5 
S1F1 W
.
16:11:09.726: Receive S1F2(110510501).
00 00 01 02 00 00 06 96 41 A5   01 02 41 0B 56 69 73 75 61 6C   
4C 69 6E 65 73 41 07 31 2E 35   2E 30 2E 30 
S1F2
<L[2]
  <A[11] "VisualLines">
  <A[7] "1.5.0.0">
>
.
16:11:14.864: Send S1F13(110510502).
00 01 81 0D 00 00 06 96 41 A6   01 00 
S1F13 W
<L[0]
>
.
16:11:14.910: Receive S9F1(676494768).
00 00 09 01 00 00 28 52 7D B0   21 0A 00 01 81 0D 00 00 06 96   
41 A6 
S9F1
<B[10] 0x00 0x01 0x81 0x0D 0x00 0x00 0x06 0x96 0x41 0xA6>
.
16:11:58.524: Send S1F11(110510503).
00 01 81 0B 00 00 06 96 41 A7   01 01 B1 04 00 00 00 0C 
S1F11 W
<L[1]
  <U4[1] 12>
>
.
16:11:58.572: Receive S9F1(676494769).
00 00 09 01 00 00 28 52 7D B1   21 0A 00 01 81 0B 00 00 06 96   
41 A7 
S9F1
<B[10] 0x00 0x01 0x81 0x0B 0x00 0x00 0x06 0x96 0x41 0xA7>
.
16:11:59.875: T3 Timeout(110510502).
HSMS Communication Disconnected!
SECS Emulator v1.5  2001/09/05
HSMS Communication Started!
16:12:26.247: Send S1F13(110582516).
00 01 81 0D 00 00 06 97 5A F4   01 00 
S1F13 W
<L[0]
>
.
16:12:26.298: Receive S9F1(676494770).
00 00 09 01 00 00 28 52 7D B2   21 0A 00 01 81 0D 00 00 06 97   
5A F4 
S9F1
<B[10] 0x00 0x01 0x81 0x0D 0x00 0x00 0x06 0x97 0x5A 0xF4>
.
16:13:11.263: T3 Timeout(110582516).
16:13:16.120: Send S1F1(110582517).
00 01 81 01 00 00 06 97 5A F5 
S1F1 W
.
16:13:16.122: Receive S1F2(110582517).
00 00 01 02 00 00 06 97 5A F5   01 02 41 0B 56 69 73 75 61 6C   
4C 69 6E 65 73 41 07 31 2E 35   2E 30 2E 30 
S1F2
<L[2]
  <A[11] "VisualLines">
  <A[7] "1.5.0.0">
>
.
16:13:55.516: Send S1F17(110582519).
00 01 81 11 00 00 06 97 5A F7 
S1F17 W
.
16:13:55.519: Receive S9F1(676494771).
00 00 09 01 00 00 28 52 7D B3   21 0A 00 01 81 11 00 00 06 97   
5A F7 
S9F1
<B[10] 0x00 0x01 0x81 0x11 0x00 0x00 0x06 0x97 0x5A 0xF7>
.
16:14:04.066: Send S1F13(110582520).
00 01 81 0D 00 00 06 97 5A F8   01 00 
S1F13 W
<L[0]
>
.
16:14:04.111: Receive S9F1(676494772).
00 00 09 01 00 00 28 52 7D B4   21 0A 00 01 81 0D 00 00 06 97   
5A F8 
S9F1
<B[10] 0x00 0x01 0x81 0x0D 0x00 0x00 0x06 0x97 0x5A 0xF8>
.
16:14:40.524: T3 Timeout(110582519).
16:14:49.072: T3 Timeout(110582520).
16:15:15.040: Send S1F13(110582522).
00 01 81 0D 00 00 06 97 5A FA   01 00 
S1F13 W
<L[0]
>
.
16:15:15.086: Receive S9F1(676494773).
00 00 09 01 00 00 28 52 7D B5   21 0A 00 01 81 0D 00 00 06 97   
5A FA 
S9F1
<B[10] 0x00 0x01 0x81 0x0D 0x00 0x00 0x06 0x97 0x5A 0xFA>
.
16:16:00.048: T3 Timeout(110582522).
HSMS Communication Disconnected!
SECS Emulator v1.5  2001/09/05
HSMS Communication Started!
16:16:35.356: Send S1F1(110836313).
00 00 81 01 00 00 06 9B 3A 59 
S1F1 W
.
16:16:35.360: Receive S1F2(110836313).
00 00 01 02 00 00 06 9B 3A 59   01 02 41 0B 56 69 73 75 61 6C   
4C 69 6E 65 73 41 07 31 2E 35   2E 30 2E 30 
S1F2
<L[2]
  <A[11] "VisualLines">
  <A[7] "1.5.0.0">
>
.
16:16:39.008: Send S1F11(110836314).
00 00 81 0B 00 00 06 9B 3A 5A   01 01 B1 04 00 00 00 0C 
S1F11 W
<L[1]
  <U4[1] 12>
>
.
16:16:39.051: Receive S1F0(676494774).
00 00 01 00 00 00 28 52 7D B6 
S1F0
.
16:16:53.280: Send S2F17(110836315).
00 00 82 11 00 00 06 9B 3A 5B 
S2F17 W
.
16:16:53.282: Receive S2F0(676494775).
00 00 02 00 00 00 28 52 7D B7 
S2F0
.
16:17:24.022: T3 Timeout(110836314).
16:17:38.283: T3 Timeout(110836315).
17:08:35.199: Send S1F1(110836368).
00 00 81 01 00 00 06 9B 3A 90 
S1F1 W
.
17:08:35.211: Receive S1F2(110836368).
00 00 01 02 00 00 06 9B 3A 90   01 02 41 0B 56 69 73 75 61 6C   
4C 69 6E 65 73 41 07 31 2E 35   2E 30 2E 30 
S1F2
<L[2]
  <A[11] "VisualLines">
  <A[7] "1.5.0.0">
>
.
17:08:39.107: Send S1F13(110836369).
00 00 81 0D 00 00 06 9B 3A 91   01 00 
S1F13 W
<L[0]
>
.
17:08:39.151: Receive S6F11(676494776).
00 00 06 0B 00 00 28 52 7D B8   01 03 B1 04 00 00 00 2B B1 04   
00 00 00 02 01 01 01 02 B1 04   00 00 00 0A 01 01 A5 01 05 
S6F11
<L[3]
  <U4[1] 43>
  <U4[1] 2>
  <L[1]
    <L[2]
      <U4[1] 10>
      <L[1]
        <U1[1] 5>
      >
    >
  >
>
.
17:08:39.194: Send S6F12(676494776).
00 00 06 0C 00 00 28 52 7D B8   21 01 00 
S6F12
<B[1] 0x00>
.
17:08:39.205: Receive S1F14(110836369).
00 00 01 0E 00 00 06 9B 3A 91   01 02 A5 01 00 01 02 41 0B 56   
69 73 75 61 6C 4C 69 6E 65 73   41 07 31 2E 35 2E 30 2E 30 
S1F14
<L[2]
  <U1[1] 0>
  <L[2]
    <A[11] "VisualLines">
    <A[7] "1.5.0.0">
  >
>
.
17:09:36.410: Receive S6F11(676494777).
00 00 86 0B 00 00 28 52 7D B9   01 03 B1 04 00 00 00 2C B1 04   
00 00 03 F2 01 01 01 02 B1 04   00 00 03 F2 01 05 41 0A 46 44   
30 30 30 39 36 31 20 38 41 00   41 00 81 08 3F F0 00 00 00 00   
00 00 41 17 49 6E 66 6F 74 65   63 68 2E 4C 69 6E 65 2E 53 74   
61 74 69 6F 6E 33 30 
S6F11 W
<L[3]
  <U4[1] 44>
  <U4[1] 1010>
  <L[1]
    <L[2]
      <U4[1] 1010>
      <L[5]
        <A[10] "FD000961 8">
        <A[0] "">
        <A[0] "">
        <F8[1] 1>
        <A[23] "Infotech.Line.Station30">
      >
    >
  >
>
.
17:09:36.465: Send S6F12(676494777).
00 00 06 0C 00 00 28 52 7D B9   21 01 00 
S6F12
<B[1] 0x00>
.
17:16:57.813: Send S1F15(110836380).
00 00 81 0F 00 00 06 9B 3A 9C 
S1F15 W
.
17:16:57.825: Receive S1F16(110836380).
00 00 01 10 00 00 06 9B 3A 9C   21 01 00 
S1F16
<B[1] 0x00>
.
17:16:57.858: Receive S6F11(676494778).
00 00 06 0B 00 00 28 52 7D BA   01 03 B1 04 00 00 00 2D B1 04   
00 00 00 00 01 01 01 02 B1 04   00 00 00 0A 01 01 A5 01 05 
S6F11
<L[3]
  <U4[1] 45>
  <U4[1] 0>
  <L[1]
    <L[2]
      <U4[1] 10>
      <L[1]
        <U1[1] 5>
      >
    >
  >
>
.
17:16:57.908: Send S6F12(676494778).
00 00 06 0C 00 00 28 52 7D BA   21 01 00 
S6F12
<B[1] 0x00>
.
17:17:21.360: Send S1F17(110836382).
00 00 81 11 00 00 06 9B 3A 9E 
S1F17 W
.
17:17:21.370: Receive S1F18(110836382).
00 00 01 12 00 00 06 9B 3A 9E   21 01 01 
S1F18
<B[1] 0x01>
.
17:17:32.427: Send S1F13(110836383).
00 00 81 0D 00 00 06 9B 3A 9F   01 00 
S1F13 W
<L[0]
>
.
17:17:32.473: Receive S6F11(676494779).
00 00 06 0B 00 00 28 52 7D BB   01 03 B1 04 00 00 00 2E B1 04   
00 00 00 02 01 01 01 02 B1 04   00 00 00 0A 01 01 A5 01 05 
S6F11
<L[3]
  <U4[1] 46>
  <U4[1] 2>
  <L[1]
    <L[2]
      <U4[1] 10>
      <L[1]
        <U1[1] 5>
      >
    >
  >
>
.
17:17:32.513: Send S6F12(676494779).
00 00 06 0C 00 00 28 52 7D BB   21 01 00 
S6F12
<B[1] 0x00>
.
17:17:32.529: Receive S1F14(110836383).
00 00 01 0E 00 00 06 9B 3A 9F   01 02 A5 01 00 01 02 41 0B 56   
69 73 75 61 6C 4C 69 6E 65 73   41 07 31 2E 35 2E 30 2E 30 
S1F14
<L[2]
  <U1[1] 0>
  <L[2]
    <A[11] "VisualLines">
    <A[7] "1.5.0.0">
  >
>
.
Remote Server Disconnected!
HSMS Communication Disconnected!
HSMS Communication Disconnected!
SECS Emulator v1.5  2001/09/05
HSMS Communication Started!
19:29:48.471: Receive S6F11(32770).
00 01 86 0B 00 00 00 00 80 02   01 03 B1 04 00 00 00 00 B1 04   
00 00 01 90 01 01 01 02 B1 04   00 00 00 01 01 01 A5 01 05 
S6F11 W
<L[3]
  <U4[1] 0>
  <U4[1] 400>
  <L[1]
    <L[2]
      <U4[1] 1>
      <L[1]
        <U1[1] 5>
      >
    >
  >
>
.
19:29:48.485: Send S6F12(32770).
00 01 06 0C 00 00 00 00 80 02   21 01 00 
S6F12
<B[1] 0x00>
.
19:29:48.791: Receive S6F11(32771).
00 01 86 0B 00 00 00 00 80 03   01 03 B1 04 00 00 00 00 B1 04   
00 00 01 90 01 01 01 02 B1 04   00 00 00 01 01 01 A5 01 05 
S6F11 W
<L[3]
  <U4[1] 0>
  <U4[1] 400>
  <L[1]
    <L[2]
      <U4[1] 1>
      <L[1]
        <U1[1] 5>
      >
    >
  >
>
.
19:29:48.802: Send S6F12(32771).
00 01 06 0C 00 00 00 00 80 03   21 01 00 
S6F12
<B[1] 0x00>
.
19:30:08.101: Receive S6F11(32772).
00 01 86 0B 00 00 00 00 80 04   01 03 B1 04 00 00 00 00 B1 04   
00 00 03 E8 01 01 01 02 B1 04   00 00 07 D0 01 01 41 0A 30 31   
32 38 32 31 31 30 34 36 
S6F11 W
<L[3]
  <U4[1] 0>
  <U4[1] 1000>
  <L[1]
    <L[2]
      <U4[1] 2000>
      <L[1]
        <A[10] "0128211046">
      >
    >
  >
>
.
19:30:08.115: Send S6F12(32772).
00 01 06 0C 00 00 00 00 80 04   21 01 00 
S6F12
<B[1] 0x00>
.
19:30:26.408: Send S2F41(122430925).
00 01 82 29 00 00 07 4C 25 CD   01 02 41 09 50 50 2D 53 45 4C   
45 43 54 01 01 01 02 41 04 50   50 49 44 41 09 58 2D 33 32 2D   
33 34 33 39 
S2F41 W
<L[2]
  <A[9] "PP-SELECT">
  <L[1]
    <L[2]
      <A[4] "PPID">
      <A[9] "X-32-3439">
    >
  >
>
.
19:30:27.381: Receive S2F42(122430925).
00 01 02 2A 00 00 07 4C 25 CD   01 02 21 01 00 01 00 
S2F42
<L[2]
  <B[1] 0x00>
  <L[0]
  >
>
.
19:33:08.599: Receive S6F11(32773).
00 01 86 0B 00 00 00 00 80 05   01 03 B1 04 00 00 00 00 B1 04   
00 00 03 E9 01 01 01 02 B1 04   00 00 07 D1 01 01 41 0B 02 30   
31 32 38 32 31 31 30 34 36 
S6F11 W
<L[3]
  <U4[1] 0>
  <U4[1] 1001>
  <L[1]
    <L[2]
      <U4[1] 2001>
      <L[1]
        <A[11] "0128211046">
      >
    >
  >
>
.
19:33:08.623: Send S6F12(32773).
00 01 06 0C 00 00 00 00 80 05   21 01 00 
S6F12
<B[1] 0x00>
.
Remote Server Disconnected!
HSMS Communication Disconnected!
HSMS Communication Disconnected!
