SECS Emulator v1.5  2001/09/05
HSMS Communication Started!
15:58:12.021: Send S1F1(1664352516).
00 01 81 01 00 00 63 34 01 04 
S1F1 W
.
15:58:12.023: Receive S1F2(1664352516).
00 00 01 02 00 00 63 34 01 04   01 02 41 0B 56 69 73 75 61 6C   
4C 69 6E 65 73 41 08 31 2E 31   30 2E 30 2E 30 
S1F2
<L[2]
  <A[11] "VisualLines">
  <A[8] "1.10.0.0">
>
.
16:00:33.950: Send S1F13(1664352519).
00 01 81 0D 00 00 63 34 01 07   01 00 
S1F13 W
<L[0]
>
.
16:00:34.008: Receive S9F1(945123761).
00 00 09 01 00 00 38 55 71 B1   21 0A 00 01 81 0D 00 00 63 34   
01 07 
S9F1
<B[10] 0x00 0x01 0x81 0x0D 0x00 0x00 0x63 0x34 0x01 0x07>
.
16:00:42.232: Send S1F15(1664352520).
00 01 81 0F 00 00 63 34 01 08 
S1F15 W
.
16:00:42.234: Receive S9F1(945123762).
00 00 09 01 00 00 38 55 71 B2   21 0A 00 01 81 0F 00 00 63 34   
01 08 
S9F1
<B[10] 0x00 0x01 0x81 0x0F 0x00 0x00 0x63 0x34 0x01 0x08>
.
16:00:45.099: Send S1F17(1664352521).
00 01 81 11 00 00 63 34 01 09 
S1F17 W
.
16:00:45.102: Receive S9F1(945123763).
00 00 09 01 00 00 38 55 71 B3   21 0A 00 01 81 11 00 00 63 34   
01 09 
S9F1
<B[10] 0x00 0x01 0x81 0x11 0x00 0x00 0x63 0x34 0x01 0x09>
.
HSMS Communication Disconnected!
SECS Emulator v1.5  2001/09/05
HSMS Communication Started!
16:01:16.509: Send S1F1(1664544579).
00 00 81 01 00 00 63 36 EF 43 
S1F1 W
.
16:01:16.513: Receive S1F2(1664544579).
00 00 01 02 00 00 63 36 EF 43   01 02 41 0B 56 69 73 75 61 6C   
4C 69 6E 65 73 41 08 31 2E 31   30 2E 30 2E 30 
S1F2
<L[2]
  <A[11] "VisualLines">
  <A[8] "1.10.0.0">
>
.
16:01:22.873: Send S1F13(1664544580).
00 00 81 0D 00 00 63 36 EF 44   01 00 
S1F13 W
<L[0]
>
.
16:01:22.933: Receive S6F11(945123764).
00 00 06 0B 00 00 38 55 71 B4   01 03 B1 04 00 00 00 B7 B1 04   
00 00 00 02 01 01 01 02 B1 04   00 00 00 0A 01 01 A5 01 05 
S6F11
<L[3]
  <U4[1] 183>
  <U4[1] 2>
  <L[1]
    <L[2]
      <U4[1] 10>
      <L[1]
        <U1[1] 5>
      >
    >
  >
>
.
16:01:22.944: Send S6F12(945123764).
00 00 06 0C 00 00 38 55 71 B4   21 01 00 
S6F12
<B[1] 0x00>
.
16:01:22.947: Receive S1F14(1664544580).
00 00 01 0E 00 00 63 36 EF 44   01 02 A5 01 00 01 02 41 0B 56   
S1F14
<L[2]
  <U1[1] 0>
  <L[2]
    <A[11] "VisualLines">
    <A[8] "1.10.0.0">
  >
>
.
16:01:41.575: Receive S5F1(945123765).
00 00 85 01 00 00 38 55 71 B5   01 03 21 01 80 A1 08 00 00 00   
01 80 02 00 0F 41 0C 55 6E 6B   6E 6F 77 6E 20 41 78 69 73 
S5F1 W
<L[3]
  <B[1] 0x80>
  <U8[1] 2147614735>
  <A[12] "Unknown Axis">
>
.
16:01:41.579: Send S5F2(945123765).
00 00 05 02 00 00 38 55 71 B5   21 01 00 
S5F2
<B[1] 0x00>
.
16:01:41.631: Receive S6F11(945123766).
00 00 86 0B 00 00 38 55 71 B6   01 03 B1 04 00 00 00 B8 B1 04   
00 00 00 08 01 01 01 02 B1 04   00 00 00 08 01 04 01 04 A1 08   
00 00 00 01 80 02 00 0F A1 08   00 00 00 1E 80 02 00 0F A1 08   
00 00 00 02 80 02 00 0F A1 08   00 00 00 0A 80 02 00 0F A1 08   
00 00 00 01 80 02 00 0F 41 0C   55 6E 6B 6E 6F 77 6E 20 41 78   
S6F11 W
<L[3]
  <U4[1] 184>
  <U4[1] 8>
  <L[1]
    <L[2]
      <U4[1] 8>
      <L[4]
        <L[4]
          <U8[1] 2147614735>
          <U8[1] 2147614735>
          <U8[1] 2147614735>
          <U8[1] 2147614735>
        >
        <U8[1] 2147614735>
        <A[12] "Unknown Axis">
        <A[16] "2022010616021480">
      >
    >
  >
>
.
16:01:41.641: Send S6F12(945123766).
00 00 06 0C 00 00 38 55 71 B6   21 01 00 
S6F12
<B[1] 0x00>
.
16:01:43.725: Receive S5F1(945123767).
00 00 85 01 00 00 38 55 71 B7   01 03 21 01 00 A1 08 00 00 00   
01 80 02 00 0F 41 0C 55 6E 6B   6E 6F 77 6E 20 41 78 69 73 
S5F1 W
<L[3]
  <B[1] 0x00>
  <U8[1] 2147614735>
  <A[12] "Unknown Axis">
>
.
16:01:43.739: Send S5F2(945123767).
00 00 05 02 00 00 38 55 71 B7   21 01 00 
S5F2
<B[1] 0x00>
.
16:01:43.787: Receive S6F11(945123768).
00 00 86 0B 00 00 38 55 71 B8   01 03 B1 04 00 00 00 B9 B1 04   
00 00 00 09 01 01 01 02 B1 04   00 00 00 09 01 03 41 10 32 30   
32 32 30 31 30 36 31 36 30 32   31 36 39 36 01 00 A1 08 00 00   
00 01 80 02 00 0F 
S6F11 W
<L[3]
  <U4[1] 185>
  <U4[1] 9>
  <L[1]
    <L[2]
      <U4[1] 9>
      <L[3]
        <A[16] "2022010616021696">
        <L[0]
        >
        <U8[1] 2147614735>
      >
    >
  >
>
.
16:01:43.795: Send S6F12(945123768).
00 00 06 0C 00 00 38 55 71 B8   21 01 00 
S6F12
<B[1] 0x00>
.
16:01:47.416: Receive S5F1(945123769).
00 00 85 01 00 00 38 55 71 B9   01 03 21 01 80 A1 08 00 00 00   
0A 80 00 00 11 41 1A 44 65 61   64 6D 61 6E 20 62 75 74 74 6F   
6E 20 6E 6F 74 20 70 72 65 73   73 65 64 
S5F1 W
<L[3]
  <B[1] 0x80>
  <U8[1] 2147483665>
  <A[26] "Deadman button not pressed">
>
.
16:01:47.422: Send S5F2(945123769).
00 00 05 02 00 00 38 55 71 B9   21 01 00 
S5F2
<B[1] 0x00>
.
16:01:47.473: Receive S6F11(945123770).
00 00 86 0B 00 00 38 55 71 BA   01 03 B1 04 00 00 00 BA B1 04   
00 00 00 08 01 01 01 02 B1 04   00 00 00 08 01 04 01 04 A1 08   
00 00 00 0A 80 00 00 11 A1 08   00 00 00 02 80 00 00 11 A1 08   
00 00 00 01 80 00 00 11 A1 08   00 00 00 1E 80 00 00 11 A1 08   
00 00 00 0A 80 00 00 11 41 1A   44 65 61 64 6D 61 6E 20 62 75   
74 74 6F 6E 20 6E 6F 74 20 70   72 65 73 73 65 64 41 10 32 30   
32 32 30 31 30 36 31 36 30 32   32 30 36 34 
S6F11 W
<L[3]
  <U4[1] 186>
  <U4[1] 8>
  <L[1]
    <L[2]
      <U4[1] 8>
      <L[4]
        <L[4]
          <U8[1] 2147483665>
          <U8[1] 2147483665>
          <U8[1] 2147483665>
          <U8[1] 2147483665>
        >
        <U8[1] 2147483665>
        <A[26] "Deadman button not pressed">
        <A[16] "2022010616022064">
      >
    >
  >
>
.
16:01:47.487: Send S6F12(945123770).
00 00 06 0C 00 00 38 55 71 BA   21 01 00 
S6F12
<B[1] 0x00>
.
16:02:04.266: Send S1F15(1664544588).
00 00 81 0F 00 00 63 36 EF 4C 
S1F15 W
.
16:02:04.278: Receive S1F16(1664544588).
00 00 01 10 00 00 63 36 EF 4C   21 01 00 
S1F16
<B[1] 0x00>
.
16:02:04.314: Receive S6F11(945123771).
00 00 06 0B 00 00 38 55 71 BB   01 03 B1 04 00 00 00 BB B1 04   
00 00 00 00 01 01 01 02 B1 04   00 00 00 0A 01 01 A5 01 05 
S6F11
<L[3]
  <U4[1] 187>
  <U4[1] 0>
  <L[1]
    <L[2]
      <U4[1] 10>
      <L[1]
        <U1[1] 5>
      >
    >
  >
>
.
16:02:04.357: Send S6F12(945123771).
00 00 06 0C 00 00 38 55 71 BB   21 01 00 
S6F12
<B[1] 0x00>
.
16:02:15.358: Send S1F17(1664544591).
00 00 81 11 00 00 63 36 EF 4F 
S1F17 W
.
16:02:15.369: Receive S1F18(1664544591).
00 00 01 12 00 00 63 36 EF 4F   21 01 00 
S1F18
<B[1] 0x00>
.
16:02:15.408: Receive S6F11(945123772).
00 00 06 0B 00 00 38 55 71 BC   01 03 B1 04 00 00 00 BC B1 04   
00 00 00 02 01 01 01 02 B1 04   00 00 00 0A 01 01 A5 01 05 
S6F11
<L[3]
  <U4[1] 188>
  <U4[1] 2>
  <L[1]
    <L[2]
      <U4[1] 10>
      <L[1]
        <U1[1] 5>
      >
    >
  >
>
.
16:02:15.462: Send S6F12(945123772).
00 00 06 0C 00 00 38 55 71 BC   21 01 00 
S6F12
<B[1] 0x00>
.
16:02:17.999: Receive S5F1(945123773).
00 00 85 01 00 00 38 55 71 BD   01 03 21 01 00 A1 08 00 00 00   
0A 80 00 00 11 41 1A 44 65 61   64 6D 61 6E 20 62 75 74 74 6F   
6E 20 6E 6F 74 20 70 72 65 73   73 65 64 
S5F1 W
<L[3]
  <B[1] 0x00>
  <U8[1] 2147483665>
  <A[26] "Deadman button not pressed">
>
.
16:02:18.025: Send S5F2(945123773).
00 00 05 02 00 00 38 55 71 BD   21 01 00 
S5F2
<B[1] 0x00>
.
16:02:18.074: Receive S6F11(945123774).
00 00 86 0B 00 00 38 55 71 BE   01 03 B1 04 00 00 00 BD B1 04   
00 00 00 09 01 01 01 02 B1 04   00 00 00 09 01 03 41 10 32 30   
32 32 30 31 30 36 31 36 30 32   35 31 32 34 01 00 A1 08 00 00   
00 0A 80 00 00 11 
S6F11 W
<L[3]
  <U4[1] 189>
  <U4[1] 9>
  <L[1]
    <L[2]
      <U4[1] 9>
      <L[3]
        <A[16] "2022010616025124">
        <L[0]
        >
        <U8[1] 2147483665>
      >
    >
  >
>
.
16:02:18.125: Send S6F12(945123774).
00 00 06 0C 00 00 38 55 71 BE   21 01 00 
S6F12
<B[1] 0x00>
.
16:02:41.129: Send S1F15(1664544595).
00 00 81 0F 00 00 63 36 EF 53 
S1F15 W
.
16:02:41.140: Receive S1F16(1664544595).
00 00 01 10 00 00 63 36 EF 53   21 01 00 
S1F16
<B[1] 0x00>
.
16:02:41.175: Receive S6F11(945123775).
00 00 06 0B 00 00 38 55 71 BF   01 03 B1 04 00 00 00 BE B1 04   
00 00 00 00 01 01 01 02 B1 04   00 00 00 0A 01 01 A5 01 05 
S6F11
<L[3]
  <U4[1] 190>
  <U4[1] 0>
  <L[1]
    <L[2]
      <U4[1] 10>
      <L[1]
        <U1[1] 5>
      >
    >
  >
>
.
16:02:41.215: Send S6F12(945123775).
00 00 06 0C 00 00 38 55 71 BF   21 01 00 
S6F12
<B[1] 0x00>
.
16:02:45.561: Send S1F17(1664544597).
00 00 81 11 00 00 63 36 EF 55 
S1F17 W
.
16:02:45.571: Receive S1F18(1664544597).
00 00 01 12 00 00 63 36 EF 55   21 01 00 
S1F18
<B[1] 0x00>
.
16:02:45.615: Receive S6F11(945123776).
00 00 06 0B 00 00 38 55 71 C0   01 03 B1 04 00 00 00 BF B1 04   
00 00 00 02 01 01 01 02 B1 04   00 00 00 0A 01 01 A5 01 05 
S6F11
<L[3]
  <U4[1] 191>
  <U4[1] 2>
  <L[1]
    <L[2]
      <U4[1] 10>
      <L[1]
        <U1[1] 5>
      >
    >
  >
>
.
16:02:45.659: Send S6F12(945123776).
00 00 06 0C 00 00 38 55 71 C0   21 01 00 
S6F12
<B[1] 0x00>
.
16:08:45.796: Send S2F13(1664544605).
00 00 82 0D 00 00 63 36 EF 5D   01 01 B1 04 00 00 00 03 
S2F13 W
<L[1]
  <U4[1] 3>
>
.
16:08:45.846: Receive S2F14(1664544605).
00 00 02 0E 00 00 63 36 EF 5D   01 01 01 03 71 04 00 00 00 03   
41 0F 45 76 65 6E 74 52 65 70   6F 72 74 54 79 70 65 41 00 
S2F14
<L[1]
  <L[3]
    <I4[1] 3>
    <A[15] "EventReportType">
    <A[0] "">
  >
>
.
16:09:53.435: Send S2F15(1664544607).
00 00 82 0F 00 00 63 36 EF 5F   01 01 01 02 B1 04 00 00 00 03   
A9 02 00 01 
S2F15 W
<L[1]
  <L[2]
    <U4[1] 3>
    <U2[1] 1>
  >
>
.
16:09:53.485: Receive S9F7(945123777).
00 00 09 07 00 00 38 55 71 C1   21 0A 00 00 82 0F 00 00 63 36   
EF 5F 
S9F7
<B[10] 0x00 0x00 0x82 0x0F 0x00 0x00 0x63 0x36 0xEF 0x5F>
.
16:10:34.966: Send S2F15(1664544609).
00 00 82 0F 00 00 63 36 EF 61   01 01 01 02 B1 04 00 00 00 03   
B1 04 00 00 00 01 
S2F15 W
<L[1]
  <L[2]
    <U4[1] 3>
    <U4[1] 1>
  >
>
.
16:10:35.011: Receive S9F7(945123778).
00 00 09 07 00 00 38 55 71 C2   21 0A 00 00 82 0F 00 00 63 36   
EF 61 
S9F7
<B[10] 0x00 0x00 0x82 0x0F 0x00 0x00 0x63 0x36 0xEF 0x61>
.
16:10:38.475: T3 Timeout(1664544607).
16:10:42.522: Send S2F13(1664544610).
00 00 82 0D 00 00 63 36 EF 62   01 01 B1 04 00 00 00 03 
S2F13 W
<L[1]
  <U4[1] 3>
>
.
16:10:42.566: Receive S2F14(1664544610).
00 00 02 0E 00 00 63 36 EF 62   01 01 01 03 71 04 00 00 00 03   
41 0F 45 76 65 6E 74 52 65 70   6F 72 74 54 79 70 65 41 00 
S2F14
<L[1]
  <L[3]
    <I4[1] 3>
    <A[15] "EventReportType">
    <A[0] "">
  >
>
.
16:11:19.997: T3 Timeout(1664544609).
16:11:25.829: Send S2F15(1664544612).
00 00 82 0F 00 00 63 36 EF 64   01 01 01 02 B1 04 00 00 00 03   
41 01 31 
S2F15 W
<L[1]
  <L[2]
    <U4[1] 3>
    <A[1] "1">
  >
>
.
16:11:25.875: Receive S9F7(945123779).
00 00 09 07 00 00 38 55 71 C3   21 0A 00 00 82 0F 00 00 63 36   
EF 64 
S9F7
<B[10] 0x00 0x00 0x82 0x0F 0x00 0x00 0x63 0x36 0xEF 0x64>
.
16:11:37.313: Send S2F13(1664544613).
00 00 82 0D 00 00 63 36 EF 65   01 01 B1 04 00 00 00 03 
S2F13 W
<L[1]
  <U4[1] 3>
>
.
16:11:37.357: Receive S2F14(1664544613).
00 00 02 0E 00 00 63 36 EF 65   01 01 01 03 71 04 00 00 00 03   
41 0F 45 76 65 6E 74 52 65 70   6F 72 74 54 79 70 65 41 00 
S2F14
<L[1]
  <L[3]
    <I4[1] 3>
    <A[15] "EventReportType">
    <A[0] "">
  >
>
.
16:12:10.868: T3 Timeout(1664544612).
16:12:16.896: Send S2F17(1664544615).
00 00 82 11 00 00 63 36 EF 67 
S2F17 W
.
16:12:16.906: Receive S2F18(1664544615).
00 00 02 12 00 00 63 36 EF 67   41 10 32 30 32 32 30 31 30 36   
31 36 31 32 35 30 30 38 
S2F18
<A[16] "2022010616125008">
.
16:13:28.291: Send S2F23(1664544617).
00 00 82 17 00 00 63 36 EF 69   01 05 B1 04 07 5B CD 15 41 06   
30 30 30 30 30 33 B1 04 00 00   00 1B B1 04 00 00 00 03 01 01   
B1 04 00 00 00 04 
S2F23 W
<L[5]
  <U4[1] 123456789>
  <A[6] "000003">
  <U4[1] 27>
  <U4[1] 3>
  <L[1]
    <U4[1] 4>
  >
>
.
16:13:28.334: Receive S9F7(945123780).
00 00 09 07 00 00 38 55 71 C4   21 0A 00 00 82 17 00 00 63 36   
EF 69 
S9F7
<B[10] 0x00 0x00 0x82 0x17 0x00 0x00 0x63 0x36 0xEF 0x69>
.
16:14:13.341: T3 Timeout(1664544617).
16:14:27.847: Send S2F23(1664544619).
00 00 82 17 00 00 63 36 EF 6B   01 05 B1 04 07 5B CD 15 41 06   
30 30 30 30 30 33 B1 04 00 00   00 1B B1 04 00 00 00 03 01 01   
B1 04 00 00 00 05 
S2F23 W
<L[5]
  <U4[1] 123456789>
  <A[6] "000003">
  <U4[1] 27>
  <U4[1] 3>
  <L[1]
    <U4[1] 5>
  >
>
.
16:14:27.903: Receive S9F7(945123781).
00 00 09 07 00 00 38 55 71 C5   21 0A 00 00 82 17 00 00 63 36   
EF 6B 
S9F7
<B[10] 0x00 0x00 0x82 0x17 0x00 0x00 0x63 0x36 0xEF 0x6B>
.
16:15:12.899: T3 Timeout(1664544619).
16:17:33.553: Send S2F23(1664544623).
00 00 82 17 00 00 63 36 EF 6F   01 05 B1 04 07 5B CD 15 41 06   
30 30 30 30 30 33 B1 04 00 00   00 1B B1 04 00 00 00 03 01 01   
B1 04 00 00 00 0F 
S2F23 W
<L[5]
  <U4[1] 123456789>
  <A[6] "000003">
  <U4[1] 27>
  <U4[1] 3>
  <L[1]
    <U4[1] 15>
  >
>
.
16:17:33.609: Receive S9F7(945123782).
00 00 09 07 00 00 38 55 71 C6   21 0A 00 00 82 17 00 00 63 36   
EF 6F 
S9F7
<B[10] 0x00 0x00 0x82 0x17 0x00 0x00 0x63 0x36 0xEF 0x6F>
.
16:18:01.637: Send S2F25(1664544624).
00 00 82 19 00 00 63 36 EF 70   21 0A 00 01 02 03 04 05 06 07   
08 09 
S2F25 W
<B[10] 0x00 0x01 0x02 0x03 0x04 0x05 0x06 0x07 0x08 0x09>
.
16:18:01.695: Receive S9F7(945123783).
00 00 09 07 00 00 38 55 71 C7   21 0A 00 00 82 19 00 00 63 36   
EF 70 
S9F7
<B[10] 0x00 0x00 0x82 0x19 0x00 0x00 0x63 0x36 0xEF 0x70>
.
16:18:11.716: Send S2F25(1664544625).
00 00 82 19 00 00 63 36 EF 71   21 0A 00 01 02 03 04 05 06 07   
08 09 
S2F25 W
<B[10] 0x00 0x01 0x02 0x03 0x04 0x05 0x06 0x07 0x08 0x09>
.
16:18:11.770: Receive S9F7(945123784).
00 00 09 07 00 00 38 55 71 C8   21 0A 00 00 82 19 00 00 63 36   
EF 71 
S9F7
<B[10] 0x00 0x00 0x82 0x19 0x00 0x00 0x63 0x36 0xEF 0x71>
.
16:18:18.603: T3 Timeout(1664544623).
16:18:46.661: T3 Timeout(1664544624).
16:18:56.737: T3 Timeout(1664544625).
16:19:15.080: Send S2F25(1664544628).
00 00 82 19 00 00 63 36 EF 74   21 0A 00 01 02 03 04 05 06 07   
08 09 
S2F25 W
<B[10] 0x00 0x01 0x02 0x03 0x04 0x05 0x06 0x07 0x08 0x09>
.
16:19:15.123: Receive S9F7(945123785).
00 00 09 07 00 00 38 55 71 C9   21 0A 00 00 82 19 00 00 63 36   
EF 74 
S9F7
<B[10] 0x00 0x00 0x82 0x19 0x00 0x00 0x63 0x36 0xEF 0x74>
.
16:19:55.523: Send S2F29(1664544629).
00 00 82 1D 00 00 63 36 EF 75   01 00 
S2F29 W
<L[0]
>
.
Remote Server Disconnected!
HSMS Communication Disconnected!
HSMS Communication Disconnected!
SECS Emulator v1.5  2001/09/05
HSMS Communication Started!
16:20:11.257: Send S2F25(1665671922).
00 00 82 19 00 00 63 48 22 F2   21 0A 00 01 02 03 04 05 06 07   
08 09 
S2F25 W
<B[10] 0x00 0x01 0x02 0x03 0x04 0x05 0x06 0x07 0x08 0x09>
.
16:20:11.302: Receive S2F0(945123786).
00 00 02 00 00 00 38 55 71 CA 
S2F0
.
16:20:20.045: Send S1F1(1665671923).
00 00 81 01 00 00 63 48 22 F3 
S1F1 W
.
16:20:20.056: Receive S1F2(1665671923).
00 00 01 02 00 00 63 48 22 F3   01 02 41 0B 56 69 73 75 61 6C   
4C 69 6E 65 73 41 08 31 2E 31   30 2E 30 2E 30 
S1F2
<L[2]
  <A[11] "VisualLines">
  <A[8] "1.10.0.0">
>
.
16:20:23.753: Send S1F13(1665671924).
00 00 81 0D 00 00 63 48 22 F4   01 00 
S1F13 W
<L[0]
>
.
16:20:23.797: Receive S6F11(945123787).
00 00 06 0B 00 00 38 55 71 CB   01 03 B1 04 00 00 00 C0 B1 04   
00 00 00 02 01 01 01 02 B1 04   00 00 00 0A 01 01 A5 01 05 
S6F11
<L[3]
  <U4[1] 192>
  <U4[1] 2>
  <L[1]
    <L[2]
      <U4[1] 10>
      <L[1]
        <U1[1] 5>
      >
    >
  >
>
.
16:20:23.837: Send S6F12(945123787).
00 00 06 0C 00 00 38 55 71 CB   21 01 00 
S6F12
<B[1] 0x00>
.
16:20:23.848: Receive S1F14(1665671924).
00 00 01 0E 00 00 63 48 22 F4   01 02 A5 01 00 01 02 41 0B 56   
S1F14
<L[2]
  <U1[1] 0>
  <L[2]
    <A[11] "VisualLines">
    <A[8] "1.10.0.0">
  >
>
.
16:20:28.458: Send S1F15(1665671926).
00 00 81 0F 00 00 63 48 22 F6 
S1F15 W
.
16:20:28.471: Receive S1F16(1665671926).
00 00 01 10 00 00 63 48 22 F6   21 01 00 
S1F16
<B[1] 0x00>
.
16:20:28.512: Receive S6F11(945123788).
00 00 06 0B 00 00 38 55 71 CC   01 03 B1 04 00 00 00 C1 B1 04   
00 00 00 00 01 01 01 02 B1 04   00 00 00 0A 01 01 A5 01 05 
S6F11
<L[3]
  <U4[1] 193>
  <U4[1] 0>
  <L[1]
    <L[2]
      <U4[1] 10>
      <L[1]
        <U1[1] 5>
      >
    >
  >
>
.
16:20:28.555: Send S6F12(945123788).
00 00 06 0C 00 00 38 55 71 CC   21 01 00 
S6F12
<B[1] 0x00>
.
16:20:30.689: Send S1F17(1665671928).
00 00 81 11 00 00 63 48 22 F8 
S1F17 W
.
16:20:30.701: Receive S1F18(1665671928).
00 00 01 12 00 00 63 48 22 F8   21 01 00 
S1F18
<B[1] 0x00>
.
16:20:30.735: Receive S6F11(945123789).
00 00 06 0B 00 00 38 55 71 CD   01 03 B1 04 00 00 00 C2 B1 04   
00 00 00 02 01 01 01 02 B1 04   00 00 00 0A 01 01 A5 01 05 
S6F11
<L[3]
  <U4[1] 194>
  <U4[1] 2>
  <L[1]
    <L[2]
      <U4[1] 10>
      <L[1]
        <U1[1] 5>
      >
    >
  >
>
.
16:20:30.775: Send S6F12(945123789).
00 00 06 0C 00 00 38 55 71 CD   21 01 00 
S6F12
<B[1] 0x00>
.
16:20:36.101: Send S2F25(1665671930).
00 00 82 19 00 00 63 48 22 FA   21 0A 00 01 02 03 04 05 06 07   
08 09 
S2F25 W
<B[10] 0x00 0x01 0x02 0x03 0x04 0x05 0x06 0x07 0x08 0x09>
.
16:20:36.144: Receive S9F7(945123790).
00 00 09 07 00 00 38 55 71 CE   21 0A 00 00 82 19 00 00 63 48   
22 FA 
S9F7
<B[10] 0x00 0x00 0x82 0x19 0x00 0x00 0x63 0x48 0x22 0xFA>
.
16:20:41.679: Send S2F29(1665671931).
00 00 82 1D 00 00 63 48 22 FB   01 00 
S2F29 W
<L[0]
>
.
16:20:41.726: Receive S2F30(1665671931).
00 00 02 1E 00 00 63 48 22 FB   01 03 01 06 B1 04 00 00 00 01   
41 1E 45 73 74 61 62 6C 69 73   68 43 6F 6D 6D 75 6E 69 63 61   
74 69 6F 6E 73 54 69 6D 65 6F   75 74 81 08 00 00 00 00 00 00   
00 00 81 08 40 46 80 00 00 00   00 00 A9 02 00 0A 41 00 01 06   
B1 04 00 00 00 02 41 0A 54 69   6D 65 46 6F 72 6D 61 74 81 08   
00 00 00 00 00 00 00 00 81 08   40 00 00 00 00 00 00 00 A5 01   
00 41 00 01 06 B1 04 00 00 00   03 41 0F 45 76 65 6E 74 52 65   
70 6F 72 74 54 79 70 65 81 08   00 00 00 00 00 00 00 00 81 08   
00 00 00 00 00 00 00 00 41 00   41 00 
S2F30
<L[3]
  <L[6]
    <U4[1] 1>
    <A[30] "EstablishCommunicationsTimeout">
    <F8[1] 0>
    <F8[1] 45>
    <U2[1] 10>
    <A[0] "">
  >
  <L[6]
    <U4[1] 2>
    <A[10] "TimeFormat">
    <F8[1] 0>
    <F8[1] 2>
    <U1[1] 0>
    <A[0] "">
  >
  <L[6]
    <U4[1] 3>
    <A[15] "EventReportType">
    <F8[1] 0>
    <F8[1] 0>
    <A[0] "">
    <A[0] "">
  >
>
.
16:21:21.121: T3 Timeout(1665671930).
16:21:41.241: Send S2F31(1665671933).
00 00 82 1F 00 00 63 48 22 FD   41 0C 32 30 32 32 30 31 30 36   
31 36 32 31 
S2F31 W
<A[12] "202201061621">
.
16:21:41.288: Receive S9F7(945123791).
00 00 09 07 00 00 38 55 71 CF   21 0A 00 00 82 1F 00 00 63 48   
22 FD 
S9F7
<B[10] 0x00 0x00 0x82 0x1F 0x00 0x00 0x63 0x48 0x22 0xFD>
.
16:22:26.267: T3 Timeout(1665671933).
Remote Server Disconnected!
HSMS Communication Disconnected!
HSMS Communication Disconnected!
SECS Emulator v1.5  2001/09/05
HSMS Communication Started!
Remote Server Disconnected!
HSMS Communication Disconnected!
HSMS Communication Disconnected!
SECS Emulator v1.5  2001/09/05
HSMS Communication Started!
16:24:06.294: Send S2F33(1665913829).
00 00 82 21 00 00 63 4B D3 E5   01 02 A5 01 00 01 01 01 02 B1   
04 00 00 1B 59 01 01 B1 04 00   00 07 D2 
S2F33 W
<L[2]
  <U1[1] 0>
  <L[1]
    <L[2]
      <U4[1] 7001>
      <L[1]
        <U4[1] 2002>
      >
    >
  >
>
.
16:24:06.339: Receive S2F0(945123792).
00 00 02 00 00 00 38 55 71 D0 
S2F0
.
16:24:10.322: Send S1F13(1665913830).
00 00 81 0D 00 00 63 4B D3 E6   01 00 
S1F13 W
<L[0]
>
.
16:24:10.370: Receive S6F11(945123793).
00 00 06 0B 00 00 38 55 71 D1   01 03 B1 04 00 00 00 C3 B1 04   
00 00 00 02 01 01 01 02 B1 04   00 00 00 0A 01 01 A5 01 05 
S6F11
<L[3]
  <U4[1] 195>
  <U4[1] 2>
  <L[1]
    <L[2]
      <U4[1] 10>
      <L[1]
        <U1[1] 5>
      >
    >
  >
>
.
16:24:10.417: Send S6F12(945123793).
00 00 06 0C 00 00 38 55 71 D1   21 01 00 
S6F12
<B[1] 0x00>
.
16:24:10.430: Receive S1F14(1665913830).
00 00 01 0E 00 00 63 4B D3 E6   01 02 A5 01 00 01 02 41 0B 56   
S1F14
<L[2]
  <U1[1] 0>
  <L[2]
    <A[11] "VisualLines">
    <A[8] "1.10.0.0">
  >
>
.
16:24:13.362: Send S1F17(1665913832).
00 00 81 11 00 00 63 4B D3 E8 
S1F17 W
.
16:24:13.376: Receive S1F18(1665913832).
00 00 01 12 00 00 63 4B D3 E8   21 01 02 
S1F18
<B[1] 0x02>
.
16:24:16.856: Send S1F15(1665913833).
00 00 81 0F 00 00 63 4B D3 E9 
S1F15 W
.
16:24:16.865: Receive S1F16(1665913833).
00 00 01 10 00 00 63 4B D3 E9   21 01 00 
S1F16
<B[1] 0x00>
.
16:24:16.912: Receive S6F11(945123794).
00 00 06 0B 00 00 38 55 71 D2   01 03 B1 04 00 00 00 C4 B1 04   
00 00 00 00 01 01 01 02 B1 04   00 00 00 0A 01 01 A5 01 05 
S6F11
<L[3]
  <U4[1] 196>
  <U4[1] 0>
  <L[1]
    <L[2]
      <U4[1] 10>
      <L[1]
        <U1[1] 5>
      >
    >
  >
>
.
16:24:16.960: Send S6F12(945123794).
00 00 06 0C 00 00 38 55 71 D2   21 01 00 
S6F12
<B[1] 0x00>
.
16:24:19.506: Send S1F17(1665913835).
00 00 81 11 00 00 63 4B D3 EB 
S1F17 W
.
16:24:19.515: Receive S1F18(1665913835).
00 00 01 12 00 00 63 4B D3 EB   21 01 00 
S1F18
<B[1] 0x00>
.
16:24:19.559: Receive S6F11(945123795).
00 00 06 0B 00 00 38 55 71 D3   01 03 B1 04 00 00 00 C5 B1 04   
00 00 00 02 01 01 01 02 B1 04   00 00 00 0A 01 01 A5 01 05 
S6F11
<L[3]
  <U4[1] 197>
  <U4[1] 2>
  <L[1]
    <L[2]
      <U4[1] 10>
      <L[1]
        <U1[1] 5>
      >
    >
  >
>
.
16:24:19.602: Send S6F12(945123795).
00 00 06 0C 00 00 38 55 71 D3   21 01 00 
S6F12
<B[1] 0x00>
.
16:24:51.353: T3 Timeout(1665913829).
16:24:54.256: Send S2F33(1665913837).
00 00 82 21 00 00 63 4B D3 ED   01 02 A5 01 00 01 01 01 02 B1   
04 00 00 1B 59 01 01 B1 04 00   00 07 D2 
S2F33 W
<L[2]
  <U1[1] 0>
  <L[1]
    <L[2]
      <U4[1] 7001>
      <L[1]
        <U4[1] 2002>
      >
    >
  >
>
.
16:24:54.318: Receive S2F34(1665913837).
00 00 02 22 00 00 63 4B D3 ED   21 01 04 
S2F34
<B[1] 0x04>
.
16:25:30.307: Send S2F33(1665913839).
00 00 82 21 00 00 63 4B D3 EF   01 02 A5 01 00 01 01 01 02 B1   
04 00 00 1B 59 01 00 
S2F33 W
<L[2]
  <U1[1] 0>
  <L[1]
    <L[2]
      <U4[1] 7001>
      <L[0]
      >
    >
  >
>
.
16:25:30.366: Receive S2F34(1665913839).
00 00 02 22 00 00 63 4B D3 EF   21 01 00 
S2F34
<B[1] 0x00>
.
16:26:46.344: Send S2F33(1665913841).
00 00 82 21 00 00 63 4B D3 F1   01 02 A5 01 00 01 01 01 02 B1   
04 00 00 1B 59 01 01 B1 04 00   00 07 D2 
S2F33 W
<L[2]
  <U1[1] 0>
  <L[1]
    <L[2]
      <U4[1] 7001>
      <L[1]
        <U4[1] 2002>
      >
    >
  >
>
.
16:26:46.394: Receive S2F34(1665913841).
00 00 02 22 00 00 63 4B D3 F1   21 01 04 
S2F34
<B[1] 0x04>
.
16:26:53.512: Send S2F35(1665913842).
00 00 82 23 00 00 63 4B D3 F2   01 02 A5 01 00 01 01 01 02 B1   
04 00 00 00 65 01 01 B1 04 00   00 1B 59 
S2F35 W
<L[2]
  <U1[1] 0>
  <L[1]
    <L[2]
      <U4[1] 101>
      <L[1]
        <U4[1] 7001>
      >
    >
  >
>
.
16:26:53.567: Receive S2F36(1665913842).
00 00 02 24 00 00 63 4B D3 F2   21 01 04 
S2F36
<B[1] 0x04>
.
16:27:08.424: Send S2F35(1665913844).
00 00 82 23 00 00 63 4B D3 F4   01 02 A5 01 00 01 01 01 02 B1   
04 00 00 00 65 01 01 B1 04 00   00 1B 59 
S2F35 W
<L[2]
  <U1[1] 0>
  <L[1]
    <L[2]
      <U4[1] 101>
      <L[1]
        <U4[1] 7001>
      >
    >
  >
>
.
16:27:08.482: Receive S2F36(1665913844).
00 00 02 24 00 00 63 4B D3 F4   21 01 04 
S2F36
<B[1] 0x04>
.
16:27:12.341: Send S2F33(1665913845).
00 00 82 21 00 00 63 4B D3 F5   01 02 A5 01 00 01 01 01 02 B1   
04 00 00 1B 59 01 01 B1 04 00   00 07 D2 
S2F33 W
<L[2]
  <U1[1] 0>
  <L[1]
    <L[2]
      <U4[1] 7001>
      <L[1]
        <U4[1] 2002>
      >
    >
  >
>
.
16:27:12.388: Receive S2F34(1665913845).
00 00 02 22 00 00 63 4B D3 F5   21 01 04 
S2F34
<B[1] 0x04>
.
16:27:36.274: Send S2F35(1665913846).
00 00 82 23 00 00 63 4B D3 F6   01 02 A5 01 00 01 02 01 02 B1   
04 00 00 00 65 01 00 01 01 01   00 
S2F35 W
<L[2]
  <U1[1] 0>
  <L[2]
    <L[2]
      <U4[1] 101>
      <L[0]
      >
    >
    <L[1]
      <L[0]
      >
    >
  >
>
.
16:27:36.322: Receive S2F36(1665913846).
00 00 02 24 00 00 63 4B D3 F6   21 01 04 
S2F36
<B[1] 0x04>
.
16:27:41.271: Send S2F33(1665913847).
00 00 82 21 00 00 63 4B D3 F7   01 02 A5 01 00 01 01 01 02 B1   
04 00 00 1B 59 01 00 
S2F33 W
<L[2]
  <U1[1] 0>
  <L[1]
    <L[2]
      <U4[1] 7001>
      <L[0]
      >
    >
  >
>
.
16:27:41.318: Receive S2F34(1665913847).
00 00 02 22 00 00 63 4B D3 F7   21 01 00 
S2F34
<B[1] 0x00>
.
16:30:14.277: Send S7F19(1665913851).
00 00 87 13 00 00 63 4B D3 FB 
S7F19 W
.
16:30:14.293: Receive S7F20(1665913851).
00 00 07 14 00 00 63 4B D3 FB   01 02 41 0C 43 6F 6E 76 65 79   
6F 72 54 65 73 74 41 02 53 33 
S7F20
<L[2]
  <A[12] "ConveyorTest">
  <A[2] "S3">
>
.
16:32:28.262: Send S7F23(1665913854).
00 00 87 17 00 00 63 4B D3 FE   01 02 41 02 53 33 01 00 
S7F23 W
<L[2]
  <A[2] "S3">
  <L[0]
  >
>
.
16:32:28.304: Receive S9F7(945123796).
00 00 09 07 00 00 38 55 71 D4   21 0A 00 00 87 17 00 00 63 4B   
D3 FE 
S9F7
<B[10] 0x00 0x00 0x87 0x17 0x00 0x00 0x63 0x4B 0xD3 0xFE>
.
16:32:44.798: Send S10F3(1665913855).
00 00 8A 03 00 00 63 4B D3 FF   01 02 21 01 00 41 12 54 65 72   
6D 69 6E 61 6C 20 44 61 74 61   20 54 65 73 74 
S10F3 W
<L[2]
  <B[1] 0x00>
  <A[18] "Terminal Data Test">
>
.
16:32:44.910: Receive S10F4(1665913855).
00 00 0A 04 00 00 63 4B D3 FF   21 01 00 
S10F4
<B[1] 0x00>
.
16:33:13.300: T3 Timeout(1665913854).
HSMS Communication Disconnected!
