SECS Emulator v1.5  2001/09/05
HSMS Communication Started!
HSMS Communication Disconnected!
SECS Emulator v1.5  2001/09/05
HSMS Communication Started!
16:15:04.161: Send S1F1(24340641).
00 00 81 01 00 00 01 73 68 A1 
S1F1 W
.
16:15:04.168: Receive S1F2(24340641).
00 00 01 02 00 00 01 73 68 A1   01 02 41 0B 56 69 73 75 61 6C   
4C 69 6E 65 73 41 07 31 2E 35   2E 30 2E 30 
S1F2
<L[2]
  <A[11] "VisualLines">
  <A[7] "1.5.0.0">
>
.
16:15:45.988: Send S1F13(24340642).
00 00 81 0D 00 00 01 73 68 A2   01 00 
S1F13 W
<L[0]
>
.
16:15:46.042: Receive S6F11(908292770).
00 00 06 0B 00 00 36 23 72 A2   01 03 B1 04 00 00 00 0D B1 04   
00 00 00 02 01 01 01 02 B1 04   00 00 00 0A 01 01 A5 01 05 
S6F11
<L[3]
  <U4[1] 13>
  <U4[1] 2>
  <L[1]
    <L[2]
      <U4[1] 10>
      <L[1]
        <U1[1] 5>
      >
    >
  >
>
.
16:15:46.092: Send S6F12(908292770).
00 00 06 0C 00 00 36 23 72 A2   21 01 00 
S6F12
<B[1] 0x00>
.
16:15:46.105: Receive S1F14(24340642).
00 00 01 0E 00 00 01 73 68 A2   01 02 A5 01 00 01 02 41 0B 56   
69 73 75 61 6C 4C 69 6E 65 73   41 07 31 2E 35 2E 30 2E 30 
S1F14
<L[2]
  <U1[1] 0>
  <L[2]
    <A[11] "VisualLines">
    <A[7] "1.5.0.0">
  >
>
.
16:16:34.893: Send S1F3(24340645).
00 00 81 03 00 00 01 73 68 A5   01 01 B1 04 00 00 00 04 
S1F3 W
<L[1]
  <U4[1] 4>
>
.
16:16:34.940: Receive S1F4(24340645).
00 00 01 04 00 00 01 73 68 A5   01 01 41 10 32 30 32 31 31 31   
30 38 31 36 31 36 30 35 38 32 
S1F4
<L[1]
  <A[16] "2021110816160582">
>
.
16:17:12.418: Send S1F11(24340647).
00 00 81 0B 00 00 01 73 68 A7   01 01 B1 04 00 00 00 04 
S1F11 W
<L[1]
  <U4[1] 4>
>
.
16:17:12.474: Receive S9F7(908292771).
00 00 09 07 00 00 36 23 72 A3   21 0A 00 00 81 0B 00 00 01 73   
68 A7 
S9F7
<B[10] 0x00 0x00 0x81 0x0B 0x00 0x00 0x01 0x73 0x68 0xA7>
.
16:17:57.448: T3 Timeout(24340647).
16:18:03.619: Send S1F11(24340649).
00 00 81 0B 00 00 01 73 68 A9   01 01 B1 04 00 00 04 4E 
S1F11 W
<L[1]
  <U4[1] 1102>
>
.
16:18:03.670: Receive S9F7(908292772).
00 00 09 07 00 00 36 23 72 A4   21 0A 00 00 81 0B 00 00 01 73   
68 A9 
S9F7
<B[10] 0x00 0x00 0x81 0x0B 0x00 0x00 0x01 0x73 0x68 0xA9>
.
16:18:27.134: Send S1F11(24340650).
00 00 81 0B 00 00 01 73 68 AA   01 00 
S1F11 W
<L[0]
>
.
16:18:27.177: Receive S9F7(908292773).
00 00 09 07 00 00 36 23 72 A5   21 0A 00 00 81 0B 00 00 01 73   
68 AA 
S9F7
<B[10] 0x00 0x00 0x81 0x0B 0x00 0x00 0x01 0x73 0x68 0xAA>
.
16:18:48.643: T3 Timeout(24340649).
16:19:12.165: T3 Timeout(24340650).
16:19:49.366: Send S2F13(24340652).
00 00 82 0D 00 00 01 73 68 AC   01 00 
S2F13 W
<L[0]
>
.
16:19:49.413: Receive S2F14(24340652).
00 00 02 0E 00 00 01 73 68 AC   01 03 A9 02 00 0A A5 01 02 25   
01 00 
S2F14
<L[3]
  <U2[1] 10>
  <U1[1] 2>
  <Boolean[1] 0x00>
>
.
16:22:31.130: Send S2F17(24340656).
00 00 82 11 00 00 01 73 68 B0 
S2F17 W
.
16:22:31.145: Receive S2F18(24340656).
00 00 02 12 00 00 01 73 68 B0   41 10 32 30 32 31 31 31 30 38   
31 36 32 32 30 32 30 32 
S2F18
<A[16] "2021110816220202">
.
16:24:31.716: Send S2F23(24340659).
00 00 82 17 00 00 01 73 68 B3   01 05 B1 04 07 5B CD 15 41 06   
30 30 30 30 30 33 B1 04 00 00   00 1B B1 04 00 00 00 03 01 01   
B1 04 00 00 00 04 
S2F23 W
<L[5]
  <U4[1] 123456789>
  <A[6] "000003">
  <U4[1] 27>
  <U4[1] 3>
  <L[1]
    <U4[1] 4>
  >
>
.
16:24:31.761: Receive S9F7(908292774).
00 00 09 07 00 00 36 23 72 A6   21 0A 00 00 82 17 00 00 01 73   
68 B3 
S9F7
<B[10] 0x00 0x00 0x82 0x17 0x00 0x00 0x01 0x73 0x68 0xB3>
.
16:25:16.765: T3 Timeout(24340659).
16:26:32.855: Send S2F25(24340662).
00 00 82 19 00 00 01 73 68 B6   21 0A 00 01 02 03 04 05 06 07   
08 09 
S2F25 W
<B[10] 0x00 0x01 0x02 0x03 0x04 0x05 0x06 0x07 0x08 0x09>
.
16:26:32.900: Receive S9F7(908292775).
00 00 09 07 00 00 36 23 72 A7   21 0A 00 00 82 19 00 00 01 73   
68 B6 
S9F7
<B[10] 0x00 0x00 0x82 0x19 0x00 0x00 0x01 0x73 0x68 0xB6>
.
16:27:17.884: T3 Timeout(24340662).
16:28:57.317: Receive Linktest.rsp.
HSMS Communication Disconnected!
SECS Emulator v1.5  2001/09/05
HSMS Communication Started!
HSMS Communication Disconnected!
SECS Emulator v1.5  2001/09/05
HSMS Communication Started!
HSMS Communication Disconnected!
SECS Emulator v1.5  2001/09/05
HSMS Communication Started!
HSMS Communication Disconnected!
SECS Emulator v1.5  2001/09/05
HSMS Communication Started!
HSMS Communication Disconnected!
SECS Emulator v1.5  2001/09/05
HSMS Communication Started!
HSMS Communication Disconnected!
SECS Emulator v1.5  2001/09/05
HSMS Communication Started!
HSMS Communication Disconnected!
SECS Emulator v1.5  2001/09/05
HSMS Communication Started!
HSMS Communication Disconnected!
SECS Emulator v1.5  2001/09/05
HSMS Communication Started!
HSMS Communication Disconnected!
SECS Emulator v1.5  2001/09/05
HSMS Communication Started!
HSMS Communication Disconnected!
SECS Emulator v1.5  2001/09/05
HSMS Communication Started!
HSMS Communication Disconnected!
SECS Emulator v1.5  2001/09/05
HSMS Communication Started!
HSMS Communication Disconnected!
SECS Emulator v1.5  2001/09/05
HSMS Communication Started!
17:45:20.733: Receive S1F13(0).
00 01 81 0D 00 00 00 00 00 00   01 02 41 06 47 45 4D 42 6F 78   
41 05 31 2E 30 2F 30 
S1F13 W
<L[2]
  <A[6] "GEMBox">
  <A[5] "1.0/0">
>
.
17:45:38.407: Send S1F17(29763922).
00 01 81 11 00 00 01 C6 29 52 
S1F17 W
.
17:45:44.196: Send S1F13(29763923).
00 01 81 0D 00 00 01 C6 29 53   01 00 
S1F13 W
<L[0]
>
.
17:45:44.354: Receive S1F14(29763923).
00 01 01 0E 00 00 01 C6 29 53   01 02 21 01 00 01 02 41 06 47   
45 4D 42 6F 78 41 05 31 2E 30   2F 30 
S1F14
<L[2]
  <B[1] 0x00>
  <L[2]
    <A[6] "GEMBox">
    <A[5] "1.0/0">
  >
>
.
17:45:52.776: Send S1F15(29763924).
00 01 81 0F 00 00 01 C6 29 54 
S1F15 W
.
17:45:52.839: Receive S1F0(29763924).
00 01 01 00 00 00 01 C6 29 54 
S1F0
.
17:45:56.981: Send S1F17(29763925).
00 01 81 11 00 00 01 C6 29 55 
S1F17 W
.
17:45:57.156: Receive S1F18(29763925).
00 01 01 12 00 00 01 C6 29 55   21 01 01 
S1F18
<B[1] 0x01>
.
17:46:01.574: Send S1F13(29763926).
00 01 81 0D 00 00 01 C6 29 56   01 00 
S1F13 W
<L[0]
>
.
17:46:01.737: Receive S1F14(29763926).
00 01 01 0E 00 00 01 C6 29 56   01 02 21 01 00 01 02 41 06 47   
45 4D 42 6F 78 41 05 31 2E 30   2F 30 
S1F14
<L[2]
  <B[1] 0x00>
  <L[2]
    <A[6] "GEMBox">
    <A[5] "1.0/0">
  >
>
.
17:46:10.842: Receive S9F9(1).
00 01 09 09 00 00 00 00 00 01   21 0A 00 01 01 0E 00 00 00 00   
00 00 
S9F9
<B[10] 0x00 0x01 0x01 0x0E 0x00 0x00 0x00 0x00 0x00 0x00>
.
17:46:23.433: T3 Timeout(29763922).
17:46:34.938: Receive S1F1(29753346).
00 01 81 01 00 00 01 C6 00 02 
S1F1 W
.
17:46:34.948: Send S1F2(29753346).
00 01 01 02 00 00 01 C6 00 02   01 00 
S1F2
<L[0]
>
.
17:46:35.093: Receive S6F11(3).
00 01 86 0B 00 00 00 00 00 03   01 03 B1 04 00 00 00 01 B1 04   
00 00 00 CA 01 01 01 02 B1 04   00 00 00 0B 01 01 A5 01 04 
S6F11 W
<L[3]
  <U4[1] 1>
  <U4[1] 202>
  <L[1]
    <L[2]
      <U4[1] 11>
      <L[1]
        <U1[1] 4>
      >
    >
  >
>
.
17:46:35.123: Send S6F12(3).
00 01 06 0C 00 00 00 00 00 03   21 01 00 
S6F12
<B[1] 0x00>
.
17:46:41.519: Send S1F15(29763930).
00 01 81 0F 00 00 01 C6 29 5A 
S1F15 W
.
17:46:41.659: Receive S1F16(29763930).
00 01 01 10 00 00 01 C6 29 5A   21 01 00 
S1F16
<B[1] 0x00>
.
17:46:41.675: Receive S6F11(29753348).
00 01 86 0B 00 00 01 C6 00 04   01 03 B1 04 00 00 00 02 B1 04   
00 00 00 C9 01 01 01 02 B1 04   00 00 00 0B 01 01 A5 01 03 
S6F11 W
<L[3]
  <U4[1] 2>
  <U4[1] 201>
  <L[1]
    <L[2]
      <U4[1] 11>
      <L[1]
        <U1[1] 3>
      >
    >
  >
>
.
17:46:41.717: Send S6F12(29753348).
00 01 06 0C 00 00 01 C6 00 04   21 01 00 
S6F12
<B[1] 0x00>
.
17:46:44.838: Send S1F17(29763932).
00 01 81 11 00 00 01 C6 29 5C 
S1F17 W
.
17:46:45.053: Receive S1F18(29763932).
00 01 01 12 00 00 01 C6 29 5C   21 01 00 
S1F18
<B[1] 0x00>
.
17:46:45.066: Receive S6F11(29753349).
00 01 86 0B 00 00 01 C6 00 05   01 03 B1 04 00 00 00 03 B1 04   
00 00 00 CA 01 01 01 02 B1 04   00 00 00 0B 01 01 A5 01 04 
S6F11 W
<L[3]
  <U4[1] 3>
  <U4[1] 202>
  <L[1]
    <L[2]
      <U4[1] 11>
      <L[1]
        <U1[1] 4>
      >
    >
  >
>
.
17:46:45.101: Send S6F12(29753349).
00 01 06 0C 00 00 01 C6 00 05   21 01 00 
S6F12
<B[1] 0x00>
.
17:49:51.272: Receive S6F11(29753350).
00 01 86 0B 00 00 01 C6 00 06   01 03 B1 04 00 00 00 04 B1 04   
00 00 C3 56 01 01 01 02 B1 04   00 00 00 0A 01 01 41 01 34 
S6F11 W
<L[3]
  <U4[1] 4>
  <U4[1] 50006>
  <L[1]
    <L[2]
      <U4[1] 10>
      <L[1]
        <A[1] "4">
      >
    >
  >
>
.
17:49:51.322: Send S6F12(29753350).
00 01 06 0C 00 00 01 C6 00 06   21 01 00 
S6F12
<B[1] 0x00>
.
17:49:51.600: Receive S6F11(29753351).
00 01 86 0B 00 00 01 C6 00 07   01 03 B1 04 00 00 00 05 B1 04   
00 00 D2 F4 01 01 01 02 B1 04   00 00 00 2B 01 04 41 12 53 32   
5F 32 30 32 31 31 31 30 31 5F   31 32 30 36 32 31 41 01 30 41   
06 2D 6E 6F 6E 65 2D A9 02 00   00 
S6F11 W
<L[3]
  <U4[1] 5>
  <U4[1] 54004>
  <L[1]
    <L[2]
      <U4[1] 43>
      <L[4]
        <A[18] "S2_20211101_120621">
        <A[1] "0">
        <A[6] "-none-">
        <U2[1] 0>
      >
    >
  >
>
.
17:49:51.661: Send S6F12(29753351).
00 01 06 0C 00 00 01 C6 00 07   21 01 00 
S6F12
<B[1] 0x00>
.
17:49:51.819: Receive S6F11(29753352).
00 01 86 0B 00 00 01 C6 00 08   01 03 B1 04 00 00 00 06 B1 04   
00 00 C3 52 01 01 01 02 B1 04   00 00 00 0C 01 02 A9 02 00 06   
A9 02 00 05 
S6F11 W
<L[3]
  <U4[1] 6>
  <U4[1] 50002>
  <L[1]
    <L[2]
      <U4[1] 12>
      <L[2]
        <U2[1] 6>
        <U2[1] 5>
      >
    >
  >
>
.
17:49:52.004: Send S6F12(29753352).
00 01 06 0C 00 00 01 C6 00 08   21 01 00 
S6F12
<B[1] 0x00>
.
17:49:52.256: Receive S6F11(29753353).
00 01 86 0B 00 00 01 C6 00 09   01 03 B1 04 00 00 00 07 B1 04   
00 00 D2 F8 01 01 01 02 B1 04   00 00 00 17 01 02 A9 02 00 09   
A9 02 00 05 
S6F11 W
<L[3]
  <U4[1] 7>
  <U4[1] 54008>
  <L[1]
    <L[2]
      <U4[1] 23>
      <L[2]
        <U2[1] 9>
        <U2[1] 5>
      >
    >
  >
>
.
17:49:52.434: Send S6F12(29753353).
00 01 06 0C 00 00 01 C6 00 09   21 01 00 
S6F12
<B[1] 0x00>
.
17:49:59.474: Receive S6F11(29753354).
00 01 86 0B 00 00 01 C6 00 0A   01 03 B1 04 00 00 00 08 B1 04   
00 00 C3 56 01 01 01 02 B1 04   00 00 00 0A 01 01 41 01 35 
S6F11 W
<L[3]
  <U4[1] 8>
  <U4[1] 50006>
  <L[1]
    <L[2]
      <U4[1] 10>
      <L[1]
        <A[1] "5">
      >
    >
  >
>
.
17:49:59.648: Send S6F12(29753354).
00 01 06 0C 00 00 01 C6 00 0A   21 01 00 
S6F12
<B[1] 0x00>
.
17:49:59.802: Receive S6F11(29753355).
00 01 86 0B 00 00 01 C6 00 0B   01 03 B1 04 00 00 00 09 B1 04   
00 00 D2 F8 01 01 01 02 B1 04   00 00 00 17 01 02 A9 02 00 06   
A9 02 00 09 
S6F11 W
<L[3]
  <U4[1] 9>
  <U4[1] 54008>
  <L[1]
    <L[2]
      <U4[1] 23>
      <L[2]
        <U2[1] 6>
        <U2[1] 9>
      >
    >
  >
>
.
17:50:00.086: Send S6F12(29753355).
00 01 06 0C 00 00 01 C6 00 0B   21 01 00 
S6F12
<B[1] 0x00>
.
17:50:00.349: Receive S6F11(29753356).
00 01 86 0B 00 00 01 C6 00 0C   01 03 B1 04 00 00 00 0A B1 04   
00 00 D6 E0 01 01 01 02 B1 04   00 00 00 18 01 02 A9 02 00 01   
A9 02 00 03 
S6F11 W
<L[3]
  <U4[1] 10>
  <U4[1] 55008>
  <L[1]
    <L[2]
      <U4[1] 24>
      <L[2]
        <U2[1] 1>
        <U2[1] 3>
      >
    >
  >
>
.
17:50:00.541: Send S6F12(29753356).
00 01 06 0C 00 00 01 C6 00 0C   21 01 00 
S6F12
<B[1] 0x00>
.
17:50:01.003: Receive S6F11(29753357).
00 01 86 0B 00 00 01 C6 00 0D   01 03 B1 04 00 00 00 0B B1 04   
00 00 D2 F1 01 00 
S6F11 W
<L[3]
  <U4[1] 11>
  <U4[1] 54001>
  <L[0]
  >
>
.
17:50:01.120: Send S6F12(29753357).
00 01 06 0C 00 00 01 C6 00 0D   21 01 00 
S6F12
<B[1] 0x00>
.
17:50:01.332: Receive S6F11(29753358).
00 01 86 0B 00 00 01 C6 00 0E   01 03 B1 04 00 00 00 0C B1 04   
00 00 D6 DE 01 00 
S6F11 W
<L[3]
  <U4[1] 12>
  <U4[1] 55006>
  <L[0]
  >
>
.
17:50:01.437: Send S6F12(29753358).
00 01 06 0C 00 00 01 C6 00 0E   21 01 00 
S6F12
<B[1] 0x00>
.
17:50:01.757: Receive S6F11(29753359).
00 01 86 0B 00 00 01 C6 00 0F   01 03 B1 04 00 00 00 0D B1 04   
00 00 D6 D8 01 00 
S6F11 W
<L[3]
  <U4[1] 13>
  <U4[1] 55000>
  <L[0]
  >
>
.
17:50:01.857: Send S6F12(29753359).
00 01 06 0C 00 00 01 C6 00 0F   21 01 00 
S6F12
<B[1] 0x00>
.
17:50:02.086: Receive S6F11(29753360).
00 01 86 0B 00 00 01 C6 00 10   01 03 B1 04 00 00 00 0E B1 04   
00 00 C3 52 01 01 01 02 B1 04   00 00 00 0C 01 02 A9 02 00 04   
A9 02 00 06 
S6F11 W
<L[3]
  <U4[1] 14>
  <U4[1] 50002>
  <L[1]
    <L[2]
      <U4[1] 12>
      <L[2]
        <U2[1] 4>
        <U2[1] 6>
      >
    >
  >
>
.
17:50:02.269: Send S6F12(29753360).
00 01 06 0C 00 00 01 C6 00 10   21 01 00 
S6F12
<B[1] 0x00>
.
17:50:02.413: Receive S6F11(29753361).
00 01 86 0B 00 00 01 C6 00 11   01 03 B1 04 00 00 00 0F B1 04   
00 00 D6 E0 01 01 01 02 B1 04   00 00 00 18 01 02 A9 02 00 04   
A9 02 00 01 
S6F11 W
<L[3]
  <U4[1] 15>
  <U4[1] 55008>
  <L[1]
    <L[2]
      <U4[1] 24>
      <L[2]
        <U2[1] 4>
        <U2[1] 1>
      >
    >
  >
>
.
17:50:02.595: Send S6F12(29753361).
00 01 06 0C 00 00 01 C6 00 11   21 01 00 
S6F12
<B[1] 0x00>
.
17:50:05.582: Receive S6F11(29753362).
00 01 86 0B 00 00 01 C6 00 12   01 03 B1 04 00 00 00 10 B1 04   
00 00 D2 F8 01 01 01 02 B1 04   00 00 00 17 01 02 A9 02 00 01   
A9 02 00 06 
S6F11 W
<L[3]
  <U4[1] 16>
  <U4[1] 54008>
  <L[1]
    <L[2]
      <U4[1] 23>
      <L[2]
        <U2[1] 1>
        <U2[1] 6>
      >
    >
  >
>
.
17:50:05.764: Send S6F12(29753362).
00 01 06 0C 00 00 01 C6 00 12   21 01 00 
S6F12
<B[1] 0x00>
.
17:50:10.184: Receive S6F11(29753363).
00 01 86 0B 00 00 01 C6 00 13   01 03 B1 04 00 00 00 11 B1 04   
00 00 C3 52 01 01 01 02 B1 04   00 00 00 0C 01 02 A9 02 00 02   
A9 02 00 04 
S6F11 W
<L[3]
  <U4[1] 17>
  <U4[1] 50002>
  <L[1]
    <L[2]
      <U4[1] 12>
      <L[2]
        <U2[1] 2>
        <U2[1] 4>
      >
    >
  >
>
.
17:50:10.360: Send S6F12(29753363).
00 01 06 0C 00 00 01 C6 00 13   21 01 00 
S6F12
<B[1] 0x00>
.
17:50:13.787: Receive S6F11(29753364).
00 01 86 0B 00 00 01 C6 00 14   01 03 B1 04 00 00 00 12 B1 04   
00 00 D6 DA 01 00 
S6F11 W
<L[3]
  <U4[1] 18>
  <U4[1] 55002>
  <L[0]
  >
>
.
17:50:13.888: Send S6F12(29753364).
00 01 06 0C 00 00 01 C6 00 14   21 01 00 
S6F12
<B[1] 0x00>
.
17:50:15.324: Receive S6F11(29753365).
00 01 86 0B 00 00 01 C6 00 15   01 03 B1 04 00 00 00 13 B1 04   
00 00 D2 F8 01 01 01 02 B1 04   00 00 00 17 01 02 A9 02 00 09   
A9 02 00 01 
S6F11 W
<L[3]
  <U4[1] 19>
  <U4[1] 54008>
  <L[1]
    <L[2]
      <U4[1] 23>
      <L[2]
        <U2[1] 9>
        <U2[1] 1>
      >
    >
  >
>
.
17:50:15.530: Send S6F12(29753365).
00 01 06 0C 00 00 01 C6 00 15   21 01 00 
S6F12
<B[1] 0x00>
.
17:50:15.656: Receive S6F11(29753366).
00 01 86 0B 00 00 01 C6 00 16   01 03 B1 04 00 00 00 14 B1 04   
00 00 D6 E0 01 01 01 02 B1 04   00 00 00 18 01 02 A9 02 00 01   
A9 02 00 04 
S6F11 W
<L[3]
  <U4[1] 20>
  <U4[1] 55008>
  <L[1]
    <L[2]
      <U4[1] 24>
      <L[2]
        <U2[1] 1>
        <U2[1] 4>
      >
    >
  >
>
.
17:50:15.830: Send S6F12(29753366).
00 01 06 0C 00 00 01 C6 00 16   21 01 00 
S6F12
<B[1] 0x00>
.
17:50:16.850: Receive S6F11(29753367).
00 01 86 0B 00 00 01 C6 00 17   01 03 B1 04 00 00 00 15 B1 04   
00 00 D2 F9 01 00 
S6F11 W
<L[3]
  <U4[1] 21>
  <U4[1] 54009>
  <L[0]
  >
>
.
17:50:16.967: Send S6F12(29753367).
00 01 06 0C 00 00 01 C6 00 17   21 01 00 
S6F12
<B[1] 0x00>
.
17:50:17.178: Receive S6F11(29753368).
00 01 86 0B 00 00 01 C6 00 18   01 03 B1 04 00 00 00 16 B1 04   
00 00 D6 DF 01 00 
S6F11 W
<L[3]
  <U4[1] 22>
  <U4[1] 55007>
  <L[0]
  >
>
.
17:50:17.297: Send S6F12(29753368).
00 01 06 0C 00 00 01 C6 00 18   21 01 00 
S6F12
<B[1] 0x00>
.
17:50:17.620: Receive S6F11(29753369).
00 01 86 0B 00 00 01 C6 00 19   01 03 B1 04 00 00 00 17 B1 04   
00 00 D6 DB 01 01 01 02 B1 04   00 00 00 22 01 03 41 12 53 32   
5F 32 30 32 31 31 31 30 31 5F   31 32 30 36 32 31 41 01 30 41   
06 2D 6E 6F 6E 65 2D 
S6F11 W
<L[3]
  <U4[1] 23>
  <U4[1] 55003>
  <L[1]
    <L[2]
      <U4[1] 34>
      <L[3]
        <A[18] "S2_20211101_120621">
        <A[1] "0">
        <A[6] "-none-">
      >
    >
  >
>
.
17:50:17.806: Send S6F12(29753369).
00 01 06 0C 00 00 01 C6 00 19   21 01 00 
S6F12
<B[1] 0x00>
.
17:50:18.061: Receive S6F11(29753370).
00 01 86 0B 00 00 01 C6 00 1A   01 03 B1 04 00 00 00 18 B1 04   
00 00 D2 F8 01 01 01 02 B1 04   00 00 00 17 01 02 A9 02 00 03   
A9 02 00 09 
S6F11 W
<L[3]
  <U4[1] 24>
  <U4[1] 54008>
  <L[1]
    <L[2]
      <U4[1] 23>
      <L[2]
        <U2[1] 3>
        <U2[1] 9>
      >
    >
  >
>
.
17:50:18.246: Send S6F12(29753370).
00 01 06 0C 00 00 01 C6 00 1A   21 01 00 
S6F12
<B[1] 0x00>
.
17:50:18.499: Receive S6F11(29753371).
00 01 86 0B 00 00 01 C6 00 1B   01 03 B1 04 00 00 00 19 B1 04   
00 00 D6 E0 01 01 01 02 B1 04   00 00 00 18 01 02 A9 02 00 05   
A9 02 00 01 
S6F11 W
<L[3]
  <U4[1] 25>
  <U4[1] 55008>
  <L[1]
    <L[2]
      <U4[1] 24>
      <L[2]
        <U2[1] 5>
        <U2[1] 1>
      >
    >
  >
>
.
17:50:18.684: Send S6F12(29753371).
00 01 06 0C 00 00 01 C6 00 1B   21 01 00 
S6F12
<B[1] 0x00>
.
17:50:24.592: Send S1F3(29763960).
00 01 81 03 00 00 01 C6 29 78   01 01 B1 04 00 00 00 0C 
S1F3 W
<L[1]
  <U4[1] 12>
>
.
17:50:24.835: Receive S1F4(29763960).
00 01 01 04 00 00 01 C6 29 78   01 01 41 18 32 30 32 31 2D 31   
31 2D 30 38 54 30 39 3A 35 30   3A 35 32 2E 30 35 33 5A 
S1F4
<L[1]
  <A[24] "2021-11-08T09:50:52.053Z">
>
.
17:50:45.615: Receive S6F11(29753372).
00 01 86 0B 00 00 01 C6 00 1C   01 03 B1 04 00 00 00 1A B1 04   
00 00 C3 52 01 01 01 02 B1 04   00 00 00 0C 01 02 A9 02 00 05   
A9 02 00 02 
S6F11 W
<L[3]
  <U4[1] 26>
  <U4[1] 50002>
  <L[1]
    <L[2]
      <U4[1] 12>
      <L[2]
        <U2[1] 5>
        <U2[1] 2>
      >
    >
  >
>
.
17:50:45.767: Send S6F12(29753372).
00 01 06 0C 00 00 01 C6 00 1C   21 01 00 
S6F12
<B[1] 0x00>
.
17:50:57.614: Send S1F11(29763962).
00 01 81 0B 00 00 01 C6 29 7A   01 01 B1 04 00 00 00 0C 
S1F11 W
<L[1]
  <U4[1] 12>
>
.
17:50:57.856: Receive S1F12(29763962).
00 01 01 0C 00 00 01 C6 29 7A   01 01 01 03 B1 04 00 00 00 0C   
41 05 43 6C 6F 63 6B 41 00 
S1F12
<L[1]
  <L[3]
    <U4[1] 12>
    <A[5] "Clock">
    <A[0] "">
  >
>
.
17:52:07.406: Send S2F13(29763964).
00 01 82 0D 00 00 01 C6 29 7C   01 02 B1 04 00 00 03 E9 B1 04   
00 00 03 EA 
S2F13 W
<L[2]
  <U4[1] 1001>
  <U4[1] 1002>
>
.
17:52:07.730: Receive S2F14(29763964).
00 01 02 0E 00 00 01 C6 29 7C   01 02 A9 02 00 0F B1 04 00 10   
00 00 
S2F14
<L[2]
  <U2[1] 15>
  <U4[1] 1048576>
>
.
17:52:50.235: Send S2F15(29763966).
00 01 82 0F 00 00 01 C6 29 7E   01 01 01 02 B1 04 00 00 03 E9   
A9 02 00 0E 
S2F15 W
<L[1]
  <L[2]
    <U4[1] 1001>
    <U2[1] 14>
  >
>
.
17:52:50.372: Receive S2F16(29763966).
00 01 02 10 00 00 01 C6 29 7E   21 01 00 
S2F16
<B[1] 0x00>
.
17:52:50.811: Receive S6F11(29753373).
00 01 86 0B 00 00 01 C6 00 1D   01 03 B1 04 00 00 00 1B B1 04   
00 00 00 CE 01 00 
S6F11 W
<L[3]
  <U4[1] 27>
  <U4[1] 206>
  <L[0]
  >
>
.
17:52:50.895: Send S6F12(29753373).
00 01 06 0C 00 00 01 C6 00 1D   21 01 00 
S6F12
<B[1] 0x00>
.
17:52:57.905: Send S2F13(29763968).
00 01 82 0D 00 00 01 C6 29 80   01 02 B1 04 00 00 03 E9 B1 04   
00 00 03 EA 
S2F13 W
<L[2]
  <U4[1] 1001>
  <U4[1] 1002>
>
.
17:52:58.146: Receive S2F14(29763968).
00 01 02 0E 00 00 01 C6 29 80   01 02 A9 02 00 0E B1 04 00 10   
00 00 
S2F14
<L[2]
  <U2[1] 14>
  <U4[1] 1048576>
>
.
17:53:08.430: Send S2F15(29763969).
00 01 82 0F 00 00 01 C6 29 81   01 01 01 02 B1 04 00 00 03 E9   
A9 02 00 0F 
S2F15 W
<L[1]
  <L[2]
    <U4[1] 1001>
    <U2[1] 15>
  >
>
.
17:53:08.635: Receive S2F16(29763969).
00 01 02 10 00 00 01 C6 29 81   21 01 00 
S2F16
<B[1] 0x00>
.
17:53:08.855: Receive S6F11(29753374).
00 01 86 0B 00 00 01 C6 00 1E   01 03 B1 04 00 00 00 1C B1 04   
00 00 00 CE 01 00 
S6F11 W
<L[3]
  <U4[1] 28>
  <U4[1] 206>
  <L[0]
  >
>
.
17:53:08.953: Send S6F12(29753374).
00 01 06 0C 00 00 01 C6 00 1E   21 01 00 
S6F12
<B[1] 0x00>
.
17:53:12.486: Send S2F13(29763971).
00 01 82 0D 00 00 01 C6 29 83   01 02 B1 04 00 00 03 E9 B1 04   
00 00 03 EA 
S2F13 W
<L[2]
  <U4[1] 1001>
  <U4[1] 1002>
>
.
17:53:12.682: Receive S2F14(29763971).
00 01 02 0E 00 00 01 C6 29 83   01 02 A9 02 00 0F B1 04 00 10   
00 00 
S2F14
<L[2]
  <U2[1] 15>
  <U4[1] 1048576>
>
.
17:53:27.013: Send S2F17(29763973).
00 01 82 11 00 00 01 C6 29 85 
S2F17 W
.
17:53:27.126: Receive S2F18(29763973).
00 01 02 12 00 00 01 C6 29 85   41 18 32 30 32 31 2D 31 31 2D   
30 38 54 30 39 3A 35 33 3A 35   34 2E 33 38 36 5A 
S2F18
<A[24] "2021-11-08T09:53:54.386Z">
.
17:53:44.176: Send S2F23(29763974).
00 01 82 17 00 00 01 C6 29 86   01 05 B1 04 07 5B CD 15 41 06   
30 30 30 30 30 33 B1 04 00 00   00 1B B1 04 00 00 00 03 01 01   
B1 04 00 00 00 0C 
S2F23 W
<L[5]
  <U4[1] 123456789>
  <A[6] "000003">
  <U4[1] 27>
  <U4[1] 3>
  <L[1]
    <U4[1] 12>
  >
>
.
17:53:44.394: Receive S2F24(29763974).
00 01 02 18 00 00 01 C6 29 86   21 01 00 
S2F24
<B[1] 0x00>
.
17:53:52.810: Receive S6F1(29753375).
00 01 86 01 00 00 01 C6 00 1F   01 04 B1 04 07 5B CD 15 B1 04   
00 00 00 03 41 18 32 30 32 31   2D 31 31 2D 30 38 54 30 39 3A   
35 34 3A 31 31 2E 36 33 32 5A   01 03 41 18 32 30 32 31 2D 31   
31 2D 30 38 54 30 39 3A 35 34   3A 31 34 2E 30 30 37 5A 41 18   
32 30 32 31 2D 31 31 2D 30 38   54 30 39 3A 35 34 3A 31 37 2E   
30 30 36 5A 41 18 32 30 32 31   2D 31 31 2D 30 38 54 30 39 3A   
35 34 3A 32 30 2E 30 30 35 5A 
S6F1 W
<L[4]
  <U4[1] 123456789>
  <U4[1] 3>
  <A[24] "2021-11-08T09:54:11.632Z">
  <L[3]
    <A[24] "2021-11-08T09:54:14.007Z">
    <A[24] "2021-11-08T09:54:17.006Z">
    <A[24] "2021-11-08T09:54:20.005Z">
  >
>
.
17:53:52.911: Send S6F2(29753375).
00 01 06 02 00 00 01 C6 00 1F 
S6F2
.
17:54:44.203: Receive S6F11(29753376).
00 01 86 0B 00 00 01 C6 00 20   01 03 B1 04 00 00 00 1D B1 04   
00 00 D6 DA 01 00 
S6F11 W
<L[3]
  <U4[1] 29>
  <U4[1] 55002>
  <L[0]
  >
>
.
17:54:44.390: Send S6F12(29753376).
00 01 06 0C 00 00 01 C6 00 20   21 01 00 
S6F12
<B[1] 0x00>
.
17:54:51.979: Receive S6F11(29753377).
00 01 86 0B 00 00 01 C6 00 21   01 03 B1 04 00 00 00 1E B1 04   
00 00 D6 DA 01 00 
S6F11 W
<L[3]
  <U4[1] 30>
  <U4[1] 55002>
  <L[0]
  >
>
.
17:54:52.131: Send S6F12(29753377).
00 01 06 0C 00 00 01 C6 00 21   21 01 00 
S6F12
<B[1] 0x00>
.
17:54:54.048: Receive S6F11(29753378).
00 01 86 0B 00 00 01 C6 00 22   01 03 B1 04 00 00 00 1F B1 04   
00 00 D6 DA 01 00 
S6F11 W
<L[3]
  <U4[1] 31>
  <U4[1] 55002>
  <L[0]
  >
>
.
17:54:54.151: Send S6F12(29753378).
00 01 06 0C 00 00 01 C6 00 22   21 01 00 
S6F12
<B[1] 0x00>
.
17:54:55.577: Receive S6F11(29753379).
00 01 86 0B 00 00 01 C6 00 23   01 03 B1 04 00 00 00 20 B1 04   
00 00 D6 DA 01 00 
S6F11 W
<L[3]
  <U4[1] 32>
  <U4[1] 55002>
  <L[0]
  >
>
.
17:54:55.778: Send S6F12(29753379).
00 01 06 0C 00 00 01 C6 00 23   21 01 00 
S6F12
<B[1] 0x00>
.
17:54:59.192: Receive S6F11(29753380).
00 01 86 0B 00 00 01 C6 00 24   01 03 B1 04 00 00 00 21 B1 04   
00 00 D6 DA 01 00 
S6F11 W
<L[3]
  <U4[1] 33>
  <U4[1] 55002>
  <L[0]
  >
>
.
17:54:59.250: Send S6F12(29753380).
00 01 06 0C 00 00 01 C6 00 24   21 01 00 
S6F12
<B[1] 0x00>
.
17:55:00.721: Receive S6F11(29753381).
00 01 86 0B 00 00 01 C6 00 25   01 03 B1 04 00 00 00 22 B1 04   
00 00 D6 DA 01 00 
S6F11 W
<L[3]
  <U4[1] 34>
  <U4[1] 55002>
  <L[0]
  >
>
.
17:55:00.805: Send S6F12(29753381).
00 01 06 0C 00 00 01 C6 00 25   21 01 00 
S6F12
<B[1] 0x00>
.
17:55:01.710: Receive S6F11(29753382).
00 01 86 0B 00 00 01 C6 00 26   01 03 B1 04 00 00 00 23 B1 04   
00 00 D6 DA 01 00 
S6F11 W
<L[3]
  <U4[1] 35>
  <U4[1] 55002>
  <L[0]
  >
>
.
17:55:01.771: Send S6F12(29753382).
00 01 06 0C 00 00 01 C6 00 26   21 01 00 
S6F12
<B[1] 0x00>
.
17:55:12.963: Receive S6F11(29753383).
00 01 86 0B 00 00 01 C6 00 27   01 03 B1 04 00 00 00 24 B1 04   
00 00 D6 DA 01 00 
S6F11 W
<L[3]
  <U4[1] 36>
  <U4[1] 55002>
  <L[0]
  >
>
.
17:55:13.016: Send S6F12(29753383).
00 01 06 0C 00 00 01 C6 00 27   21 01 00 
S6F12
<B[1] 0x00>
.
17:56:14.927: Send S2F25(29763986).
00 01 82 19 00 00 01 C6 29 92   21 0A 00 01 02 03 04 05 06 07   
08 09 
S2F25 W
<B[10] 0x00 0x01 0x02 0x03 0x04 0x05 0x06 0x07 0x08 0x09>
.
17:56:15.075: Receive S2F26(29763986).
00 01 02 1A 00 00 01 C6 29 92   21 0A 00 01 02 03 04 05 06 07   
08 09 
S2F26
<B[10] 0x00 0x01 0x02 0x03 0x04 0x05 0x06 0x07 0x08 0x09>
.
17:56:36.021: Send S2F29(29763988).
00 01 82 1D 00 00 01 C6 29 94   01 00 
S2F29 W
<L[0]
>
.
17:56:36.295: Receive S2F30(29763988).
00 01 02 1E 00 00 01 C6 29 94   01 24 01 06 B1 04 00 00 03 E9   
41 1E 45 73 74 61 62 6C 69 73   68 43 6F 6D 6D 75 6E 69 63 61   
74 69 6F 6E 73 54 69 6D 65 6F   75 74 A9 02 00 00 A9 02 FF FF   
A9 02 00 0F 41 01 73 01 06 B1   04 00 00 03 EA 41 10 4D 61 78   
53 70 6F 6F 6C 54 72 61 6E 73   6D 69 74 B1 04 00 00 00 00 B1   
04 FF FF FF FF B1 04 00 10 00   00 41 00 01 06 B1 04 00 00 03   
EB 41 0E 4F 76 65 72 57 72 69   74 65 53 70 6F 6F 6C 25 01 00   
25 01 FF 25 01 01 41 00 01 06   B1 04 00 00 03 EC 41 0D 49 6E   
69 74 43 6F 6D 6D 53 74 61 74   65 A9 02 00 00 A9 02 00 01 A9   
02 00 00 41 00 01 06 B1 04 00   00 03 ED 41 0C 48 6F 73 74 42   
61 75 64 52 61 74 65 A9 02 01   2C A9 02 4B 00 A9 02 25 80 41   
02 42 64 01 06 B1 04 00 00 03   EE 41 08 44 65 76 69 63 65 49   
64 A9 02 00 00 A9 02 7F FF A9   02 00 01 41 00 01 06 B1 04 00   
00 03 EF 41 08 53 45 43 53 49   2D 54 31 A9 02 00 01 A9 02 00   
64 A9 02 00 05 41 02 64 73 01   06 B1 04 00 00 03 F0 41 08 53   
45 43 53 49 2D 54 32 A9 02 00   02 A9 02 00 FA A9 02 00 64 41   
02 64 73 01 06 B1 04 00 00 03   F1 41 08 53 45 43 53 49 2D 54   
33 A9 02 00 01 A9 02 00 78 A9   02 00 2D 41 01 73 01 06 B1 04   
00 00 03 F2 41 08 53 45 43 53   49 2D 54 34 A9 02 00 01 A9 02   
00 78 A9 02 00 0A 41 01 73 01   06 B1 04 00 00 03 F3 41 07 48   
53 4D 53 2D 54 33 A9 02 00 01   A9 02 00 78 A9 02 00 2D 41 01   
73 01 06 B1 04 00 00 03 F4 41   07 48 53 4D 53 2D 54 35 A9 02   
00 01 A9 02 00 F0 A9 02 00 0A   41 01 73 01 06 B1 04 00 00 03   
F5 41 07 48 53 4D 53 2D 54 36   A9 02 00 01 A9 02 00 F0 A9 02   
00 05 41 01 73 01 06 B1 04 00   00 03 F6 41 07 48 53 4D 53 2D   
54 37 A9 02 00 01 A9 02 00 F0   A9 02 00 0A 41 01 73 01 06 B1   
04 00 00 03 F7 41 07 48 53 4D   53 2D 54 38 A9 02 00 01 A9 02   
00 78 A9 02 00 05 41 01 73 01   06 B1 04 00 00 03 F8 41 0C 53   
50 4F 4F 4C 45 44 52 50 54 49   44 B1 04 00 00 00 00 B1 04 FF   
FF FF FF B1 04 00 00 00 00 41   00 01 06 B1 04 00 00 03 F9 41   
0A 53 45 43 53 49 49 2D 43 54   4E A9 02 00 00 A9 02 FF FF A9   
02 01 2C 41 01 73 01 06 B1 04   00 00 03 FA 41 0E 53 45 43 53   
49 49 2D 53 4F 46 54 52 45 56   41 01 20 41 01 7E 41 05 31 2E   
30 2F 30 41 00 01 06 B1 04 00   00 03 FC 41 0D 53 45 43 53 49   
2D 52 65 74 72 69 65 73 A9 02   00 00 A9 02 00 1F A9 02 00 03   
41 00 01 06 B1 04 00 00 03 FD   41 0B 53 45 43 53 49 49 2D 4D   
44 4C 4E 41 01 20 41 01 7E 41   06 47 45 4D 42 6F 78 41 00 01   
06 B1 04 00 00 03 FE 41 0A 54   69 6D 65 46 6F 72 6D 61 74 A5   
01 00 A5 01 02 A5 01 02 41 00   01 06 B1 04 00 00 03 FF 41 0F   
4F 6E 6C 69 6E 65 46 61 69 6C   53 74 61 74 65 A5 01 01 A5 01   
03 A5 01 01 41 00 01 06 B1 04   00 00 04 00 41 10 49 6E 69 74   
43 6F 6E 74 72 6F 6C 53 74 61   74 65 A5 01 01 A5 01 05 A5 01   
05 41 00 01 06 B1 04 00 00 04   01 41 12 49 6E 69 74 4F 6E 6C   
69 6E 65 53 75 62 73 74 61 74   65 A5 01 00 A5 01 05 A5 01 00   
41 00 01 06 B1 04 00 00 04 02   41 09 48 65 61 72 74 62 65 61   
74 A9 02 00 00 A9 02 07 08 A9   02 00 00 41 01 73 01 06 B1 04   
00 00 04 03 41 0E 45 6E 61 62   6C 65 53 70 6F 6F 6C 69 6E 67   
25 01 00 25 01 FF 25 01 00 41   00 01 06 B1 04 00 00 04 04 41   
0E 53 45 43 53 49 2D 43 4F 4D   2D 50 4F 52 54 41 01 20 41 01   
7E 41 04 43 4F 4D 32 41 00 01   06 B1 04 00 00 04 05 41 0C 53   
45 43 53 2D 49 53 2D 48 53 4D   53 25 01 00 25 01 FF 25 01 01   
41 00 01 06 B1 04 00 00 04 06   41 0E 48 53 4D 53 2D 49 53 2D   
41 43 54 49 56 45 25 01 00 25   01 FF 25 01 00 41 00 01 06 B1   
04 00 00 04 07 41 0D 48 53 4D   53 2D 4C 4F 43 41 4C 2D 49 50   
41 01 20 41 01 7E 41 07 30 2E   30 2E 30 2E 30 41 00 01 06 B1   
04 00 00 04 08 41 0E 48 53 4D   53 2D 52 45 4D 4F 54 45 2D 49   
50 41 01 20 41 01 7E 41 09 31   32 37 2E 30 2E 30 2E 31 41 00   
01 06 B1 04 00 00 04 09 41 09   48 53 4D 53 2D 50 4F 52 54 41   
01 20 41 01 7E 41 04 35 30 30   30 41 00 01 06 B1 04 00 00 04   
0A 41 07 48 53 4D 53 2D 43 41   A9 02 00 00 A9 02 FF FF A9 02   
00 00 41 01 73 01 06 B1 04 00   00 04 0B 41 12 43 6C 6F 63 6B   
43 6F 6D 70 61 74 69 62 69 6C   69 74 79 A5 01 00 A5 01 01 A5   
01 00 41 00 01 06 B1 04 00 00   04 0C 41 08 43 6C 6F 63 6B 55   
54 43 25 01 00 25 01 FF 25 01   01 41 00 01 06 B1 04 00 00 07   
D0 41 0B 55 73 65 54 69 6D 65   53 79 6E 63 25 01 00 25 01 FF   
25 01 01 41 00 
S2F30
<L[36]
  <L[6]
    <U4[1] 1001>
    <A[30] "EstablishCommunicationsTimeout">
    <U2[1] 0>
    <U2[1] 65535>
    <U2[1] 15>
    <A[1] "s">
  >
  <L[6]
    <U4[1] 1002>
    <A[16] "MaxSpoolTransmit">
    <U4[1] 0>
    <U4[1] 4294967295>
    <U4[1] 1048576>
    <A[0] "">
  >
  <L[6]
    <U4[1] 1003>
    <A[14] "OverWriteSpool">
    <Boolean[1] 0x00>
    <Boolean[1] 0xFF>
    <Boolean[1] 0x01>
    <A[0] "">
  >
  <L[6]
    <U4[1] 1004>
    <A[13] "InitCommState">
    <U2[1] 0>
    <U2[1] 1>
    <U2[1] 0>
    <A[0] "">
  >
  <L[6]
    <U4[1] 1005>
    <A[12] "HostBaudRate">
    <U2[1] 300>
    <U2[1] 19200>
    <U2[1] 9600>
    <A[2] "Bd">
  >
  <L[6]
    <U4[1] 1006>
    <A[8] "DeviceId">
    <U2[1] 0>
    <U2[1] 32767>
    <U2[1] 1>
    <A[0] "">
  >
  <L[6]
    <U4[1] 1007>
    <A[8] "SECSI-T1">
    <U2[1] 1>
    <U2[1] 100>
    <U2[1] 5>
    <A[2] "ds">
  >
  <L[6]
    <U4[1] 1008>
    <A[8] "SECSI-T2">
    <U2[1] 2>
    <U2[1] 250>
    <U2[1] 100>
    <A[2] "ds">
  >
  <L[6]
    <U4[1] 1009>
    <A[8] "SECSI-T3">
    <U2[1] 1>
    <U2[1] 120>
    <U2[1] 45>
    <A[1] "s">
  >
  <L[6]
    <U4[1] 1010>
    <A[8] "SECSI-T4">
    <U2[1] 1>
    <U2[1] 120>
    <U2[1] 10>
    <A[1] "s">
  >
  <L[6]
    <U4[1] 1011>
    <A[7] "HSMS-T3">
    <U2[1] 1>
    <U2[1] 120>
    <U2[1] 45>
    <A[1] "s">
  >
  <L[6]
    <U4[1] 1012>
    <A[7] "HSMS-T5">
    <U2[1] 1>
    <U2[1] 240>
    <U2[1] 10>
    <A[1] "s">
  >
  <L[6]
    <U4[1] 1013>
    <A[7] "HSMS-T6">
    <U2[1] 1>
    <U2[1] 240>
    <U2[1] 5>
    <A[1] "s">
  >
  <L[6]
    <U4[1] 1014>
    <A[7] "HSMS-T7">
    <U2[1] 1>
    <U2[1] 240>
    <U2[1] 10>
    <A[1] "s">
  >
  <L[6]
    <U4[1] 1015>
    <A[7] "HSMS-T8">
    <U2[1] 1>
    <U2[1] 120>
    <U2[1] 5>
    <A[1] "s">
  >
  <L[6]
    <U4[1] 1016>
    <A[12] "SPOOLEDRPTID">
    <U4[1] 0>
    <U4[1] 4294967295>
    <U4[1] 0>
    <A[0] "">
  >
  <L[6]
    <U4[1] 1017>
    <A[10] "SECSII-CTN">
    <U2[1] 0>
    <U2[1] 65535>
    <U2[1] 300>
    <A[1] "s">
  >
  <L[6]
    <U4[1] 1018>
    <A[14] "SECSII-SOFTREV">
    <A[1] " ">
    <A[1] "~">
    <A[5] "1.0/0">
    <A[0] "">
  >
  <L[6]
    <U4[1] 1020>
    <A[13] "SECSI-Retries">
    <U2[1] 0>
    <U2[1] 31>
    <U2[1] 3>
    <A[0] "">
  >
  <L[6]
    <U4[1] 1021>
    <A[11] "SECSII-MDLN">
    <A[1] " ">
    <A[1] "~">
    <A[6] "GEMBox">
    <A[0] "">
  >
  <L[6]
    <U4[1] 1022>
    <A[10] "TimeFormat">
    <U1[1] 0>
    <U1[1] 2>
    <U1[1] 2>
    <A[0] "">
  >
  <L[6]
    <U4[1] 1023>
    <A[15] "OnlineFailState">
    <U1[1] 1>
    <U1[1] 3>
    <U1[1] 1>
    <A[0] "">
  >
  <L[6]
    <U4[1] 1024>
    <A[16] "InitControlState">
    <U1[1] 1>
    <U1[1] 5>
    <U1[1] 5>
    <A[0] "">
  >
  <L[6]
    <U4[1] 1025>
    <A[18] "InitOnlineSubstate">
    <U1[1] 0>
    <U1[1] 5>
    <U1[1] 0>
    <A[0] "">
  >
  <L[6]
    <U4[1] 1026>
    <A[9] "Heartbeat">
    <U2[1] 0>
    <U2[1] 1800>
    <U2[1] 0>
    <A[1] "s">
  >
  <L[6]
    <U4[1] 1027>
    <A[14] "EnableSpooling">
    <Boolean[1] 0x00>
    <Boolean[1] 0xFF>
    <Boolean[1] 0x00>
    <A[0] "">
  >
  <L[6]
    <U4[1] 1028>
    <A[14] "SECSI-COM-PORT">
    <A[1] " ">
    <A[1] "~">
    <A[4] "COM2">
    <A[0] "">
  >
  <L[6]
    <U4[1] 1029>
    <A[12] "SECS-IS-HSMS">
    <Boolean[1] 0x00>
    <Boolean[1] 0xFF>
    <Boolean[1] 0x01>
    <A[0] "">
  >
  <L[6]
    <U4[1] 1030>
    <A[14] "HSMS-IS-ACTIVE">
    <Boolean[1] 0x00>
    <Boolean[1] 0xFF>
    <Boolean[1] 0x00>
    <A[0] "">
  >
  <L[6]
    <U4[1] 1031>
    <A[13] "HSMS-LOCAL-IP">
    <A[1] " ">
    <A[1] "~">
    <A[7] "0.0.0.0">
    <A[0] "">
  >
  <L[6]
    <U4[1] 1032>
    <A[14] "HSMS-REMOTE-IP">
    <A[1] " ">
    <A[1] "~">
    <A[9] "127.0.0.1">
    <A[0] "">
  >
  <L[6]
    <U4[1] 1033>
    <A[9] "HSMS-PORT">
    <A[1] " ">
    <A[1] "~">
    <A[4] "5000">
    <A[0] "">
  >
  <L[6]
    <U4[1] 1034>
    <A[7] "HSMS-CA">
    <U2[1] 0>
    <U2[1] 65535>
    <U2[1] 0>
    <A[1] "s">
  >
  <L[6]
    <U4[1] 1035>
    <A[18] "ClockCompatibility">
    <U1[1] 0>
    <U1[1] 1>
    <U1[1] 0>
    <A[0] "">
  >
  <L[6]
    <U4[1] 1036>
    <A[8] "ClockUTC">
    <Boolean[1] 0x00>
    <Boolean[1] 0xFF>
    <Boolean[1] 0x01>
    <A[0] "">
  >
  <L[6]
    <U4[1] 2000>
    <A[11] "UseTimeSync">
    <Boolean[1] 0x00>
    <Boolean[1] 0xFF>
    <Boolean[1] 0x01>
    <A[0] "">
  >
>
.
17:56:59.462: Send S2F17(29763989).
00 01 82 11 00 00 01 C6 29 95 
S2F17 W
.
17:56:59.578: Receive S2F18(29763989).
00 01 02 12 00 00 01 C6 29 95   41 18 32 30 32 31 2D 31 31 2D   
30 38 54 30 39 3A 35 37 3A 32   36 2E 38 33 36 5A 
S2F18
<A[24] "2021-11-08T09:57:26.836Z">
.
17:57:31.012: Send S2F31(29763991).
00 01 82 1F 00 00 01 C6 29 97   41 18 32 30 32 31 2D 31 31 2D   
30 38 54 30 39 3A 35 37 3A 32   36 2E 38 33 36 4C 
S2F31 W
<A[24] "2021-11-08T09:57:26.836L">
.
17:57:31.191: Receive S9F7(29753384).
00 01 09 07 00 00 01 C6 00 28   21 0A 00 01 82 1F 00 00 01 C6   
29 97 
S9F7
<B[10] 0x00 0x01 0x82 0x1F 0x00 0x00 0x01 0xC6 0x29 0x97>
.
17:57:43.615: Send S2F17(29763992).
00 01 82 11 00 00 01 C6 29 98 
S2F17 W
.
17:57:43.871: Receive S2F18(29763992).
00 01 02 12 00 00 01 C6 29 98   41 18 32 30 32 31 2D 31 31 2D   
30 38 54 30 39 3A 35 38 3A 31   31 2E 30 37 36 5A 
S2F18
<A[24] "2021-11-08T09:58:11.076Z">
.
17:58:16.087: T3 Timeout(29763991).
17:58:34.281: Receive S6F11(29753385).
00 01 86 0B 00 00 01 C6 00 29   01 03 B1 04 00 00 00 25 B1 04   
00 00 C3 56 01 01 01 02 B1 04   00 00 00 0A 01 01 41 01 34 
S6F11 W
<L[3]
  <U4[1] 37>
  <U4[1] 50006>
  <L[1]
    <L[2]
      <U4[1] 10>
      <L[1]
        <A[1] "4">
      >
    >
  >
>
.
17:58:34.489: Send S6F12(29753385).
00 01 06 0C 00 00 01 C6 00 29   21 01 00 
S6F12
<B[1] 0x00>
.
17:58:34.719: Receive S6F11(29753386).
00 01 86 0B 00 00 01 C6 00 2A   01 03 B1 04 00 00 00 26 B1 04   
00 00 D6 DC 01 01 01 02 B1 04   00 00 00 2C 01 04 41 12 53 32   
5F 32 30 32 31 31 31 30 31 5F   31 32 30 36 32 31 41 01 30 41   
06 2D 6E 6F 6E 65 2D A9 02 00   01 
S6F11 W
<L[3]
  <U4[1] 38>
  <U4[1] 55004>
  <L[1]
    <L[2]
      <U4[1] 44>
      <L[4]
        <A[18] "S2_20211101_120621">
        <A[1] "0">
        <A[6] "-none-">
        <U2[1] 1>
      >
    >
  >
>
.
17:58:34.957: Send S6F12(29753386).
00 01 06 0C 00 00 01 C6 00 2A   21 01 00 
S6F12
<B[1] 0x00>
.
17:58:35.265: Receive S6F11(29753387).
00 01 86 0B 00 00 01 C6 00 2B   01 03 B1 04 00 00 00 27 B1 04   
00 00 C3 52 01 01 01 02 B1 04   00 00 00 0C 01 02 A9 02 00 06   
A9 02 00 05 
S6F11 W
<L[3]
  <U4[1] 39>
  <U4[1] 50002>
  <L[1]
    <L[2]
      <U4[1] 12>
      <L[2]
        <U2[1] 6>
        <U2[1] 5>
      >
    >
  >
>
.
17:58:35.468: Send S6F12(29753387).
00 01 06 0C 00 00 01 C6 00 2B   21 01 00 
S6F12
<B[1] 0x00>
.
17:58:35.700: Receive S6F11(29753388).
00 01 86 0B 00 00 01 C6 00 2C   01 03 B1 04 00 00 00 28 B1 04   
00 00 D6 E0 01 01 01 02 B1 04   00 00 00 18 01 02 A9 02 00 01   
A9 02 00 05 
S6F11 W
<L[3]
  <U4[1] 40>
  <U4[1] 55008>
  <L[1]
    <L[2]
      <U4[1] 24>
      <L[2]
        <U2[1] 1>
        <U2[1] 5>
      >
    >
  >
>
.
17:58:35.889: Send S6F12(29753388).
00 01 06 0C 00 00 01 C6 00 2C   21 01 00 
S6F12
<B[1] 0x00>
.
17:58:42.257: Send S2F33(29763998).
00 01 82 21 00 00 01 C6 29 9E   01 02 A5 01 00 01 01 01 02 B1   
04 00 00 1B 59 01 01 B1 04 00   00 00 0C 
S2F33 W
<L[2]
  <U1[1] 0>
  <L[1]
    <L[2]
      <U4[1] 7001>
      <L[1]
        <U4[1] 12>
      >
    >
  >
>
.
17:58:42.480: Receive S2F34(29763998).
00 01 02 22 00 00 01 C6 29 9E   21 01 00 
S2F34
<B[1] 0x00>
.
17:58:42.591: Receive S6F11(29753389).
00 01 86 0B 00 00 01 C6 00 2D   01 03 B1 04 00 00 00 29 B1 04   
00 00 C3 56 01 01 01 02 B1 04   00 00 00 0A 01 01 41 01 35 
S6F11 W
<L[3]
  <U4[1] 41>
  <U4[1] 50006>
  <L[1]
    <L[2]
      <U4[1] 10>
      <L[1]
        <A[1] "5">
      >
    >
  >
>
.
17:58:42.773: Send S6F12(29753389).
00 01 06 0C 00 00 01 C6 00 2D   21 01 00 
S6F12
<B[1] 0x00>
.
17:58:42.920: Receive S6F11(29753390).
00 01 86 0B 00 00 01 C6 00 2E   01 03 B1 04 00 00 00 2A B1 04   
00 00 D6 E0 01 01 01 02 B1 04   00 00 00 18 01 02 A9 02 00 06   
A9 02 00 01 
S6F11 W
<L[3]
  <U4[1] 42>
  <U4[1] 55008>
  <L[1]
    <L[2]
      <U4[1] 24>
      <L[2]
        <U2[1] 6>
        <U2[1] 1>
      >
    >
  >
>
.
17:58:43.131: Send S6F12(29753390).
00 01 06 0C 00 00 01 C6 00 2E   21 01 00 
S6F12
<B[1] 0x00>
.
17:58:43.357: Receive S6F11(29753391).
00 01 86 0B 00 00 01 C6 00 2F   01 03 B1 04 00 00 00 2B B1 04   
00 00 DA CF 01 01 01 02 B1 04   00 00 00 19 01 02 A9 02 00 04   
A9 02 00 03 
S6F11 W
<L[3]
  <U4[1] 43>
  <U4[1] 56015>
  <L[1]
    <L[2]
      <U4[1] 25>
      <L[2]
        <U2[1] 4>
        <U2[1] 3>
      >
    >
  >
>
.
17:58:43.549: Send S6F12(29753391).
00 01 06 0C 00 00 01 C6 00 2F   21 01 00 
S6F12
<B[1] 0x00>
.
17:58:44.126: Receive S6F11(29753392).
00 01 86 0B 00 00 01 C6 00 30   01 03 B1 04 00 00 00 2C B1 04   
00 00 D6 D9 01 00 
S6F11 W
<L[3]
  <U4[1] 44>
  <U4[1] 55001>
  <L[0]
  >
>
.
17:58:44.245: Send S6F12(29753392).
00 01 06 0C 00 00 01 C6 00 30   21 01 00 
S6F12
<B[1] 0x00>
.
17:58:44.453: Receive S6F11(29753393).
00 01 86 0B 00 00 01 C6 00 31   01 03 B1 04 00 00 00 2D B1 04   
00 00 DA C7 01 00 
S6F11 W
<L[3]
  <U4[1] 45>
  <U4[1] 56007>
  <L[0]
  >
>
.
17:58:44.584: Send S6F12(29753393).
00 01 06 0C 00 00 01 C6 00 31   21 01 00 
S6F12
<B[1] 0x00>
.
17:58:44.781: Receive S6F11(29753394).
00 01 86 0B 00 00 01 C6 00 32   01 03 B1 04 00 00 00 2E B1 04   
00 00 DA C5 01 00 
S6F11 W
<L[3]
  <U4[1] 46>
  <U4[1] 56005>
  <L[0]
  >
>
.
17:58:44.917: Send S6F12(29753394).
00 01 06 0C 00 00 01 C6 00 32   21 01 00 
S6F12
<B[1] 0x00>
.
17:58:45.108: Receive S6F11(29753395).
00 01 86 0B 00 00 01 C6 00 33   01 03 B1 04 00 00 00 2F B1 04   
00 00 D6 E0 01 01 01 02 B1 04   00 00 00 18 01 02 A9 02 00 01   
A9 02 00 06 
S6F11 W
<L[3]
  <U4[1] 47>
  <U4[1] 55008>
  <L[1]
    <L[2]
      <U4[1] 24>
      <L[2]
        <U2[1] 1>
        <U2[1] 6>
      >
    >
  >
>
.
17:58:45.291: Send S6F12(29753395).
00 01 06 0C 00 00 01 C6 00 33   21 01 00 
S6F12
<B[1] 0x00>
.
17:58:47.434: Send S2F33(29764006).
00 01 82 21 00 00 01 C6 29 A6   01 02 A5 01 00 01 01 01 02 B1   
04 00 00 1B 59 01 01 B1 04 00   00 00 0C 
S2F33 W
<L[2]
  <U1[1] 0>
  <L[1]
    <L[2]
      <U4[1] 7001>
      <L[1]
        <U4[1] 12>
      >
    >
  >
>
.
17:58:47.734: Receive S2F34(29764006).
00 01 02 22 00 00 01 C6 29 A6   21 01 03 
S2F34
<B[1] 0x03>
.
17:58:56.372: Receive S6F11(29753396).
00 01 86 0B 00 00 01 C6 00 34   01 03 B1 04 00 00 00 30 B1 04   
00 00 C3 52 01 01 01 02 B1 04   00 00 00 0C 01 02 A9 02 00 01   
A9 02 00 06 
S6F11 W
<L[3]
  <U4[1] 48>
  <U4[1] 50002>
  <L[1]
    <L[2]
      <U4[1] 12>
      <L[2]
        <U2[1] 1>
        <U2[1] 6>
      >
    >
  >
>
.
17:58:56.571: Send S6F12(29753396).
00 01 06 0C 00 00 01 C6 00 34   21 01 00 
S6F12
<B[1] 0x00>
.
17:58:56.636: Send S2F33(29764008).
00 01 82 21 00 00 01 C6 29 A8   01 02 A5 01 00 01 01 01 02 B1   
04 00 00 1B 59 01 00 
S2F33 W
<L[2]
  <U1[1] 0>
  <L[1]
    <L[2]
      <U4[1] 7001>
      <L[0]
      >
    >
  >
>
.
17:58:56.795: Receive S2F34(29764008).
00 01 02 22 00 00 01 C6 29 A8   21 01 00 
S2F34
<B[1] 0x00>
.
17:58:58.007: Receive S6F11(29753397).
00 01 86 0B 00 00 01 C6 00 35   01 03 B1 04 00 00 00 31 B1 04   
00 00 DA C3 01 00 
S6F11 W
<L[3]
  <U4[1] 49>
  <U4[1] 56003>
  <L[0]
  >
>
.
17:58:58.117: Send S6F12(29753397).
00 01 06 0C 00 00 01 C6 00 35   21 01 00 
S6F12
<B[1] 0x00>
.
17:58:58.336: Receive S6F11(29753398).
00 01 86 0B 00 00 01 C6 00 36   01 03 B1 04 00 00 00 32 B1 04   
00 00 D6 E0 01 01 01 02 B1 04   00 00 00 18 01 02 A9 02 00 09   
A9 02 00 01 
S6F11 W
<L[3]
  <U4[1] 50>
  <U4[1] 55008>
  <L[1]
    <L[2]
      <U4[1] 24>
      <L[2]
        <U2[1] 9>
        <U2[1] 1>
      >
    >
  >
>
.
17:58:58.533: Send S6F12(29753398).
00 01 06 0C 00 00 01 C6 00 36   21 01 00 
S6F12
<B[1] 0x00>
.
17:58:59.419: Receive S6F11(29753399).
00 01 86 0B 00 00 01 C6 00 37   01 03 B1 04 00 00 00 33 B1 04   
00 00 C3 56 01 01 01 02 B1 04   00 00 00 0A 01 01 41 01 34 
S6F11 W
<L[3]
  <U4[1] 51>
  <U4[1] 50006>
  <L[1]
    <L[2]
      <U4[1] 10>
      <L[1]
        <A[1] "4">
      >
    >
  >
>
.
17:58:59.615: Send S6F12(29753399).
00 01 06 0C 00 00 01 C6 00 37   21 01 00 
S6F12
<B[1] 0x00>
.
17:58:59.873: Receive S6F11(29753400).
00 01 86 0B 00 00 01 C6 00 38   01 03 B1 04 00 00 00 34 B1 04   
00 00 D6 E1 01 00 
S6F11 W
<L[3]
  <U4[1] 52>
  <U4[1] 55009>
  <L[0]
  >
>
.
17:59:00.011: Send S6F12(29753400).
00 01 06 0C 00 00 01 C6 00 38   21 01 00 
S6F12
<B[1] 0x00>
.
17:59:00.197: Receive S6F11(29753401).
00 01 86 0B 00 00 01 C6 00 39   01 03 B1 04 00 00 00 35 B1 04   
00 00 DA C8 01 00 
S6F11 W
<L[3]
  <U4[1] 53>
  <U4[1] 56008>
  <L[0]
  >
>
.
17:59:00.320: Send S6F12(29753401).
00 01 06 0C 00 00 01 C6 00 39   21 01 00 
S6F12
<B[1] 0x00>
.
17:59:00.634: Receive S6F11(29753402).
00 01 86 0B 00 00 01 C6 00 3A   01 03 B1 04 00 00 00 36 B1 04   
00 00 D6 E0 01 01 01 02 B1 04   00 00 00 18 01 02 A9 02 00 03   
A9 02 00 09 
S6F11 W
<L[3]
  <U4[1] 54>
  <U4[1] 55008>
  <L[1]
    <L[2]
      <U4[1] 24>
      <L[2]
        <U2[1] 3>
        <U2[1] 9>
      >
    >
  >
>
.
17:59:00.832: Send S6F12(29753402).
00 01 06 0C 00 00 01 C6 00 3A   21 01 00 
S6F12
<B[1] 0x00>
.
17:59:11.720: Send S2F33(29764015).
00 01 82 21 00 00 01 C6 29 AF   01 02 A5 01 00 01 01 01 02 B1   
04 00 00 1B 59 01 01 B1 04 00   00 00 0C 
S2F33 W
<L[2]
  <U1[1] 0>
  <L[1]
    <L[2]
      <U4[1] 7001>
      <L[1]
        <U4[1] 12>
      >
    >
  >
>
.
17:59:12.002: Receive S2F34(29764015).
00 01 02 22 00 00 01 C6 29 AF   21 01 00 
S2F34
<B[1] 0x00>
.
17:59:19.784: Send S2F35(29764016).
00 01 82 23 00 00 01 C6 29 B0   01 02 A5 01 00 01 01 01 02 B1   
04 00 00 00 65 01 01 B1 04 00   00 1B 59 
S2F35 W
<L[2]
  <U1[1] 0>
  <L[1]
    <L[2]
      <U4[1] 101>
      <L[1]
        <U4[1] 7001>
      >
    >
  >
>
.
17:59:19.978: Receive S2F36(29764016).
00 01 02 24 00 00 01 C6 29 B0   21 01 04 
S2F36
<B[1] 0x04>
.
18:00:05.208: Send S2F35(29764018).
00 01 82 23 00 00 01 C6 29 B2   01 02 A5 01 00 01 01 01 02 B1   
04 00 00 00 65 01 00 
S2F35 W
<L[2]
  <U1[1] 0>
  <L[1]
    <L[2]
      <U4[1] 101>
      <L[0]
      >
    >
  >
>
.
18:00:05.478: Receive S2F36(29764018).
00 01 02 24 00 00 01 C6 29 B2   21 01 04 
S2F36
<B[1] 0x04>
.
18:00:23.365: Send S2F35(29764020).
00 01 82 23 00 00 01 C6 29 B4   01 02 A5 01 00 01 01 01 02 B1   
04 00 00 00 65 01 01 B1 04 00   00 1B 59 
S2F35 W
<L[2]
  <U1[1] 0>
  <L[1]
    <L[2]
      <U4[1] 101>
      <L[1]
        <U4[1] 7001>
      >
    >
  >
>
.
18:00:23.561: Receive S2F36(29764020).
00 01 02 24 00 00 01 C6 29 B4   21 01 04 
S2F36
<B[1] 0x04>
.
18:00:29.398: Send S2F33(29764021).
00 01 82 21 00 00 01 C6 29 B5   01 02 A5 01 00 01 01 01 02 B1   
04 00 00 1B 59 01 01 B1 04 00   00 00 0C 
S2F33 W
<L[2]
  <U1[1] 0>
  <L[1]
    <L[2]
      <U4[1] 7001>
      <L[1]
        <U4[1] 12>
      >
    >
  >
>
.
18:00:29.640: Receive S2F34(29764021).
00 01 02 22 00 00 01 C6 29 B5   21 01 03 
S2F34
<B[1] 0x03>
.
18:00:36.319: Send S2F37(29764022).
00 01 82 25 00 00 01 C6 29 B6   01 02 25 01 01 01 02 B1 04 00   
00 00 65 B1 04 00 00 00 66 
S2F37 W
<L[2]
  <Boolean[1] 0x01>
  <L[2]
    <U4[1] 101>
    <U4[1] 102>
  >
>
.
18:00:36.535: Receive S2F38(29764022).
00 01 02 26 00 00 01 C6 29 B6   21 01 01 
S2F38
<B[1] 0x01>
.
18:00:39.381: Send S2F37(29764023).
00 01 82 25 00 00 01 C6 29 B7   01 02 25 01 00 01 01 B1 04 00   
00 00 65 
S2F37 W
<L[2]
  <Boolean[1] 0x00>
  <L[1]
    <U4[1] 101>
  >
>
.
18:00:39.596: Receive S2F38(29764023).
00 01 02 26 00 00 01 C6 29 B7   21 01 01 
S2F38
<B[1] 0x01>
.
18:00:50.260: Send S2F33(29764024).
00 01 82 21 00 00 01 C6 29 B8   01 02 A5 01 00 01 01 01 02 B1   
04 00 00 1B 59 01 00 
S2F33 W
<L[2]
  <U1[1] 0>
  <L[1]
    <L[2]
      <U4[1] 7001>
      <L[0]
      >
    >
  >
>
.
18:00:50.438: Receive S2F34(29764024).
00 01 02 22 00 00 01 C6 29 B8   21 01 00 
S2F34
<B[1] 0x00>
.
18:01:04.936: Send S2F33(29764025).
00 01 82 21 00 00 01 C6 29 B9   01 02 A5 01 00 01 01 01 02 B1   
04 00 00 1B 59 01 01 B1 04 00   00 00 0C 
S2F33 W
<L[2]
  <U1[1] 0>
  <L[1]
    <L[2]
      <U4[1] 7001>
      <L[1]
        <U4[1] 12>
      >
    >
  >
>
.
18:01:05.175: Receive S2F34(29764025).
00 01 02 22 00 00 01 C6 29 B9   21 01 00 
S2F34
<B[1] 0x00>
.
18:01:12.723: Send S2F35(29764026).
00 01 82 23 00 00 01 C6 29 BA   01 02 A5 01 00 01 01 01 02 B1   
04 00 00 00 65 01 01 B1 04 00   00 1B 59 
S2F35 W
<L[2]
  <U1[1] 0>
  <L[1]
    <L[2]
      <U4[1] 101>
      <L[1]
        <U4[1] 7001>
      >
    >
  >
>
.
18:01:12.941: Receive S2F36(29764026).
00 01 02 24 00 00 01 C6 29 BA   21 01 04 
S2F36
<B[1] 0x04>
.
18:01:57.780: Receive S6F11(29753403).
00 01 86 0B 00 00 01 C6 00 3B   01 03 B1 04 00 00 00 37 B1 04   
00 00 DA C6 01 00 
S6F11 W
<L[3]
  <U4[1] 55>
  <U4[1] 56006>
  <L[0]
  >
>
.
18:01:57.898: Send S6F12(29753403).
00 01 06 0C 00 00 01 C6 00 3B   21 01 00 
S6F12
<B[1] 0x00>
.
18:02:01.089: Send S2F35(29764029).
00 01 82 23 00 00 01 C6 29 BD   01 02 A5 01 00 01 01 01 02 B1   
04 00 00 00 CA 01 01 B1 04 00   00 1B 59 
S2F35 W
<L[2]
  <U1[1] 0>
  <L[1]
    <L[2]
      <U4[1] 202>
      <L[1]
        <U4[1] 7001>
      >
    >
  >
>
.
18:02:01.280: Receive S2F36(29764029).
00 01 02 24 00 00 01 C6 29 BD   21 01 03 
S2F36
<B[1] 0x03>
.
18:02:11.111: Receive S6F11(29753404).
00 01 86 0B 00 00 01 C6 00 3C   01 03 B1 04 00 00 00 38 B1 04   
00 00 DA C2 01 00 
S6F11 W
<L[3]
  <U4[1] 56>
  <U4[1] 56002>
  <L[0]
  >
>
.
18:02:11.231: Send S6F12(29753404).
00 01 06 0C 00 00 01 C6 00 3C   21 01 00 
S6F12
<B[1] 0x00>
.
18:02:11.436: Receive S6F11(29753405).
00 01 86 0B 00 00 01 C6 00 3D   01 03 B1 04 00 00 00 39 B1 04   
00 00 DA C4 01 00 
S6F11 W
<L[3]
  <U4[1] 57>
  <U4[1] 56004>
  <L[0]
  >
>
.
18:02:11.567: Send S6F12(29753405).
00 01 06 0C 00 00 01 C6 00 3D   21 01 00 
S6F12
<B[1] 0x00>
.
18:02:11.765: Receive S6F11(29753406).
00 01 86 0B 00 00 01 C6 00 3E   01 03 B1 04 00 00 00 3A B1 04   
00 00 DA CF 01 01 01 02 B1 04   00 00 00 19 01 02 A9 02 00 03   
A9 02 00 04 
S6F11 W
<L[3]
  <U4[1] 58>
  <U4[1] 56015>
  <L[1]
    <L[2]
      <U4[1] 25>
      <L[2]
        <U2[1] 3>
        <U2[1] 4>
      >
    >
  >
>
.
18:02:11.976: Send S6F12(29753406).
00 01 06 0C 00 00 01 C6 00 3E   21 01 00 
S6F12
<B[1] 0x00>
.
18:02:45.148: Send S2F35(29764034).
00 01 82 23 00 00 01 C6 29 C2   01 02 A5 01 00 01 01 01 02 B1   
04 00 00 00 CA 01 00 
S2F35 W
<L[2]
  <U1[1] 0>
  <L[1]
    <L[2]
      <U4[1] 202>
      <L[0]
      >
    >
  >
>
.
18:02:45.452: Receive S2F36(29764034).
00 01 02 24 00 00 01 C6 29 C2   21 01 00 
S2F36
<B[1] 0x00>
.
18:02:59.269: Send S2F35(29764035).
00 01 82 23 00 00 01 C6 29 C3   01 02 A5 01 00 01 01 01 02 B1   
04 00 00 00 CA 01 01 B1 04 00   00 1B 59 
S2F35 W
<L[2]
  <U1[1] 0>
  <L[1]
    <L[2]
      <U4[1] 202>
      <L[1]
        <U4[1] 7001>
      >
    >
  >
>
.
18:02:59.556: Receive S2F36(29764035).
00 01 02 24 00 00 01 C6 29 C3   21 01 00 
S2F36
<B[1] 0x00>
.
18:03:18.446: Send S2F37(29764036).
00 01 82 25 00 00 01 C6 29 C4   01 02 25 01 01 01 01 B1 04 00   
00 00 CA 
S2F37 W
<L[2]
  <Boolean[1] 0x01>
  <L[1]
    <U4[1] 202>
  >
>
.
18:03:18.693: Receive S2F38(29764036).
00 01 02 26 00 00 01 C6 29 C4   21 01 00 
S2F38
<B[1] 0x00>
.
18:03:22.260: Send S2F37(29764038).
00 01 82 25 00 00 01 C6 29 C6   01 02 25 01 01 01 01 B1 04 00   
00 00 CA 
S2F37 W
<L[2]
  <Boolean[1] 0x01>
  <L[1]
    <U4[1] 202>
  >
>
.
18:03:22.525: Receive S2F38(29764038).
00 01 02 26 00 00 01 C6 29 C6   21 01 00 
S2F38
<B[1] 0x00>
.
18:03:46.135: Receive S6F11(29753407).
00 01 86 0B 00 00 01 C6 00 3F   01 03 B1 04 00 00 00 3B B1 04   
00 00 C7 3B 01 00 
S6F11 W
<L[3]
  <U4[1] 59>
  <U4[1] 51003>
  <L[0]
  >
>
.
18:03:46.255: Send S6F12(29753407).
00 01 06 0C 00 00 01 C6 00 3F   21 01 00 
S6F12
<B[1] 0x00>
.
18:03:52.023: Send S6F15(29764040).
00 01 86 0F 00 00 01 C6 29 C8   B1 04 00 00 00 CA 
S6F15 W
<U4[1] 202>
.
18:03:52.253: Receive S6F16(29764040).
00 01 06 10 00 00 01 C6 29 C8   01 03 B1 04 00 00 00 3C B1 04   
00 00 00 CA 01 01 01 02 B1 04   00 00 1B 59 01 01 41 18 32 30   
32 31 2D 31 31 2D 30 38 54 31   30 3A 30 34 3A 31 39 2E 34 39   
30 5A 
S6F16
<L[3]
  <U4[1] 60>
  <U4[1] 202>
  <L[1]
    <L[2]
      <U4[1] 7001>
      <L[1]
        <A[24] "2021-11-08T10:04:19.490Z">
      >
    >
  >
>
.
18:04:01.800: Send S2F37(29764041).
00 01 82 25 00 00 01 C6 29 C9   01 02 25 01 00 01 01 B1 04 00   
00 00 65 
S2F37 W
<L[2]
  <Boolean[1] 0x00>
  <L[1]
    <U4[1] 101>
  >
>
.
18:04:01.994: Receive S2F38(29764041).
00 01 02 26 00 00 01 C6 29 C9   21 01 01 
S2F38
<B[1] 0x01>
.
18:04:05.424: Send S2F37(29764042).
00 01 82 25 00 00 01 C6 29 CA   01 02 25 01 01 01 01 B1 04 00   
00 00 CA 
S2F37 W
<L[2]
  <Boolean[1] 0x01>
  <L[1]
    <U4[1] 202>
  >
>
.
18:04:05.594: Receive S2F38(29764042).
00 01 02 26 00 00 01 C6 29 CA   21 01 00 
S2F38
<B[1] 0x00>
.
18:04:09.102: Send S6F15(29764043).
00 01 86 0F 00 00 01 C6 29 CB   B1 04 00 00 00 CA 
S6F15 W
<U4[1] 202>
.
18:04:09.425: Receive S6F16(29764043).
00 01 06 10 00 00 01 C6 29 CB   01 03 B1 04 00 00 00 3D B1 04   
00 00 00 CA 01 01 01 02 B1 04   00 00 1B 59 01 01 41 18 32 30   
32 31 2D 31 31 2D 30 38 54 31   30 3A 30 34 3A 33 36 2E 36 31   
31 5A 
S6F16
<L[3]
  <U4[1] 61>
  <U4[1] 202>
  <L[1]
    <L[2]
      <U4[1] 7001>
      <L[1]
        <A[24] "2021-11-08T10:04:36.611Z">
      >
    >
  >
>
.
18:04:48.262: Send S6F15(29764045).
00 01 86 0F 00 00 01 C6 29 CD   B1 04 00 00 00 CA 
S6F15 W
<U4[1] 202>
.
18:04:48.472: Receive S6F16(29764045).
00 01 06 10 00 00 01 C6 29 CD   01 03 B1 04 00 00 00 3E B1 04   
00 00 00 CA 01 01 01 02 B1 04   00 00 1B 59 01 01 41 18 32 30   
32 31 2D 31 31 2D 30 38 54 31   30 3A 30 35 3A 31 35 2E 37 32   
36 5A 
S6F16
<L[3]
  <U4[1] 62>
  <U4[1] 202>
  <L[1]
    <L[2]
      <U4[1] 7001>
      <L[1]
        <A[24] "2021-11-08T10:05:15.726Z">
      >
    >
  >
>
.
18:05:02.721: Send S2F35(29764046).
00 01 82 23 00 00 01 C6 29 CE   01 02 A5 01 00 01 01 01 02 B1   
04 00 00 00 CA 01 00 
S2F35 W
<L[2]
  <U1[1] 0>
  <L[1]
    <L[2]
      <U4[1] 202>
      <L[0]
      >
    >
  >
>
.
18:05:03.005: Receive S2F36(29764046).
00 01 02 24 00 00 01 C6 29 CE   21 01 00 
S2F36
<B[1] 0x00>
.
18:05:05.650: Send S2F33(29764047).
00 01 82 21 00 00 01 C6 29 CF   01 02 A5 01 00 01 01 01 02 B1   
04 00 00 1B 59 01 01 B1 04 00   00 00 0C 
S2F33 W
<L[2]
  <U1[1] 0>
  <L[1]
    <L[2]
      <U4[1] 7001>
      <L[1]
        <U4[1] 12>
      >
    >
  >
>
.
18:05:05.847: Receive S2F34(29764047).
00 01 02 22 00 00 01 C6 29 CF   21 01 03 
S2F34
<B[1] 0x03>
.
18:05:18.306: Send S2F33(29764048).
00 01 82 21 00 00 01 C6 29 D0   01 02 A5 01 00 01 01 01 02 B1   
04 00 00 1B 59 01 00 
S2F33 W
<L[2]
  <U1[1] 0>
  <L[1]
    <L[2]
      <U4[1] 7001>
      <L[0]
      >
    >
  >
>
.
18:05:18.534: Receive S2F34(29764048).
00 01 02 22 00 00 01 C6 29 D0   21 01 00 
S2F34
<B[1] 0x00>
.
18:05:20.750: Send S2F33(29764050).
00 01 82 21 00 00 01 C6 29 D2   01 02 A5 01 00 01 01 01 02 B1   
04 00 00 1B 59 01 00 
S2F33 W
<L[2]
  <U1[1] 0>
  <L[1]
    <L[2]
      <U4[1] 7001>
      <L[0]
      >
    >
  >
>
.
18:05:20.939: Receive S2F34(29764050).
00 01 02 22 00 00 01 C6 29 D2   21 01 00 
S2F34
<B[1] 0x00>
.
18:05:30.988: Send S6F15(29764051).
00 01 86 0F 00 00 01 C6 29 D3   B1 04 00 00 00 CA 
S6F15 W
<U4[1] 202>
.
18:05:31.222: Receive S6F16(29764051).
00 01 06 10 00 00 01 C6 29 D3   01 03 B1 04 00 00 00 3F B1 04   
00 00 00 CA 01 00 
S6F16
<L[3]
  <U4[1] 63>
  <U4[1] 202>
  <L[0]
  >
>
.
18:06:52.941: Send S5F5(29764053).
00 01 85 05 00 00 01 C6 29 D5 
S5F5 W
.
Remote Server Disconnected!
HSMS Communication Disconnected!
HSMS Communication Disconnected!
SECS Emulator v1.5  2001/09/05
HSMS Communication Started!
HSMS Communication Disconnected!
SECS Emulator v1.5  2001/09/05
HSMS Communication Started!
HSMS Communication Disconnected!
SECS Emulator v1.5  2001/09/05
HSMS Communication Started!
HSMS Communication Disconnected!
SECS Emulator v1.5  2001/09/05
HSMS Communication Started!
HSMS Communication Disconnected!
